[0.100s] Invoking command in '/home/hnt/ldlidar_ros2_ws/build/ldlidar_stl_ros2': CMAKE_PREFIX_PATH=${CMAKE_PREFIX_PATH}:/opt/ros/foxy /usr/bin/cmake --build /home/hnt/ldlidar_ros2_ws/build/ldlidar_stl_ros2 -- -j4 -l4
[0.395s] [35m[1mScanning dependencies of target ldlidar_stl_ros2_node[0m
[0.543s] [ 12%] [32mBuilding CXX object CMakeFiles/ldlidar_stl_ros2_node.dir/src/demo.cpp.o[0m
[5.948s] [01m[K/home/hnt/ldlidar_ros2_ws/src/ldlidar_stl_ros2/src/demo.cpp:[m[K In function ‘[01m[Kint main(int, char**)[m[K’:
[5.952s] [01m[K/home/hnt/ldlidar_ros2_ws/src/ldlidar_stl_ros2/src/demo.cpp:124:25:[m[K [01;31m[Kerror: [m[Kno match for ‘[01m[Koperator<<[m[K’ (operand types are ‘[01m[Kstd::basic_ostream<char>[m[K’ and ‘[01m[Kldlidar::Points2D[m[K’ {aka ‘[01m[Kstd::vector<ldlidar::PointData>[m[K’})
[5.955s]          [01;31m[Kcout << "conga" <<laser_scan_points[m[K;
[5.956s]          [01;31m[K~~~~~~~~~~~~~~~~^~~~~~~~~~~~~~~~~~~[m[K
[5.956s] In file included from [01m[K/usr/include/c++/8/iostream:39[m[K,
[5.957s]                  from [01m[K/opt/ros/foxy/include/rclcpp/executor.hpp:22[m[K,
[5.957s]                  from [01m[K/opt/ros/foxy/include/rclcpp/executors/multi_threaded_executor.hpp:26[m[K,
[5.957s]                  from [01m[K/opt/ros/foxy/include/rclcpp/executors.hpp:21[m[K,
[5.958s]                  from [01m[K/opt/ros/foxy/include/rclcpp/rclcpp.hpp:146[m[K,
[5.958s]                  from [01m[K/home/hnt/ldlidar_ros2_ws/src/ldlidar_stl_ros2/include/ros2_api.h:24[m[K,
[5.958s]                  from [01m[K/home/hnt/ldlidar_ros2_ws/src/ldlidar_stl_ros2/src/demo.cpp:22[m[K:
[5.959s] [01m[K/usr/include/c++/8/ostream:108:7:[m[K [01;36m[Knote: [m[Kcandidate: ‘[01m[Kstd::basic_ostream<_CharT, _Traits>::__ostream_type& std::basic_ostream<_CharT, _Traits>::operator<<(std::basic_ostream<_CharT, _Traits>::__ostream_type& (*)(std::basic_ostream<_CharT, _Traits>::__ostream_type&)) [with _CharT = char; _Traits = std::char_traits<char>; std::basic_ostream<_CharT, _Traits>::__ostream_type = std::basic_ostream<char>][m[K’
[5.959s]        [01;36m[Koperator[m[K<<(__ostream_type& (*__pf)(__ostream_type&))
[5.959s]        [01;36m[K^~~~~~~~[m[K
[5.960s] [01m[K/usr/include/c++/8/ostream:108:7:[m[K [01;36m[Knote: [m[K  no known conversion for argument 1 from ‘[01m[Kldlidar::Points2D[m[K’ {aka ‘[01m[Kstd::vector<ldlidar::PointData>[m[K’} to ‘[01m[Kstd::basic_ostream<char>::__ostream_type& (*)(std::basic_ostream<char>::__ostream_type&)[m[K’ {aka ‘[01m[Kstd::basic_ostream<char>& (*)(std::basic_ostream<char>&)[m[K’}
[5.960s] [01m[K/usr/include/c++/8/ostream:117:7:[m[K [01;36m[Knote: [m[Kcandidate: ‘[01m[Kstd::basic_ostream<_CharT, _Traits>::__ostream_type& std::basic_ostream<_CharT, _Traits>::operator<<(std::basic_ostream<_CharT, _Traits>::__ios_type& (*)(std::basic_ostream<_CharT, _Traits>::__ios_type&)) [with _CharT = char; _Traits = std::char_traits<char>; std::basic_ostream<_CharT, _Traits>::__ostream_type = std::basic_ostream<char>; std::basic_ostream<_CharT, _Traits>::__ios_type = std::basic_ios<char>][m[K’
[5.961s]        [01;36m[Koperator[m[K<<(__ios_type& (*__pf)(__ios_type&))
[5.961s]        [01;36m[K^~~~~~~~[m[K
[5.961s] [01m[K/usr/include/c++/8/ostream:117:7:[m[K [01;36m[Knote: [m[K  no known conversion for argument 1 from ‘[01m[Kldlidar::Points2D[m[K’ {aka ‘[01m[Kstd::vector<ldlidar::PointData>[m[K’} to ‘[01m[Kstd::basic_ostream<char>::__ios_type& (*)(std::basic_ostream<char>::__ios_type&)[m[K’ {aka ‘[01m[Kstd::basic_ios<char>& (*)(std::basic_ios<char>&)[m[K’}
[5.962s] [01m[K/usr/include/c++/8/ostream:127:7:[m[K [01;36m[Knote: [m[Kcandidate: ‘[01m[Kstd::basic_ostream<_CharT, _Traits>::__ostream_type& std::basic_ostream<_CharT, _Traits>::operator<<(std::ios_base& (*)(std::ios_base&)) [with _CharT = char; _Traits = std::char_traits<char>; std::basic_ostream<_CharT, _Traits>::__ostream_type = std::basic_ostream<char>][m[K’
[5.962s]        [01;36m[Koperator[m[K<<(ios_base& (*__pf) (ios_base&))
[5.963s]        [01;36m[K^~~~~~~~[m[K
[5.963s] [01m[K/usr/include/c++/8/ostream:127:7:[m[K [01;36m[Knote: [m[K  no known conversion for argument 1 from ‘[01m[Kldlidar::Points2D[m[K’ {aka ‘[01m[Kstd::vector<ldlidar::PointData>[m[K’} to ‘[01m[Kstd::ios_base& (*)(std::ios_base&)[m[K’
[5.963s] [01m[K/usr/include/c++/8/ostream:166:7:[m[K [01;36m[Knote: [m[Kcandidate: ‘[01m[Kstd::basic_ostream<_CharT, _Traits>::__ostream_type& std::basic_ostream<_CharT, _Traits>::operator<<(long int) [with _CharT = char; _Traits = std::char_traits<char>; std::basic_ostream<_CharT, _Traits>::__ostream_type = std::basic_ostream<char>][m[K’
[5.964s]        [01;36m[Koperator[m[K<<(long __n)
[5.964s]        [01;36m[K^~~~~~~~[m[K
[5.965s] [01m[K/usr/include/c++/8/ostream:166:7:[m[K [01;36m[Knote: [m[K  no known conversion for argument 1 from ‘[01m[Kldlidar::Points2D[m[K’ {aka ‘[01m[Kstd::vector<ldlidar::PointData>[m[K’} to ‘[01m[Klong int[m[K’
[5.965s] [01m[K/usr/include/c++/8/ostream:170:7:[m[K [01;36m[Knote: [m[Kcandidate: ‘[01m[Kstd::basic_ostream<_CharT, _Traits>::__ostream_type& std::basic_ostream<_CharT, _Traits>::operator<<(long unsigned int) [with _CharT = char; _Traits = std::char_traits<char>; std::basic_ostream<_CharT, _Traits>::__ostream_type = std::basic_ostream<char>][m[K’
[5.966s]        [01;36m[Koperator[m[K<<(unsigned long __n)
[5.966s]        [01;36m[K^~~~~~~~[m[K
[5.966s] [01m[K/usr/include/c++/8/ostream:170:7:[m[K [01;36m[Knote: [m[K  no known conversion for argument 1 from ‘[01m[Kldlidar::Points2D[m[K’ {aka ‘[01m[Kstd::vector<ldlidar::PointData>[m[K’} to ‘[01m[Klong unsigned int[m[K’
[5.967s] [01m[K/usr/include/c++/8/ostream:174:7:[m[K [01;36m[Knote: [m[Kcandidate: ‘[01m[Kstd::basic_ostream<_CharT, _Traits>::__ostream_type& std::basic_ostream<_CharT, _Traits>::operator<<(bool) [with _CharT = char; _Traits = std::char_traits<char>; std::basic_ostream<_CharT, _Traits>::__ostream_type = std::basic_ostream<char>][m[K’
[5.967s]        [01;36m[Koperator[m[K<<(bool __n)
[5.967s]        [01;36m[K^~~~~~~~[m[K
[5.968s] [01m[K/usr/include/c++/8/ostream:174:7:[m[K [01;36m[Knote: [m[K  no known conversion for argument 1 from ‘[01m[Kldlidar::Points2D[m[K’ {aka ‘[01m[Kstd::vector<ldlidar::PointData>[m[K’} to ‘[01m[Kbool[m[K’
[5.968s] In file included from [01m[K/usr/include/c++/8/ostream:696[m[K,
[5.969s]                  from [01m[K/usr/include/c++/8/iostream:39[m[K,
[5.969s]                  from [01m[K/opt/ros/foxy/include/rclcpp/executor.hpp:22[m[K,
[5.969s]                  from [01m[K/opt/ros/foxy/include/rclcpp/executors/multi_threaded_executor.hpp:26[m[K,
[5.970s]                  from [01m[K/opt/ros/foxy/include/rclcpp/executors.hpp:21[m[K,
[5.970s]                  from [01m[K/opt/ros/foxy/include/rclcpp/rclcpp.hpp:146[m[K,
[5.970s]                  from [01m[K/home/hnt/ldlidar_ros2_ws/src/ldlidar_stl_ros2/include/ros2_api.h:24[m[K,
[5.971s]                  from [01m[K/home/hnt/ldlidar_ros2_ws/src/ldlidar_stl_ros2/src/demo.cpp:22[m[K:
[5.971s] [01m[K/usr/include/c++/8/bits/ostream.tcc:91:5:[m[K [01;36m[Knote: [m[Kcandidate: ‘[01m[Kstd::basic_ostream<_CharT, _Traits>& std::basic_ostream<_CharT, _Traits>::operator<<(short int) [with _CharT = char; _Traits = std::char_traits<char>][m[K’
[5.971s]      [01;36m[Kbasic_ostream<_CharT, _Traits>[m[K::
[5.972s]      [01;36m[K^~~~~~~~~~~~~~~~~~~~~~~~~~~~~~[m[K
[5.973s] [01m[K/usr/include/c++/8/bits/ostream.tcc:91:5:[m[K [01;36m[Knote: [m[K  no known conversion for argument 1 from ‘[01m[Kldlidar::Points2D[m[K’ {aka ‘[01m[Kstd::vector<ldlidar::PointData>[m[K’} to ‘[01m[Kshort int[m[K’
[5.973s] In file included from [01m[K/usr/include/c++/8/iostream:39[m[K,
[5.974s]                  from [01m[K/opt/ros/foxy/include/rclcpp/executor.hpp:22[m[K,
[5.974s]                  from [01m[K/opt/ros/foxy/include/rclcpp/executors/multi_threaded_executor.hpp:26[m[K,
[5.974s]                  from [01m[K/opt/ros/foxy/include/rclcpp/executors.hpp:21[m[K,
[5.975s]                  from [01m[K/opt/ros/foxy/include/rclcpp/rclcpp.hpp:146[m[K,
[5.975s]                  from [01m[K/home/hnt/ldlidar_ros2_ws/src/ldlidar_stl_ros2/include/ros2_api.h:24[m[K,
[5.976s]                  from [01m[K/home/hnt/ldlidar_ros2_ws/src/ldlidar_stl_ros2/src/demo.cpp:22[m[K:
[5.976s] [01m[K/usr/include/c++/8/ostream:181:7:[m[K [01;36m[Knote: [m[Kcandidate: ‘[01m[Kstd::basic_ostream<_CharT, _Traits>::__ostream_type& std::basic_ostream<_CharT, _Traits>::operator<<(short unsigned int) [with _CharT = char; _Traits = std::char_traits<char>; std::basic_ostream<_CharT, _Traits>::__ostream_type = std::basic_ostream<char>][m[K’
[5.976s]        [01;36m[Koperator[m[K<<(unsigned short __n)
[5.977s]        [01;36m[K^~~~~~~~[m[K
[5.977s] [01m[K/usr/include/c++/8/ostream:181:7:[m[K [01;36m[Knote: [m[K  no known conversion for argument 1 from ‘[01m[Kldlidar::Points2D[m[K’ {aka ‘[01m[Kstd::vector<ldlidar::PointData>[m[K’} to ‘[01m[Kshort unsigned int[m[K’
[5.978s] In file included from [01m[K/usr/include/c++/8/ostream:696[m[K,
[5.978s]                  from [01m[K/usr/include/c++/8/iostream:39[m[K,
[5.979s]                  from [01m[K/opt/ros/foxy/include/rclcpp/executor.hpp:22[m[K,
[5.979s]                  from [01m[K/opt/ros/foxy/include/rclcpp/executors/multi_threaded_executor.hpp:26[m[K,
[5.980s]                  from [01m[K/opt/ros/foxy/include/rclcpp/executors.hpp:21[m[K,
[5.981s]                  from [01m[K/opt/ros/foxy/include/rclcpp/rclcpp.hpp:146[m[K,
[5.981s]                  from [01m[K/home/hnt/ldlidar_ros2_ws/src/ldlidar_stl_ros2/include/ros2_api.h:24[m[K,
[5.981s]                  from [01m[K/home/hnt/ldlidar_ros2_ws/src/ldlidar_stl_ros2/src/demo.cpp:22[m[K:
[5.982s] [01m[K/usr/include/c++/8/bits/ostream.tcc:105:5:[m[K [01;36m[Knote: [m[Kcandidate: ‘[01m[Kstd::basic_ostream<_CharT, _Traits>& std::basic_ostream<_CharT, _Traits>::operator<<(int) [with _CharT = char; _Traits = std::char_traits<char>][m[K’
[5.982s]      [01;36m[Kbasic_ostream<_CharT, _Traits>[m[K::
[5.983s]      [01;36m[K^~~~~~~~~~~~~~~~~~~~~~~~~~~~~~[m[K
[5.983s] [01m[K/usr/include/c++/8/bits/ostream.tcc:105:5:[m[K [01;36m[Knote: [m[K  no known conversion for argument 1 from ‘[01m[Kldlidar::Points2D[m[K’ {aka ‘[01m[Kstd::vector<ldlidar::PointData>[m[K’} to ‘[01m[Kint[m[K’
[5.983s] In file included from [01m[K/usr/include/c++/8/iostream:39[m[K,
[5.984s]                  from [01m[K/opt/ros/foxy/include/rclcpp/executor.hpp:22[m[K,
[5.984s]                  from [01m[K/opt/ros/foxy/include/rclcpp/executors/multi_threaded_executor.hpp:26[m[K,
[5.984s]                  from [01m[K/opt/ros/foxy/include/rclcpp/executors.hpp:21[m[K,
[5.985s]                  from [01m[K/opt/ros/foxy/include/rclcpp/rclcpp.hpp:146[m[K,
[5.985s]                  from [01m[K/home/hnt/ldlidar_ros2_ws/src/ldlidar_stl_ros2/include/ros2_api.h:24[m[K,
[5.986s]                  from [01m[K/home/hnt/ldlidar_ros2_ws/src/ldlidar_stl_ros2/src/demo.cpp:22[m[K:
[5.986s] [01m[K/usr/include/c++/8/ostream:192:7:[m[K [01;36m[Knote: [m[Kcandidate: ‘[01m[Kstd::basic_ostream<_CharT, _Traits>::__ostream_type& std::basic_ostream<_CharT, _Traits>::operator<<(unsigned int) [with _CharT = char; _Traits = std::char_traits<char>; std::basic_ostream<_CharT, _Traits>::__ostream_type = std::basic_ostream<char>][m[K’
[5.986s]        [01;36m[Koperator[m[K<<(unsigned int __n)
[5.987s]        [01;36m[K^~~~~~~~[m[K
[5.987s] [01m[K/usr/include/c++/8/ostream:192:7:[m[K [01;36m[Knote: [m[K  no known conversion for argument 1 from ‘[01m[Kldlidar::Points2D[m[K’ {aka ‘[01m[Kstd::vector<ldlidar::PointData>[m[K’} to ‘[01m[Kunsigned int[m[K’
[5.987s] [01m[K/usr/include/c++/8/ostream:201:7:[m[K [01;36m[Knote: [m[Kcandidate: ‘[01m[Kstd::basic_ostream<_CharT, _Traits>::__ostream_type& std::basic_ostream<_CharT, _Traits>::operator<<(long long int) [with _CharT = char; _Traits = std::char_traits<char>; std::basic_ostream<_CharT, _Traits>::__ostream_type = std::basic_ostream<char>][m[K’
[5.988s]        [01;36m[Koperator[m[K<<(long long __n)
[5.988s]        [01;36m[K^~~~~~~~[m[K
[5.989s] [01m[K/usr/include/c++/8/ostream:201:7:[m[K [01;36m[Knote: [m[K  no known conversion for argument 1 from ‘[01m[Kldlidar::Points2D[m[K’ {aka ‘[01m[Kstd::vector<ldlidar::PointData>[m[K’} to ‘[01m[Klong long int[m[K’
[5.989s] [01m[K/usr/include/c++/8/ostream:205:7:[m[K [01;36m[Knote: [m[Kcandidate: ‘[01m[Kstd::basic_ostream<_CharT, _Traits>::__ostream_type& std::basic_ostream<_CharT, _Traits>::operator<<(long long unsigned int) [with _CharT = char; _Traits = std::char_traits<char>; std::basic_ostream<_CharT, _Traits>::__ostream_type = std::basic_ostream<char>][m[K’
[5.990s]        [01;36m[Koperator[m[K<<(unsigned long long __n)
[5.990s]        [01;36m[K^~~~~~~~[m[K
[5.990s] [01m[K/usr/include/c++/8/ostream:205:7:[m[K [01;36m[Knote: [m[K  no known conversion for argument 1 from ‘[01m[Kldlidar::Points2D[m[K’ {aka ‘[01m[Kstd::vector<ldlidar::PointData>[m[K’} to ‘[01m[Klong long unsigned int[m[K’
[5.991s] [01m[K/usr/include/c++/8/ostream:220:7:[m[K [01;36m[Knote: [m[Kcandidate: ‘[01m[Kstd::basic_ostream<_CharT, _Traits>::__ostream_type& std::basic_ostream<_CharT, _Traits>::operator<<(double) [with _CharT = char; _Traits = std::char_traits<char>; std::basic_ostream<_CharT, _Traits>::__ostream_type = std::basic_ostream<char>][m[K’
[5.991s]        [01;36m[Koperator[m[K<<(double __f)
[5.991s]        [01;36m[K^~~~~~~~[m[K
[5.992s] [01m[K/usr/include/c++/8/ostream:220:7:[m[K [01;36m[Knote: [m[K  no known conversion for argument 1 from ‘[01m[Kldlidar::Points2D[m[K’ {aka ‘[01m[Kstd::vector<ldlidar::PointData>[m[K’} to ‘[01m[Kdouble[m[K’
[5.992s] [01m[K/usr/include/c++/8/ostream:224:7:[m[K [01;36m[Knote: [m[Kcandidate: ‘[01m[Kstd::basic_ostream<_CharT, _Traits>::__ostream_type& std::basic_ostream<_CharT, _Traits>::operator<<(float) [with _CharT = char; _Traits = std::char_traits<char>; std::basic_ostream<_CharT, _Traits>::__ostream_type = std::basic_ostream<char>][m[K’
[5.993s]        [01;36m[Koperator[m[K<<(float __f)
[5.993s]        [01;36m[K^~~~~~~~[m[K
[5.993s] [01m[K/usr/include/c++/8/ostream:224:7:[m[K [01;36m[Knote: [m[K  no known conversion for argument 1 from ‘[01m[Kldlidar::Points2D[m[K’ {aka ‘[01m[Kstd::vector<ldlidar::PointData>[m[K’} to ‘[01m[Kfloat[m[K’
[5.994s] [01m[K/usr/include/c++/8/ostream:232:7:[m[K [01;36m[Knote: [m[Kcandidate: ‘[01m[Kstd::basic_ostream<_CharT, _Traits>::__ostream_type& std::basic_ostream<_CharT, _Traits>::operator<<(long double) [with _CharT = char; _Traits = std::char_traits<char>; std::basic_ostream<_CharT, _Traits>::__ostream_type = std::basic_ostream<char>][m[K’
[5.994s]        [01;36m[Koperator[m[K<<(long double __f)
[5.995s]        [01;36m[K^~~~~~~~[m[K
[5.995s] [01m[K/usr/include/c++/8/ostream:232:7:[m[K [01;36m[Knote: [m[K  no known conversion for argument 1 from ‘[01m[Kldlidar::Points2D[m[K’ {aka ‘[01m[Kstd::vector<ldlidar::PointData>[m[K’} to ‘[01m[Klong double[m[K’
[5.995s] [01m[K/usr/include/c++/8/ostream:245:7:[m[K [01;36m[Knote: [m[Kcandidate: ‘[01m[Kstd::basic_ostream<_CharT, _Traits>::__ostream_type& std::basic_ostream<_CharT, _Traits>::operator<<(const void*) [with _CharT = char; _Traits = std::char_traits<char>; std::basic_ostream<_CharT, _Traits>::__ostream_type = std::basic_ostream<char>][m[K’
[5.996s]        [01;36m[Koperator[m[K<<(const void* __p)
[5.996s]        [01;36m[K^~~~~~~~[m[K
[5.997s] [01m[K/usr/include/c++/8/ostream:245:7:[m[K [01;36m[Knote: [m[K  no known conversion for argument 1 from ‘[01m[Kldlidar::Points2D[m[K’ {aka ‘[01m[Kstd::vector<ldlidar::PointData>[m[K’} to ‘[01m[Kconst void*[m[K’
[5.997s] In file included from [01m[K/usr/include/c++/8/ostream:696[m[K,
[5.998s]                  from [01m[K/usr/include/c++/8/iostream:39[m[K,
[5.998s]                  from [01m[K/opt/ros/foxy/include/rclcpp/executor.hpp:22[m[K,
[5.999s]                  from [01m[K/opt/ros/foxy/include/rclcpp/executors/multi_threaded_executor.hpp:26[m[K,
[5.999s]                  from [01m[K/opt/ros/foxy/include/rclcpp/executors.hpp:21[m[K,
[5.999s]                  from [01m[K/opt/ros/foxy/include/rclcpp/rclcpp.hpp:146[m[K,
[6.000s]                  from [01m[K/home/hnt/ldlidar_ros2_ws/src/ldlidar_stl_ros2/include/ros2_api.h:24[m[K,
[6.000s]                  from [01m[K/home/hnt/ldlidar_ros2_ws/src/ldlidar_stl_ros2/src/demo.cpp:22[m[K:
[6.000s] [01m[K/usr/include/c++/8/bits/ostream.tcc:119:5:[m[K [01;36m[Knote: [m[Kcandidate: ‘[01m[Kstd::basic_ostream<_CharT, _Traits>& std::basic_ostream<_CharT, _Traits>::operator<<(std::basic_ostream<_CharT, _Traits>::__streambuf_type*) [with _CharT = char; _Traits = std::char_traits<char>; std::basic_ostream<_CharT, _Traits>::__streambuf_type = std::basic_streambuf<char>][m[K’
[6.001s]      [01;36m[Kbasic_ostream<_CharT, _Traits>[m[K::
[6.001s]      [01;36m[K^~~~~~~~~~~~~~~~~~~~~~~~~~~~~~[m[K
[6.001s] [01m[K/usr/include/c++/8/bits/ostream.tcc:119:5:[m[K [01;36m[Knote: [m[K  no known conversion for argument 1 from ‘[01m[Kldlidar::Points2D[m[K’ {aka ‘[01m[Kstd::vector<ldlidar::PointData>[m[K’} to ‘[01m[Kstd::basic_ostream<char>::__streambuf_type*[m[K’ {aka ‘[01m[Kstd::basic_streambuf<char>*[m[K’}
[6.002s] In file included from [01m[K/usr/include/c++/8/string:52[m[K,
[6.002s]                  from [01m[K/usr/include/c++/8/stdexcept:39[m[K,
[6.002s]                  from [01m[K/usr/include/c++/8/array:39[m[K,
[6.003s]                  from [01m[K/usr/include/c++/8/tuple:39[m[K,
[6.003s]                  from [01m[K/usr/include/c++/8/bits/unique_ptr.h:37[m[K,
[6.004s]                  from [01m[K/usr/include/c++/8/memory:80[m[K,
[6.004s]                  from [01m[K/opt/ros/foxy/include/rclcpp/rclcpp.hpp:144[m[K,
[6.004s]                  from [01m[K/home/hnt/ldlidar_ros2_ws/src/ldlidar_stl_ros2/include/ros2_api.h:24[m[K,
[6.005s]                  from [01m[K/home/hnt/ldlidar_ros2_ws/src/ldlidar_stl_ros2/src/demo.cpp:22[m[K:
[6.005s] [01m[K/usr/include/c++/8/bits/basic_string.h:6323:5:[m[K [01;36m[Knote: [m[Kcandidate: ‘[01m[Ktemplate<class _CharT, class _Traits, class _Alloc> std::basic_ostream<_CharT, _Traits>& std::operator<<(std::basic_ostream<_CharT, _Traits>&, const std::__cxx11::basic_string<_CharT, _Traits, _Alloc>&)[m[K’
[6.006s]      [01;36m[Koperator[m[K<<(basic_ostream<_CharT, _Traits>& __os,
[6.006s]      [01;36m[K^~~~~~~~[m[K
[6.006s] [01m[K/usr/include/c++/8/bits/basic_string.h:6323:5:[m[K [01;36m[Knote: [m[K  template argument deduction/substitution failed:
[6.007s] [01m[K/home/hnt/ldlidar_ros2_ws/src/ldlidar_stl_ros2/src/demo.cpp:124:27:[m[K [01;36m[Knote: [m[K  ‘[01m[Kldlidar::Points2D[m[K’ {aka ‘[01m[Kstd::vector<ldlidar::PointData>[m[K’} is not derived from ‘[01m[Kconst std::__cxx11::basic_string<_CharT, _Traits, _Alloc>[m[K’
[6.007s]          cout << "conga" <<[01;36m[Klaser_scan_points[m[K;
[6.007s]                            [01;36m[K^~~~~~~~~~~~~~~~~[m[K
[6.008s] In file included from [01m[K/usr/include/c++/8/memory:81[m[K,
[6.008s]                  from [01m[K/opt/ros/foxy/include/rclcpp/rclcpp.hpp:144[m[K,
[6.008s]                  from [01m[K/home/hnt/ldlidar_ros2_ws/src/ldlidar_stl_ros2/include/ros2_api.h:24[m[K,
[6.009s]                  from [01m[K/home/hnt/ldlidar_ros2_ws/src/ldlidar_stl_ros2/src/demo.cpp:22[m[K:
[6.009s] [01m[K/usr/include/c++/8/bits/shared_ptr.h:66:5:[m[K [01;36m[Knote: [m[Kcandidate: ‘[01m[Ktemplate<class _Ch, class _Tr, class _Tp, __gnu_cxx::_Lock_policy _Lp> std::basic_ostream<_CharT, _Traits>& std::operator<<(std::basic_ostream<_CharT, _Traits>&, const std::__shared_ptr<_Tp, _Lp>&)[m[K’
[6.010s]      [01;36m[Koperator[m[K<<(std::basic_ostream<_Ch, _Tr>& __os,
[6.010s]      [01;36m[K^~~~~~~~[m[K
[6.010s] [01m[K/usr/include/c++/8/bits/shared_ptr.h:66:5:[m[K [01;36m[Knote: [m[K  template argument deduction/substitution failed:
[6.011s] [01m[K/home/hnt/ldlidar_ros2_ws/src/ldlidar_stl_ros2/src/demo.cpp:124:27:[m[K [01;36m[Knote: [m[K  ‘[01m[Kldlidar::Points2D[m[K’ {aka ‘[01m[Kstd::vector<ldlidar::PointData>[m[K’} is not derived from ‘[01m[Kconst std::__shared_ptr<_Tp, _Lp>[m[K’
[6.011s]          cout << "conga" <<[01;36m[Klaser_scan_points[m[K;
[6.011s]                            [01;36m[K^~~~~~~~~~~~~~~~~[m[K
[6.012s] In file included from [01m[K/usr/include/c++/8/mutex:42[m[K,
[6.012s]                  from [01m[K/usr/include/c++/8/future:38[m[K,
[6.013s]                  from [01m[K/opt/ros/foxy/include/rclcpp/executors.hpp:18[m[K,
[6.013s]                  from [01m[K/opt/ros/foxy/include/rclcpp/rclcpp.hpp:146[m[K,
[6.013s]                  from [01m[K/home/hnt/ldlidar_ros2_ws/src/ldlidar_stl_ros2/include/ros2_api.h:24[m[K,
[6.014s]                  from [01m[K/home/hnt/ldlidar_ros2_ws/src/ldlidar_stl_ros2/src/demo.cpp:22[m[K:
[6.014s] [01m[K/usr/include/c++/8/system_error:217:5:[m[K [01;36m[Knote: [m[Kcandidate: ‘[01m[Ktemplate<class _CharT, class _Traits> std::basic_ostream<_CharT, _Traits>& std::operator<<(std::basic_ostream<_CharT, _Traits>&, const std::error_code&)[m[K’
[6.015s]      [01;36m[Koperator[m[K<<(basic_ostream<_CharT, _Traits>& __os, const error_code& __e)
[6.015s]      [01;36m[K^~~~~~~~[m[K
[6.016s] [01m[K/usr/include/c++/8/system_error:217:5:[m[K [01;36m[Knote: [m[K  template argument deduction/substitution failed:
[6.016s] [01m[K/home/hnt/ldlidar_ros2_ws/src/ldlidar_stl_ros2/src/demo.cpp:124:27:[m[K [01;36m[Knote: [m[K  cannot convert ‘[01m[Klaser_scan_points[m[K’ (type ‘[01m[Kldlidar::Points2D[m[K’ {aka ‘[01m[Kstd::vector<ldlidar::PointData>[m[K’}) to type ‘[01m[Kconst std::error_code&[m[K’
[6.016s]          cout << "conga" <<[01;36m[Klaser_scan_points[m[K;
[6.017s]                            [01;36m[K^~~~~~~~~~~~~~~~~[m[K
[6.017s] In file included from [01m[K/usr/include/c++/8/future:39[m[K,
[6.017s]                  from [01m[K/opt/ros/foxy/include/rclcpp/executors.hpp:18[m[K,
[6.018s]                  from [01m[K/opt/ros/foxy/include/rclcpp/rclcpp.hpp:146[m[K,
[6.018s]                  from [01m[K/home/hnt/ldlidar_ros2_ws/src/ldlidar_stl_ros2/include/ros2_api.h:24[m[K,
[6.018s]                  from [01m[K/home/hnt/ldlidar_ros2_ws/src/ldlidar_stl_ros2/src/demo.cpp:22[m[K:
[6.019s] [01m[K/usr/include/c++/8/thread:323:5:[m[K [01;36m[Knote: [m[Kcandidate: ‘[01m[Ktemplate<class _CharT, class _Traits> std::basic_ostream<_CharT, _Traits>& std::operator<<(std::basic_ostream<_CharT, _Traits>&, std::thread::id)[m[K’
[6.019s]      [01;36m[Koperator[m[K<<(basic_ostream<_CharT, _Traits>& __out, thread::id __id)
[6.019s]      [01;36m[K^~~~~~~~[m[K
[6.020s] [01m[K/usr/include/c++/8/thread:323:5:[m[K [01;36m[Knote: [m[K  template argument deduction/substitution failed:
[6.020s] [01m[K/home/hnt/ldlidar_ros2_ws/src/ldlidar_stl_ros2/src/demo.cpp:124:27:[m[K [01;36m[Knote: [m[K  cannot convert ‘[01m[Klaser_scan_points[m[K’ (type ‘[01m[Kldlidar::Points2D[m[K’ {aka ‘[01m[Kstd::vector<ldlidar::PointData>[m[K’}) to type ‘[01m[Kstd::thread::id[m[K’
[6.020s]          cout << "conga" <<[01;36m[Klaser_scan_points[m[K;
[6.021s]                            [01;36m[K^~~~~~~~~~~~~~~~~[m[K
[6.021s] In file included from [01m[K/usr/include/c++/8/iostream:39[m[K,
[6.022s]                  from [01m[K/opt/ros/foxy/include/rclcpp/executor.hpp:22[m[K,
[6.022s]                  from [01m[K/opt/ros/foxy/include/rclcpp/executors/multi_threaded_executor.hpp:26[m[K,
[6.022s]                  from [01m[K/opt/ros/foxy/include/rclcpp/executors.hpp:21[m[K,
[6.023s]                  from [01m[K/opt/ros/foxy/include/rclcpp/rclcpp.hpp:146[m[K,
[6.023s]                  from [01m[K/home/hnt/ldlidar_ros2_ws/src/ldlidar_stl_ros2/include/ros2_api.h:24[m[K,
[6.023s]                  from [01m[K/home/hnt/ldlidar_ros2_ws/src/ldlidar_stl_ros2/src/demo.cpp:22[m[K:
[6.024s] [01m[K/usr/include/c++/8/ostream:500:5:[m[K [01;36m[Knote: [m[Kcandidate: ‘[01m[Ktemplate<class _CharT, class _Traits> std::basic_ostream<_CharT, _Traits>& std::operator<<(std::basic_ostream<_CharT, _Traits>&, _CharT)[m[K’
[6.024s]      [01;36m[Koperator[m[K<<(basic_ostream<_CharT, _Traits>& __out, _CharT __c)
[6.024s]      [01;36m[K^~~~~~~~[m[K
[6.025s] [01m[K/usr/include/c++/8/ostream:500:5:[m[K [01;36m[Knote: [m[K  template argument deduction/substitution failed:
[6.025s] [01m[K/home/hnt/ldlidar_ros2_ws/src/ldlidar_stl_ros2/src/demo.cpp:124:27:[m[K [01;36m[Knote: [m[K  deduced conflicting types for parameter ‘[01m[K_CharT[m[K’ (‘[01m[Kchar[m[K’ and ‘[01m[Kstd::vector<ldlidar::PointData>[m[K’)
[6.026s]          cout << "conga" <<[01;36m[Klaser_scan_points[m[K;
[6.026s]                            [01;36m[K^~~~~~~~~~~~~~~~~[m[K
[6.026s] In file included from [01m[K/usr/include/c++/8/iostream:39[m[K,
[6.027s]                  from [01m[K/opt/ros/foxy/include/rclcpp/executor.hpp:22[m[K,
[6.027s]                  from [01m[K/opt/ros/foxy/include/rclcpp/executors/multi_threaded_executor.hpp:26[m[K,
[6.027s]                  from [01m[K/opt/ros/foxy/include/rclcpp/executors.hpp:21[m[K,
[6.028s]                  from [01m[K/opt/ros/foxy/include/rclcpp/rclcpp.hpp:146[m[K,
[6.028s]                  from [01m[K/home/hnt/ldlidar_ros2_ws/src/ldlidar_stl_ros2/include/ros2_api.h:24[m[K,
[6.028s]                  from [01m[K/home/hnt/ldlidar_ros2_ws/src/ldlidar_stl_ros2/src/demo.cpp:22[m[K:
[6.029s] [01m[K/usr/include/c++/8/ostream:505:5:[m[K [01;36m[Knote: [m[Kcandidate: ‘[01m[Ktemplate<class _CharT, class _Traits> std::basic_ostream<_CharT, _Traits>& std::operator<<(std::basic_ostream<_CharT, _Traits>&, char)[m[K’
[6.029s]      [01;36m[Koperator[m[K<<(basic_ostream<_CharT, _Traits>& __out, char __c)
[6.030s]      [01;36m[K^~~~~~~~[m[K
[6.030s] [01m[K/usr/include/c++/8/ostream:505:5:[m[K [01;36m[Knote: [m[K  template argument deduction/substitution failed:
[6.031s] [01m[K/home/hnt/ldlidar_ros2_ws/src/ldlidar_stl_ros2/src/demo.cpp:124:27:[m[K [01;36m[Knote: [m[K  cannot convert ‘[01m[Klaser_scan_points[m[K’ (type ‘[01m[Kldlidar::Points2D[m[K’ {aka ‘[01m[Kstd::vector<ldlidar::PointData>[m[K’}) to type ‘[01m[Kchar[m[K’
[6.031s]          cout << "conga" <<[01;36m[Klaser_scan_points[m[K;
[6.031s]                            [01;36m[K^~~~~~~~~~~~~~~~~[m[K
[6.032s] In file included from [01m[K/usr/include/c++/8/iostream:39[m[K,
[6.032s]                  from [01m[K/opt/ros/foxy/include/rclcpp/executor.hpp:22[m[K,
[6.032s]                  from [01m[K/opt/ros/foxy/include/rclcpp/executors/multi_threaded_executor.hpp:26[m[K,
[6.033s]                  from [01m[K/opt/ros/foxy/include/rclcpp/executors.hpp:21[m[K,
[6.033s]                  from [01m[K/opt/ros/foxy/include/rclcpp/rclcpp.hpp:146[m[K,
[6.033s]                  from [01m[K/home/hnt/ldlidar_ros2_ws/src/ldlidar_stl_ros2/include/ros2_api.h:24[m[K,
[6.034s]                  from [01m[K/home/hnt/ldlidar_ros2_ws/src/ldlidar_stl_ros2/src/demo.cpp:22[m[K:
[6.034s] [01m[K/usr/include/c++/8/ostream:511:5:[m[K [01;36m[Knote: [m[Kcandidate: ‘[01m[Ktemplate<class _Traits> std::basic_ostream<char, _Traits>& std::operator<<(std::basic_ostream<char, _Traits>&, char)[m[K’
[6.034s]      [01;36m[Koperator[m[K<<(basic_ostream<char, _Traits>& __out, char __c)
[6.035s]      [01;36m[K^~~~~~~~[m[K
[6.035s] [01m[K/usr/include/c++/8/ostream:511:5:[m[K [01;36m[Knote: [m[K  template argument deduction/substitution failed:
[6.036s] [01m[K/home/hnt/ldlidar_ros2_ws/src/ldlidar_stl_ros2/src/demo.cpp:124:27:[m[K [01;36m[Knote: [m[K  cannot convert ‘[01m[Klaser_scan_points[m[K’ (type ‘[01m[Kldlidar::Points2D[m[K’ {aka ‘[01m[Kstd::vector<ldlidar::PointData>[m[K’}) to type ‘[01m[Kchar[m[K’
[6.036s]          cout << "conga" <<[01;36m[Klaser_scan_points[m[K;
[6.036s]                            [01;36m[K^~~~~~~~~~~~~~~~~[m[K
[6.037s] In file included from [01m[K/usr/include/c++/8/iostream:39[m[K,
[6.037s]                  from [01m[K/opt/ros/foxy/include/rclcpp/executor.hpp:22[m[K,
[6.038s]                  from [01m[K/opt/ros/foxy/include/rclcpp/executors/multi_threaded_executor.hpp:26[m[K,
[6.038s]                  from [01m[K/opt/ros/foxy/include/rclcpp/executors.hpp:21[m[K,
[6.039s]                  from [01m[K/opt/ros/foxy/include/rclcpp/rclcpp.hpp:146[m[K,
[6.039s]                  from [01m[K/home/hnt/ldlidar_ros2_ws/src/ldlidar_stl_ros2/include/ros2_api.h:24[m[K,
[6.039s]                  from [01m[K/home/hnt/ldlidar_ros2_ws/src/ldlidar_stl_ros2/src/demo.cpp:22[m[K:
[6.040s] [01m[K/usr/include/c++/8/ostream:517:5:[m[K [01;36m[Knote: [m[Kcandidate: ‘[01m[Ktemplate<class _Traits> std::basic_ostream<char, _Traits>& std::operator<<(std::basic_ostream<char, _Traits>&, signed char)[m[K’
[6.040s]      [01;36m[Koperator[m[K<<(basic_ostream<char, _Traits>& __out, signed char __c)
[6.040s]      [01;36m[K^~~~~~~~[m[K
[6.041s] [01m[K/usr/include/c++/8/ostream:517:5:[m[K [01;36m[Knote: [m[K  template argument deduction/substitution failed:
[6.041s] [01m[K/home/hnt/ldlidar_ros2_ws/src/ldlidar_stl_ros2/src/demo.cpp:124:27:[m[K [01;36m[Knote: [m[K  cannot convert ‘[01m[Klaser_scan_points[m[K’ (type ‘[01m[Kldlidar::Points2D[m[K’ {aka ‘[01m[Kstd::vector<ldlidar::PointData>[m[K’}) to type ‘[01m[Ksigned char[m[K’
[6.041s]          cout << "conga" <<[01;36m[Klaser_scan_points[m[K;
[6.042s]                            [01;36m[K^~~~~~~~~~~~~~~~~[m[K
[6.042s] In file included from [01m[K/usr/include/c++/8/iostream:39[m[K,
[6.042s]                  from [01m[K/opt/ros/foxy/include/rclcpp/executor.hpp:22[m[K,
[6.043s]                  from [01m[K/opt/ros/foxy/include/rclcpp/executors/multi_threaded_executor.hpp:26[m[K,
[6.043s]                  from [01m[K/opt/ros/foxy/include/rclcpp/executors.hpp:21[m[K,
[6.044s]                  from [01m[K/opt/ros/foxy/include/rclcpp/rclcpp.hpp:146[m[K,
[6.044s]                  from [01m[K/home/hnt/ldlidar_ros2_ws/src/ldlidar_stl_ros2/include/ros2_api.h:24[m[K,
[6.044s]                  from [01m[K/home/hnt/ldlidar_ros2_ws/src/ldlidar_stl_ros2/src/demo.cpp:22[m[K:
[6.045s] [01m[K/usr/include/c++/8/ostream:522:5:[m[K [01;36m[Knote: [m[Kcandidate: ‘[01m[Ktemplate<class _Traits> std::basic_ostream<char, _Traits>& std::operator<<(std::basic_ostream<char, _Traits>&, unsigned char)[m[K’
[6.045s]      [01;36m[Koperator[m[K<<(basic_ostream<char, _Traits>& __out, unsigned char __c)
[6.046s]      [01;36m[K^~~~~~~~[m[K
[6.046s] [01m[K/usr/include/c++/8/ostream:522:5:[m[K [01;36m[Knote: [m[K  template argument deduction/substitution failed:
[6.046s] [01m[K/home/hnt/ldlidar_ros2_ws/src/ldlidar_stl_ros2/src/demo.cpp:124:27:[m[K [01;36m[Knote: [m[K  cannot convert ‘[01m[Klaser_scan_points[m[K’ (type ‘[01m[Kldlidar::Points2D[m[K’ {aka ‘[01m[Kstd::vector<ldlidar::PointData>[m[K’}) to type ‘[01m[Kunsigned char[m[K’
[6.047s]          cout << "conga" <<[01;36m[Klaser_scan_points[m[K;
[6.047s]                            [01;36m[K^~~~~~~~~~~~~~~~~[m[K
[6.048s] In file included from [01m[K/usr/include/c++/8/iostream:39[m[K,
[6.048s]                  from [01m[K/opt/ros/foxy/include/rclcpp/executor.hpp:22[m[K,
[6.048s]                  from [01m[K/opt/ros/foxy/include/rclcpp/executors/multi_threaded_executor.hpp:26[m[K,
[6.049s]                  from [01m[K/opt/ros/foxy/include/rclcpp/executors.hpp:21[m[K,
[6.049s]                  from [01m[K/opt/ros/foxy/include/rclcpp/rclcpp.hpp:146[m[K,
[6.050s]                  from [01m[K/home/hnt/ldlidar_ros2_ws/src/ldlidar_stl_ros2/include/ros2_api.h:24[m[K,
[6.050s]                  from [01m[K/home/hnt/ldlidar_ros2_ws/src/ldlidar_stl_ros2/src/demo.cpp:22[m[K:
[6.050s] [01m[K/usr/include/c++/8/ostream:542:5:[m[K [01;36m[Knote: [m[Kcandidate: ‘[01m[Ktemplate<class _CharT, class _Traits> std::basic_ostream<_CharT, _Traits>& std::operator<<(std::basic_ostream<_CharT, _Traits>&, const _CharT*)[m[K’
[6.051s]      [01;36m[Koperator[m[K<<(basic_ostream<_CharT, _Traits>& __out, const _CharT* __s)
[6.051s]      [01;36m[K^~~~~~~~[m[K
[6.052s] [01m[K/usr/include/c++/8/ostream:542:5:[m[K [01;36m[Knote: [m[K  template argument deduction/substitution failed:
[6.052s] [01m[K/home/hnt/ldlidar_ros2_ws/src/ldlidar_stl_ros2/src/demo.cpp:124:27:[m[K [01;36m[Knote: [m[K  mismatched types ‘[01m[Kconst _CharT*[m[K’ and ‘[01m[Kstd::vector<ldlidar::PointData>[m[K’
[6.052s]          cout << "conga" <<[01;36m[Klaser_scan_points[m[K;
[6.053s]                            [01;36m[K^~~~~~~~~~~~~~~~~[m[K
[6.053s] In file included from [01m[K/usr/include/c++/8/ostream:696[m[K,
[6.054s]                  from [01m[K/usr/include/c++/8/iostream:39[m[K,
[6.054s]                  from [01m[K/opt/ros/foxy/include/rclcpp/executor.hpp:22[m[K,
[6.054s]                  from [01m[K/opt/ros/foxy/include/rclcpp/executors/multi_threaded_executor.hpp:26[m[K,
[6.055s]                  from [01m[K/opt/ros/foxy/include/rclcpp/executors.hpp:21[m[K,
[6.055s]                  from [01m[K/opt/ros/foxy/include/rclcpp/rclcpp.hpp:146[m[K,
[6.056s]                  from [01m[K/home/hnt/ldlidar_ros2_ws/src/ldlidar_stl_ros2/include/ros2_api.h:24[m[K,
[6.056s]                  from [01m[K/home/hnt/ldlidar_ros2_ws/src/ldlidar_stl_ros2/src/demo.cpp:22[m[K:
[6.056s] [01m[K/usr/include/c++/8/bits/ostream.tcc:321:5:[m[K [01;36m[Knote: [m[Kcandidate: ‘[01m[Ktemplate<class _CharT, class _Traits> std::basic_ostream<_CharT, _Traits>& std::operator<<(std::basic_ostream<_CharT, _Traits>&, const char*)[m[K’
[6.057s]      [01;36m[Koperator[m[K<<(basic_ostream<_CharT, _Traits>& __out, const char* __s)
[6.057s]      [01;36m[K^~~~~~~~[m[K
[6.057s] [01m[K/usr/include/c++/8/bits/ostream.tcc:321:5:[m[K [01;36m[Knote: [m[K  template argument deduction/substitution failed:
[6.058s] [01m[K/home/hnt/ldlidar_ros2_ws/src/ldlidar_stl_ros2/src/demo.cpp:124:27:[m[K [01;36m[Knote: [m[K  cannot convert ‘[01m[Klaser_scan_points[m[K’ (type ‘[01m[Kldlidar::Points2D[m[K’ {aka ‘[01m[Kstd::vector<ldlidar::PointData>[m[K’}) to type ‘[01m[Kconst char*[m[K’
[6.058s]          cout << "conga" <<[01;36m[Klaser_scan_points[m[K;
[6.058s]                            [01;36m[K^~~~~~~~~~~~~~~~~[m[K
[6.059s] In file included from [01m[K/usr/include/c++/8/iostream:39[m[K,
[6.059s]                  from [01m[K/opt/ros/foxy/include/rclcpp/executor.hpp:22[m[K,
[6.060s]                  from [01m[K/opt/ros/foxy/include/rclcpp/executors/multi_threaded_executor.hpp:26[m[K,
[6.060s]                  from [01m[K/opt/ros/foxy/include/rclcpp/executors.hpp:21[m[K,
[6.060s]                  from [01m[K/opt/ros/foxy/include/rclcpp/rclcpp.hpp:146[m[K,
[6.061s]                  from [01m[K/home/hnt/ldlidar_ros2_ws/src/ldlidar_stl_ros2/include/ros2_api.h:24[m[K,
[6.061s]                  from [01m[K/home/hnt/ldlidar_ros2_ws/src/ldlidar_stl_ros2/src/demo.cpp:22[m[K:
[6.062s] [01m[K/usr/include/c++/8/ostream:559:5:[m[K [01;36m[Knote: [m[Kcandidate: ‘[01m[Ktemplate<class _Traits> std::basic_ostream<char, _Traits>& std::operator<<(std::basic_ostream<char, _Traits>&, const char*)[m[K’
[6.062s]      [01;36m[Koperator[m[K<<(basic_ostream<char, _Traits>& __out, const char* __s)
[6.062s]      [01;36m[K^~~~~~~~[m[K
[6.063s] [01m[K/usr/include/c++/8/ostream:559:5:[m[K [01;36m[Knote: [m[K  template argument deduction/substitution failed:
[6.063s] [01m[K/home/hnt/ldlidar_ros2_ws/src/ldlidar_stl_ros2/src/demo.cpp:124:27:[m[K [01;36m[Knote: [m[K  cannot convert ‘[01m[Klaser_scan_points[m[K’ (type ‘[01m[Kldlidar::Points2D[m[K’ {aka ‘[01m[Kstd::vector<ldlidar::PointData>[m[K’}) to type ‘[01m[Kconst char*[m[K’
[6.064s]          cout << "conga" <<[01;36m[Klaser_scan_points[m[K;
[6.064s]                            [01;36m[K^~~~~~~~~~~~~~~~~[m[K
[6.064s] In file included from [01m[K/usr/include/c++/8/iostream:39[m[K,
[6.065s]                  from [01m[K/opt/ros/foxy/include/rclcpp/executor.hpp:22[m[K,
[6.065s]                  from [01m[K/opt/ros/foxy/include/rclcpp/executors/multi_threaded_executor.hpp:26[m[K,
[6.065s]                  from [01m[K/opt/ros/foxy/include/rclcpp/executors.hpp:21[m[K,
[6.066s]                  from [01m[K/opt/ros/foxy/include/rclcpp/rclcpp.hpp:146[m[K,
[6.066s]                  from [01m[K/home/hnt/ldlidar_ros2_ws/src/ldlidar_stl_ros2/include/ros2_api.h:24[m[K,
[6.066s]                  from [01m[K/home/hnt/ldlidar_ros2_ws/src/ldlidar_stl_ros2/src/demo.cpp:22[m[K:
[6.067s] [01m[K/usr/include/c++/8/ostream:572:5:[m[K [01;36m[Knote: [m[Kcandidate: ‘[01m[Ktemplate<class _Traits> std::basic_ostream<char, _Traits>& std::operator<<(std::basic_ostream<char, _Traits>&, const signed char*)[m[K’
[6.067s]      [01;36m[Koperator[m[K<<(basic_ostream<char, _Traits>& __out, const signed char* __s)
[6.067s]      [01;36m[K^~~~~~~~[m[K
[6.068s] [01m[K/usr/include/c++/8/ostream:572:5:[m[K [01;36m[Knote: [m[K  template argument deduction/substitution failed:
[6.068s] [01m[K/home/hnt/ldlidar_ros2_ws/src/ldlidar_stl_ros2/src/demo.cpp:124:27:[m[K [01;36m[Knote: [m[K  cannot convert ‘[01m[Klaser_scan_points[m[K’ (type ‘[01m[Kldlidar::Points2D[m[K’ {aka ‘[01m[Kstd::vector<ldlidar::PointData>[m[K’}) to type ‘[01m[Kconst signed char*[m[K’
[6.068s]          cout << "conga" <<[01;36m[Klaser_scan_points[m[K;
[6.069s]                            [01;36m[K^~~~~~~~~~~~~~~~~[m[K
[6.069s] In file included from [01m[K/usr/include/c++/8/iostream:39[m[K,
[6.069s]                  from [01m[K/opt/ros/foxy/include/rclcpp/executor.hpp:22[m[K,
[6.070s]                  from [01m[K/opt/ros/foxy/include/rclcpp/executors/multi_threaded_executor.hpp:26[m[K,
[6.070s]                  from [01m[K/opt/ros/foxy/include/rclcpp/executors.hpp:21[m[K,
[6.071s]                  from [01m[K/opt/ros/foxy/include/rclcpp/rclcpp.hpp:146[m[K,
[6.071s]                  from [01m[K/home/hnt/ldlidar_ros2_ws/src/ldlidar_stl_ros2/include/ros2_api.h:24[m[K,
[6.072s]                  from [01m[K/home/hnt/ldlidar_ros2_ws/src/ldlidar_stl_ros2/src/demo.cpp:22[m[K:
[6.072s] [01m[K/usr/include/c++/8/ostream:577:5:[m[K [01;36m[Knote: [m[Kcandidate: ‘[01m[Ktemplate<class _Traits> std::basic_ostream<char, _Traits>& std::operator<<(std::basic_ostream<char, _Traits>&, const unsigned char*)[m[K’
[6.072s]      [01;36m[Koperator[m[K<<(basic_ostream<char, _Traits>& __out, const unsigned char* __s)
[6.073s]      [01;36m[K^~~~~~~~[m[K
[6.073s] [01m[K/usr/include/c++/8/ostream:577:5:[m[K [01;36m[Knote: [m[K  template argument deduction/substitution failed:
[6.073s] [01m[K/home/hnt/ldlidar_ros2_ws/src/ldlidar_stl_ros2/src/demo.cpp:124:27:[m[K [01;36m[Knote: [m[K  cannot convert ‘[01m[Klaser_scan_points[m[K’ (type ‘[01m[Kldlidar::Points2D[m[K’ {aka ‘[01m[Kstd::vector<ldlidar::PointData>[m[K’}) to type ‘[01m[Kconst unsigned char*[m[K’
[6.074s]          cout << "conga" <<[01;36m[Klaser_scan_points[m[K;
[6.074s]                            [01;36m[K^~~~~~~~~~~~~~~~~[m[K
[6.074s] In file included from [01m[K/usr/include/c++/8/iostream:39[m[K,
[6.075s]                  from [01m[K/opt/ros/foxy/include/rclcpp/executor.hpp:22[m[K,
[6.075s]                  from [01m[K/opt/ros/foxy/include/rclcpp/executors/multi_threaded_executor.hpp:26[m[K,
[6.076s]                  from [01m[K/opt/ros/foxy/include/rclcpp/executors.hpp:21[m[K,
[6.076s]                  from [01m[K/opt/ros/foxy/include/rclcpp/rclcpp.hpp:146[m[K,
[6.077s]                  from [01m[K/home/hnt/ldlidar_ros2_ws/src/ldlidar_stl_ros2/include/ros2_api.h:24[m[K,
[6.077s]                  from [01m[K/home/hnt/ldlidar_ros2_ws/src/ldlidar_stl_ros2/src/demo.cpp:22[m[K:
[6.078s] [01m[K/usr/include/c++/8/ostream:685:5:[m[K [01;36m[Knote: [m[Kcandidate: ‘[01m[Ktemplate<class _Ostream, class _Tp> typename std::enable_if<std::__and_<std::__not_<std::is_lvalue_reference<_Tp> >, std::__is_convertible_to_basic_ostream<_Ostream>, std::__is_insertable<typename std::__is_convertible_to_basic_ostream<_Tp>::__ostream_type, const _Tp&, void> >::value, typename std::__is_convertible_to_basic_ostream<_Tp>::__ostream_type>::type std::operator<<(_Ostream&&, const _Tp&)[m[K’
[6.079s]      [01;36m[Koperator[m[K<<(_Ostream&& __os, const _Tp& __x)
[6.079s]      [01;36m[K^~~~~~~~[m[K
[6.080s] [01m[K/usr/include/c++/8/ostream:685:5:[m[K [01;36m[Knote: [m[K  template argument deduction/substitution failed:
[6.080s] /usr/include/c++/8/ostream: In substitution of ‘[01m[Ktemplate<class _Ostream, class _Tp> typename std::enable_if<std::__and_<std::__not_<std::is_lvalue_reference<_Tp> >, std::__is_convertible_to_basic_ostream<_Ostream>, std::__is_insertable<typename std::__is_convertible_to_basic_ostream<_Tp>::__ostream_type, const _Tp&, void> >::value, typename std::__is_convertible_to_basic_ostream<_Tp>::__ostream_type>::type std::operator<<(_Ostream&&, const _Tp&) [with _Ostream = std::basic_ostream<char>&; _Tp = std::vector<ldlidar::PointData>][m[K’:
[6.081s] [01m[K/home/hnt/ldlidar_ros2_ws/src/ldlidar_stl_ros2/src/demo.cpp:124:27:[m[K   required from here
[6.081s] [01m[K/usr/include/c++/8/ostream:685:5:[m[K [01;31m[Kerror: [m[Kno type named ‘[01m[Ktype[m[K’ in ‘[01m[Kstruct std::enable_if<false, std::basic_ostream<char>&>[m[K’
[9.122s] make[2]: *** [CMakeFiles/ldlidar_stl_ros2_node.dir/build.make:63: CMakeFiles/ldlidar_stl_ros2_node.dir/src/demo.cpp.o] Error 1
[9.123s] make[1]: *** [CMakeFiles/Makefile2:78: CMakeFiles/ldlidar_stl_ros2_node.dir/all] Error 2
[9.124s] make: *** [Makefile:141: all] Error 2
[9.131s] Invoked command in '/home/hnt/ldlidar_ros2_ws/build/ldlidar_stl_ros2' returned '2': CMAKE_PREFIX_PATH=${CMAKE_PREFIX_PATH}:/opt/ros/foxy /usr/bin/cmake --build /home/hnt/ldlidar_ros2_ws/build/ldlidar_stl_ros2 -- -j4 -l4
