[2.716s] DEBUG:colcon:Command line arguments: ['/usr/bin/colcon', 'build']
[2.716s] DEBUG:colcon:Parsed command line arguments: Namespace(allow_overriding=[], ament_cmake_args=None, base_paths=['.'], build_base='build', catkin_cmake_args=None, catkin_skip_building_tests=False, cmake_args=None, cmake_clean_cache=False, cmake_clean_first=False, cmake_force_configure=False, cmake_target=None, cmake_target_skip_unavailable=False, continue_on_error=False, event_handlers=None, executor='parallel', ignore_user_meta=False, install_base='install', log_base=None, log_level=None, main=<bound method BuildVerb.main of <colcon_core.verb.build.BuildVerb object at 0x7f7de20760>>, merge_install=False, metas=['./colcon.meta'], packages_above=None, packages_above_and_dependencies=None, packages_above_depth=None, packages_end=None, packages_ignore=None, packages_ignore_regex=None, packages_select=None, packages_select_build_failed=False, packages_select_by_dep=None, packages_select_regex=None, packages_select_test_failures=False, packages_skip=None, packages_skip_build_finished=False, packages_skip_by_dep=None, packages_skip_regex=None, packages_skip_test_passed=False, packages_skip_up_to=None, packages_start=None, packages_up_to=None, packages_up_to_regex=None, parallel_workers=4, paths=None, symlink_install=False, test_result_base=None, verb_extension=<colcon_core.verb.build.BuildVerb object at 0x7f7de20760>, verb_name='build', verb_parser=<colcon_defaults.argument_parser.defaults.DefaultArgumentsDecorator object at 0x7f7de20cd0>)
[2.990s] Level 1:colcon.colcon_core.package_discovery:discover_packages(colcon_meta) check parameters
[2.991s] Level 1:colcon.colcon_core.package_discovery:discover_packages(recursive) check parameters
[2.991s] Level 1:colcon.colcon_core.package_discovery:discover_packages(ignore) check parameters
[2.991s] Level 1:colcon.colcon_core.package_discovery:discover_packages(path) check parameters
[2.991s] Level 1:colcon.colcon_core.package_discovery:discover_packages(colcon_meta) discover
[2.992s] Level 1:colcon.colcon_core.package_discovery:discover_packages(recursive) discover
[2.992s] INFO:colcon.colcon_core.package_discovery:Crawling recursively for packages in '/home/jetson/Downloads/ros_ws'
[2.992s] Level 1:colcon.colcon_core.package_identification:_identify(.) by extensions ['ignore', 'ignore_ament_install']
[2.993s] Level 1:colcon.colcon_core.package_identification:_identify(.) by extension 'ignore'
[2.993s] Level 1:colcon.colcon_core.package_identification:_identify(.) by extension 'ignore_ament_install'
[2.993s] Level 1:colcon.colcon_core.package_identification:_identify(.) by extensions ['colcon_pkg']
[2.994s] Level 1:colcon.colcon_core.package_identification:_identify(.) by extension 'colcon_pkg'
[2.994s] Level 1:colcon.colcon_core.package_identification:_identify(.) by extensions ['colcon_meta']
[2.994s] Level 1:colcon.colcon_core.package_identification:_identify(.) by extension 'colcon_meta'
[2.994s] Level 1:colcon.colcon_core.package_identification:_identify(.) by extensions ['ros']
[2.994s] Level 1:colcon.colcon_core.package_identification:_identify(.) by extension 'ros'
[3.055s] Level 1:colcon.colcon_core.package_identification:_identify(.) by extensions ['cmake', 'python']
[3.055s] Level 1:colcon.colcon_core.package_identification:_identify(.) by extension 'cmake'
[3.056s] Level 1:colcon.colcon_core.package_identification:_identify(.) by extension 'python'
[3.056s] Level 1:colcon.colcon_core.package_identification:_identify(.) by extensions ['python_setup_py']
[3.056s] Level 1:colcon.colcon_core.package_identification:_identify(.) by extension 'python_setup_py'
[3.057s] Level 1:colcon.colcon_core.package_identification:_identify(build) by extensions ['ignore', 'ignore_ament_install']
[3.057s] Level 1:colcon.colcon_core.package_identification:_identify(build) by extension 'ignore'
[3.058s] Level 1:colcon.colcon_core.package_identification:_identify(build) ignored
[3.058s] Level 1:colcon.colcon_core.package_identification:_identify(imu_calib) by extensions ['ignore', 'ignore_ament_install']
[3.059s] Level 1:colcon.colcon_core.package_identification:_identify(imu_calib) by extension 'ignore'
[3.060s] Level 1:colcon.colcon_core.package_identification:_identify(imu_calib) by extension 'ignore_ament_install'
[3.060s] Level 1:colcon.colcon_core.package_identification:_identify(imu_calib) by extensions ['colcon_pkg']
[3.060s] Level 1:colcon.colcon_core.package_identification:_identify(imu_calib) by extension 'colcon_pkg'
[3.061s] Level 1:colcon.colcon_core.package_identification:_identify(imu_calib) by extensions ['colcon_meta']
[3.061s] Level 1:colcon.colcon_core.package_identification:_identify(imu_calib) by extension 'colcon_meta'
[3.061s] Level 1:colcon.colcon_core.package_identification:_identify(imu_calib) by extensions ['ros']
[3.061s] Level 1:colcon.colcon_core.package_identification:_identify(imu_calib) by extension 'ros'
[3.069s] DEBUG:colcon.colcon_core.package_identification:Failed to parse potential ROS package manifest in'imu_calib': Error(s) in package 'imu_calib/package.xml':
The manifest contains invalid XML:
not well-formed (invalid token): line 25, column 0
[3.069s] Level 1:colcon.colcon_core.package_identification:_identify(imu_calib) by extensions ['cmake', 'python']
[3.070s] Level 1:colcon.colcon_core.package_identification:_identify(imu_calib) by extension 'cmake'
[3.084s] Level 1:colcon.colcon_core.package_identification:_identify(imu_calib) by extension 'python'
[3.084s] DEBUG:colcon.colcon_core.package_identification:Package 'imu_calib' with type 'cmake' and name 'imu_calib'
[3.085s] Level 1:colcon.colcon_core.package_identification:_identify(install) by extensions ['ignore', 'ignore_ament_install']
[3.085s] Level 1:colcon.colcon_core.package_identification:_identify(install) by extension 'ignore'
[3.086s] Level 1:colcon.colcon_core.package_identification:_identify(install) ignored
[3.086s] Level 1:colcon.colcon_core.package_identification:_identify(log) by extensions ['ignore', 'ignore_ament_install']
[3.087s] Level 1:colcon.colcon_core.package_identification:_identify(log) by extension 'ignore'
[3.087s] Level 1:colcon.colcon_core.package_identification:_identify(log) ignored
[3.088s] Level 1:colcon.colcon_core.package_identification:_identify(src) by extensions ['ignore', 'ignore_ament_install']
[3.088s] Level 1:colcon.colcon_core.package_identification:_identify(src) by extension 'ignore'
[3.089s] Level 1:colcon.colcon_core.package_identification:_identify(src) by extension 'ignore_ament_install'
[3.089s] Level 1:colcon.colcon_core.package_identification:_identify(src) by extensions ['colcon_pkg']
[3.090s] Level 1:colcon.colcon_core.package_identification:_identify(src) by extension 'colcon_pkg'
[3.090s] Level 1:colcon.colcon_core.package_identification:_identify(src) by extensions ['colcon_meta']
[3.090s] Level 1:colcon.colcon_core.package_identification:_identify(src) by extension 'colcon_meta'
[3.091s] Level 1:colcon.colcon_core.package_identification:_identify(src) by extensions ['ros']
[3.091s] Level 1:colcon.colcon_core.package_identification:_identify(src) by extension 'ros'
[3.092s] Level 1:colcon.colcon_core.package_identification:_identify(src) by extensions ['cmake', 'python']
[3.092s] Level 1:colcon.colcon_core.package_identification:_identify(src) by extension 'cmake'
[3.092s] Level 1:colcon.colcon_core.package_identification:_identify(src) by extension 'python'
[3.093s] Level 1:colcon.colcon_core.package_identification:_identify(src) by extensions ['python_setup_py']
[3.093s] Level 1:colcon.colcon_core.package_identification:_identify(src) by extension 'python_setup_py'
[3.094s] Level 1:colcon.colcon_core.package_identification:_identify(transbot_bringup) by extensions ['ignore', 'ignore_ament_install']
[3.094s] Level 1:colcon.colcon_core.package_identification:_identify(transbot_bringup) by extension 'ignore'
[3.095s] Level 1:colcon.colcon_core.package_identification:_identify(transbot_bringup) by extension 'ignore_ament_install'
[3.095s] Level 1:colcon.colcon_core.package_identification:_identify(transbot_bringup) by extensions ['colcon_pkg']
[3.095s] Level 1:colcon.colcon_core.package_identification:_identify(transbot_bringup) by extension 'colcon_pkg'
[3.096s] Level 1:colcon.colcon_core.package_identification:_identify(transbot_bringup) by extensions ['colcon_meta']
[3.096s] Level 1:colcon.colcon_core.package_identification:_identify(transbot_bringup) by extension 'colcon_meta'
[3.096s] Level 1:colcon.colcon_core.package_identification:_identify(transbot_bringup) by extensions ['ros']
[3.097s] Level 1:colcon.colcon_core.package_identification:_identify(transbot_bringup) by extension 'ros'
[3.098s] DEBUG:colcon.colcon_core.package_identification:Failed to parse potential ROS package manifest in'transbot_bringup': Error(s) in package 'transbot_bringup/package.xml':
The manifest contains invalid XML:
XML or text declaration not at start of entity: line 5, column 30
[3.099s] Level 1:colcon.colcon_core.package_identification:_identify(transbot_bringup) by extensions ['cmake', 'python']
[3.099s] Level 1:colcon.colcon_core.package_identification:_identify(transbot_bringup) by extension 'cmake'
[3.103s] Level 1:colcon.colcon_core.package_identification:_identify(transbot_bringup) by extension 'python'
[3.104s] DEBUG:colcon.colcon_core.package_identification:Package 'transbot_bringup' with type 'cmake' and name 'transbot_bringup'
[3.104s] Level 1:colcon.colcon_core.package_identification:_identify(transbot_ctrl) by extensions ['ignore', 'ignore_ament_install']
[3.104s] Level 1:colcon.colcon_core.package_identification:_identify(transbot_ctrl) by extension 'ignore'
[3.105s] Level 1:colcon.colcon_core.package_identification:_identify(transbot_ctrl) by extension 'ignore_ament_install'
[3.105s] Level 1:colcon.colcon_core.package_identification:_identify(transbot_ctrl) by extensions ['colcon_pkg']
[3.105s] Level 1:colcon.colcon_core.package_identification:_identify(transbot_ctrl) by extension 'colcon_pkg'
[3.106s] Level 1:colcon.colcon_core.package_identification:_identify(transbot_ctrl) by extensions ['colcon_meta']
[3.106s] Level 1:colcon.colcon_core.package_identification:_identify(transbot_ctrl) by extension 'colcon_meta'
[3.106s] Level 1:colcon.colcon_core.package_identification:_identify(transbot_ctrl) by extensions ['ros']
[3.106s] Level 1:colcon.colcon_core.package_identification:_identify(transbot_ctrl) by extension 'ros'
[3.109s] DEBUG:colcon.colcon_core.package_identification:Failed to parse potential ROS package manifest in'transbot_ctrl': Error(s) in package 'transbot_ctrl/package.xml':
The manifest contains invalid XML:
XML or text declaration not at start of entity: line 22, column 2
[3.109s] Level 1:colcon.colcon_core.package_identification:_identify(transbot_ctrl) by extensions ['cmake', 'python']
[3.109s] Level 1:colcon.colcon_core.package_identification:_identify(transbot_ctrl) by extension 'cmake'
[3.113s] Level 1:colcon.colcon_core.package_identification:_identify(transbot_ctrl) by extension 'python'
[3.113s] DEBUG:colcon.colcon_core.package_identification:Package 'transbot_ctrl' with type 'cmake' and name 'transbot_ctrl'
[3.114s] Level 1:colcon.colcon_core.package_identification:_identify(transbot_nav) by extensions ['ignore', 'ignore_ament_install']
[3.115s] Level 1:colcon.colcon_core.package_identification:_identify(transbot_nav) by extension 'ignore'
[3.115s] Level 1:colcon.colcon_core.package_identification:_identify(transbot_nav) by extension 'ignore_ament_install'
[3.116s] Level 1:colcon.colcon_core.package_identification:_identify(transbot_nav) by extensions ['colcon_pkg']
[3.116s] Level 1:colcon.colcon_core.package_identification:_identify(transbot_nav) by extension 'colcon_pkg'
[3.116s] Level 1:colcon.colcon_core.package_identification:_identify(transbot_nav) by extensions ['colcon_meta']
[3.117s] Level 1:colcon.colcon_core.package_identification:_identify(transbot_nav) by extension 'colcon_meta'
[3.117s] Level 1:colcon.colcon_core.package_identification:_identify(transbot_nav) by extensions ['ros']
[3.117s] Level 1:colcon.colcon_core.package_identification:_identify(transbot_nav) by extension 'ros'
[3.119s] DEBUG:colcon.colcon_core.package_identification:Failed to parse potential ROS package manifest in'transbot_nav': Error(s) in package 'transbot_nav/package.xml':
The manifest contains invalid XML:
not well-formed (invalid token): line 13, column 6
[3.120s] Level 1:colcon.colcon_core.package_identification:_identify(transbot_nav) by extensions ['cmake', 'python']
[3.120s] Level 1:colcon.colcon_core.package_identification:_identify(transbot_nav) by extension 'cmake'
[3.281s] Level 1:colcon.colcon_core.package_identification:_identify(transbot_nav) by extension 'python'
[3.281s] DEBUG:colcon.colcon_core.package_identification:Package 'transbot_nav' with type 'cmake' and name 'transbot_nav'
[3.282s] Level 1:colcon.colcon_core.package_identification:_identify(usb_cam-ros2) by extensions ['ignore', 'ignore_ament_install']
[3.282s] Level 1:colcon.colcon_core.package_identification:_identify(usb_cam-ros2) by extension 'ignore'
[3.282s] Level 1:colcon.colcon_core.package_identification:_identify(usb_cam-ros2) by extension 'ignore_ament_install'
[3.283s] Level 1:colcon.colcon_core.package_identification:_identify(usb_cam-ros2) by extensions ['colcon_pkg']
[3.283s] Level 1:colcon.colcon_core.package_identification:_identify(usb_cam-ros2) by extension 'colcon_pkg'
[3.283s] Level 1:colcon.colcon_core.package_identification:_identify(usb_cam-ros2) by extensions ['colcon_meta']
[3.283s] Level 1:colcon.colcon_core.package_identification:_identify(usb_cam-ros2) by extension 'colcon_meta'
[3.283s] Level 1:colcon.colcon_core.package_identification:_identify(usb_cam-ros2) by extensions ['ros']
[3.283s] Level 1:colcon.colcon_core.package_identification:_identify(usb_cam-ros2) by extension 'ros'
[3.302s] DEBUG:colcon.colcon_core.package_identification:Package 'usb_cam-ros2' with type 'ros.ament_cmake' and name 'usb_cam'
[3.302s] Level 1:colcon.colcon_core.package_discovery:discover_packages(recursive) using defaults
[3.303s] Level 1:colcon.colcon_core.package_discovery:discover_packages(ignore) discover
[3.303s] Level 1:colcon.colcon_core.package_discovery:discover_packages(ignore) using defaults
[3.303s] Level 1:colcon.colcon_core.package_discovery:discover_packages(path) discover
[3.303s] Level 1:colcon.colcon_core.package_discovery:discover_packages(path) using defaults
[3.497s] Level 1:colcon.colcon_core.package_discovery:discover_packages(prefix_path) check parameters
[3.498s] Level 1:colcon.colcon_core.package_discovery:discover_packages(prefix_path) discover
[3.534s] DEBUG:colcon.colcon_installed_package_information.package_discovery:Found 1 installed packages in /home/jetson/ldlidar_ros2_ws/install
[3.542s] DEBUG:colcon.colcon_installed_package_information.package_discovery:Found 1 installed packages in /home/jetson/Computer-Engineering-Final-Thesis/ldlidar_ros2_ws/install
[3.556s] DEBUG:colcon.colcon_installed_package_information.package_discovery:Found 23 installed packages in /home/jetson/ros2_ws/install
[3.572s] DEBUG:colcon.colcon_installed_package_information.package_discovery:Found 275 installed packages in /opt/ros/galactic
[3.592s] Level 1:colcon.colcon_core.package_discovery:discover_packages(prefix_path) using defaults
[4.278s] Level 5:colcon.colcon_core.verb:set package 'imu_calib' build argument 'cmake_args' from command line to 'None'
[4.279s] Level 5:colcon.colcon_core.verb:set package 'imu_calib' build argument 'cmake_target' from command line to 'None'
[4.279s] Level 5:colcon.colcon_core.verb:set package 'imu_calib' build argument 'cmake_target_skip_unavailable' from command line to 'False'
[4.279s] Level 5:colcon.colcon_core.verb:set package 'imu_calib' build argument 'cmake_clean_cache' from command line to 'False'
[4.279s] Level 5:colcon.colcon_core.verb:set package 'imu_calib' build argument 'cmake_clean_first' from command line to 'False'
[4.279s] Level 5:colcon.colcon_core.verb:set package 'imu_calib' build argument 'cmake_force_configure' from command line to 'False'
[4.280s] Level 5:colcon.colcon_core.verb:set package 'imu_calib' build argument 'ament_cmake_args' from command line to 'None'
[4.280s] Level 5:colcon.colcon_core.verb:set package 'imu_calib' build argument 'catkin_cmake_args' from command line to 'None'
[4.280s] Level 5:colcon.colcon_core.verb:set package 'imu_calib' build argument 'catkin_skip_building_tests' from command line to 'False'
[4.280s] DEBUG:colcon.colcon_core.verb:Building package 'imu_calib' with the following arguments: {'ament_cmake_args': None, 'build_base': '/home/jetson/Downloads/ros_ws/build/imu_calib', 'catkin_cmake_args': None, 'catkin_skip_building_tests': False, 'cmake_args': None, 'cmake_clean_cache': False, 'cmake_clean_first': False, 'cmake_force_configure': False, 'cmake_target': None, 'cmake_target_skip_unavailable': False, 'install_base': '/home/jetson/Downloads/ros_ws/install/imu_calib', 'merge_install': False, 'path': '/home/jetson/Downloads/ros_ws/imu_calib', 'symlink_install': False, 'test_result_base': None}
[4.287s] Level 5:colcon.colcon_core.verb:set package 'transbot_bringup' build argument 'cmake_args' from command line to 'None'
[4.288s] Level 5:colcon.colcon_core.verb:set package 'transbot_bringup' build argument 'cmake_target' from command line to 'None'
[4.288s] Level 5:colcon.colcon_core.verb:set package 'transbot_bringup' build argument 'cmake_target_skip_unavailable' from command line to 'False'
[4.288s] Level 5:colcon.colcon_core.verb:set package 'transbot_bringup' build argument 'cmake_clean_cache' from command line to 'False'
[4.288s] Level 5:colcon.colcon_core.verb:set package 'transbot_bringup' build argument 'cmake_clean_first' from command line to 'False'
[4.288s] Level 5:colcon.colcon_core.verb:set package 'transbot_bringup' build argument 'cmake_force_configure' from command line to 'False'
[4.289s] Level 5:colcon.colcon_core.verb:set package 'transbot_bringup' build argument 'ament_cmake_args' from command line to 'None'
[4.289s] Level 5:colcon.colcon_core.verb:set package 'transbot_bringup' build argument 'catkin_cmake_args' from command line to 'None'
[4.289s] Level 5:colcon.colcon_core.verb:set package 'transbot_bringup' build argument 'catkin_skip_building_tests' from command line to 'False'
[4.289s] DEBUG:colcon.colcon_core.verb:Building package 'transbot_bringup' with the following arguments: {'ament_cmake_args': None, 'build_base': '/home/jetson/Downloads/ros_ws/build/transbot_bringup', 'catkin_cmake_args': None, 'catkin_skip_building_tests': False, 'cmake_args': None, 'cmake_clean_cache': False, 'cmake_clean_first': False, 'cmake_force_configure': False, 'cmake_target': None, 'cmake_target_skip_unavailable': False, 'install_base': '/home/jetson/Downloads/ros_ws/install/transbot_bringup', 'merge_install': False, 'path': '/home/jetson/Downloads/ros_ws/transbot_bringup', 'symlink_install': False, 'test_result_base': None}
[4.298s] Level 5:colcon.colcon_core.verb:set package 'transbot_ctrl' build argument 'cmake_args' from command line to 'None'
[4.298s] Level 5:colcon.colcon_core.verb:set package 'transbot_ctrl' build argument 'cmake_target' from command line to 'None'
[4.299s] Level 5:colcon.colcon_core.verb:set package 'transbot_ctrl' build argument 'cmake_target_skip_unavailable' from command line to 'False'
[4.299s] Level 5:colcon.colcon_core.verb:set package 'transbot_ctrl' build argument 'cmake_clean_cache' from command line to 'False'
[4.299s] Level 5:colcon.colcon_core.verb:set package 'transbot_ctrl' build argument 'cmake_clean_first' from command line to 'False'
[4.299s] Level 5:colcon.colcon_core.verb:set package 'transbot_ctrl' build argument 'cmake_force_configure' from command line to 'False'
[4.299s] Level 5:colcon.colcon_core.verb:set package 'transbot_ctrl' build argument 'ament_cmake_args' from command line to 'None'
[4.299s] Level 5:colcon.colcon_core.verb:set package 'transbot_ctrl' build argument 'catkin_cmake_args' from command line to 'None'
[4.299s] Level 5:colcon.colcon_core.verb:set package 'transbot_ctrl' build argument 'catkin_skip_building_tests' from command line to 'False'
[4.300s] DEBUG:colcon.colcon_core.verb:Building package 'transbot_ctrl' with the following arguments: {'ament_cmake_args': None, 'build_base': '/home/jetson/Downloads/ros_ws/build/transbot_ctrl', 'catkin_cmake_args': None, 'catkin_skip_building_tests': False, 'cmake_args': None, 'cmake_clean_cache': False, 'cmake_clean_first': False, 'cmake_force_configure': False, 'cmake_target': None, 'cmake_target_skip_unavailable': False, 'install_base': '/home/jetson/Downloads/ros_ws/install/transbot_ctrl', 'merge_install': False, 'path': '/home/jetson/Downloads/ros_ws/transbot_ctrl', 'symlink_install': False, 'test_result_base': None}
[4.307s] Level 5:colcon.colcon_core.verb:set package 'transbot_nav' build argument 'cmake_args' from command line to 'None'
[4.307s] Level 5:colcon.colcon_core.verb:set package 'transbot_nav' build argument 'cmake_target' from command line to 'None'
[4.308s] Level 5:colcon.colcon_core.verb:set package 'transbot_nav' build argument 'cmake_target_skip_unavailable' from command line to 'False'
[4.308s] Level 5:colcon.colcon_core.verb:set package 'transbot_nav' build argument 'cmake_clean_cache' from command line to 'False'
[4.308s] Level 5:colcon.colcon_core.verb:set package 'transbot_nav' build argument 'cmake_clean_first' from command line to 'False'
[4.308s] Level 5:colcon.colcon_core.verb:set package 'transbot_nav' build argument 'cmake_force_configure' from command line to 'False'
[4.308s] Level 5:colcon.colcon_core.verb:set package 'transbot_nav' build argument 'ament_cmake_args' from command line to 'None'
[4.309s] Level 5:colcon.colcon_core.verb:set package 'transbot_nav' build argument 'catkin_cmake_args' from command line to 'None'
[4.309s] Level 5:colcon.colcon_core.verb:set package 'transbot_nav' build argument 'catkin_skip_building_tests' from command line to 'False'
[4.309s] DEBUG:colcon.colcon_core.verb:Building package 'transbot_nav' with the following arguments: {'ament_cmake_args': None, 'build_base': '/home/jetson/Downloads/ros_ws/build/transbot_nav', 'catkin_cmake_args': None, 'catkin_skip_building_tests': False, 'cmake_args': None, 'cmake_clean_cache': False, 'cmake_clean_first': False, 'cmake_force_configure': False, 'cmake_target': None, 'cmake_target_skip_unavailable': False, 'install_base': '/home/jetson/Downloads/ros_ws/install/transbot_nav', 'merge_install': False, 'path': '/home/jetson/Downloads/ros_ws/transbot_nav', 'symlink_install': False, 'test_result_base': None}
[4.316s] Level 5:colcon.colcon_core.verb:set package 'usb_cam' build argument 'cmake_args' from command line to 'None'
[4.317s] Level 5:colcon.colcon_core.verb:set package 'usb_cam' build argument 'cmake_target' from command line to 'None'
[4.317s] Level 5:colcon.colcon_core.verb:set package 'usb_cam' build argument 'cmake_target_skip_unavailable' from command line to 'False'
[4.317s] Level 5:colcon.colcon_core.verb:set package 'usb_cam' build argument 'cmake_clean_cache' from command line to 'False'
[4.318s] Level 5:colcon.colcon_core.verb:set package 'usb_cam' build argument 'cmake_clean_first' from command line to 'False'
[4.318s] Level 5:colcon.colcon_core.verb:set package 'usb_cam' build argument 'cmake_force_configure' from command line to 'False'
[4.318s] Level 5:colcon.colcon_core.verb:set package 'usb_cam' build argument 'ament_cmake_args' from command line to 'None'
[4.319s] Level 5:colcon.colcon_core.verb:set package 'usb_cam' build argument 'catkin_cmake_args' from command line to 'None'
[4.319s] Level 5:colcon.colcon_core.verb:set package 'usb_cam' build argument 'catkin_skip_building_tests' from command line to 'False'
[4.319s] DEBUG:colcon.colcon_core.verb:Building package 'usb_cam' with the following arguments: {'ament_cmake_args': None, 'build_base': '/home/jetson/Downloads/ros_ws/build/usb_cam', 'catkin_cmake_args': None, 'catkin_skip_building_tests': False, 'cmake_args': None, 'cmake_clean_cache': False, 'cmake_clean_first': False, 'cmake_force_configure': False, 'cmake_target': None, 'cmake_target_skip_unavailable': False, 'install_base': '/home/jetson/Downloads/ros_ws/install/usb_cam', 'merge_install': False, 'path': '/home/jetson/Downloads/ros_ws/usb_cam-ros2', 'symlink_install': False, 'test_result_base': None}
[4.326s] INFO:colcon.colcon_core.executor:Executing jobs using 'parallel' executor
[4.354s] DEBUG:colcon.colcon_parallel_executor.executor.parallel:run_until_complete
[4.356s] INFO:colcon.colcon_cmake.task.cmake.build:Building CMake package in '/home/jetson/Downloads/ros_ws/imu_calib'
[4.405s] INFO:colcon.colcon_core.plugin_system:Skipping extension 'colcon_core.shell.bat': Not used on non-Windows systems
[4.406s] INFO:colcon.colcon_core.shell:Skip shell extension 'powershell' for command environment: Not usable outside of PowerShell
[4.406s] DEBUG:colcon.colcon_core.shell:Skip shell extension 'dsv' for command environment
[4.464s] INFO:colcon.colcon_cmake.task.cmake.build:Building CMake package in '/home/jetson/Downloads/ros_ws/transbot_bringup'
[4.477s] INFO:colcon.colcon_core.shell:Skip shell extension 'powershell' for command environment: Not usable outside of PowerShell
[4.478s] DEBUG:colcon.colcon_core.shell:Skip shell extension 'dsv' for command environment
[4.540s] INFO:colcon.colcon_cmake.task.cmake.build:Building CMake package in '/home/jetson/Downloads/ros_ws/transbot_ctrl'
[4.556s] INFO:colcon.colcon_core.shell:Skip shell extension 'powershell' for command environment: Not usable outside of PowerShell
[4.556s] DEBUG:colcon.colcon_core.shell:Skip shell extension 'dsv' for command environment
[4.623s] INFO:colcon.colcon_cmake.task.cmake.build:Building CMake package in '/home/jetson/Downloads/ros_ws/transbot_nav'
[4.638s] INFO:colcon.colcon_core.shell:Skip shell extension 'powershell' for command environment: Not usable outside of PowerShell
[4.638s] DEBUG:colcon.colcon_core.shell:Skip shell extension 'dsv' for command environment
[4.726s] DEBUG:colcon.colcon_core.event_handler.log_command:Invoking command in '/home/jetson/Downloads/ros_ws/build/imu_calib': /usr/bin/cmake /home/jetson/Downloads/ros_ws/imu_calib -DCMAKE_INSTALL_PREFIX=/home/jetson/Downloads/ros_ws/install/imu_calib
[4.793s] DEBUG:colcon.colcon_core.event_handler.log_command:Invoking command in '/home/jetson/Downloads/ros_ws/build/transbot_bringup': /usr/bin/cmake /home/jetson/Downloads/ros_ws/transbot_bringup -DCMAKE_INSTALL_PREFIX=/home/jetson/Downloads/ros_ws/install/transbot_bringup
[4.826s] DEBUG:colcon.colcon_core.event_handler.log_command:Invoking command in '/home/jetson/Downloads/ros_ws/build/transbot_ctrl': /usr/bin/cmake /home/jetson/Downloads/ros_ws/transbot_ctrl -DCMAKE_INSTALL_PREFIX=/home/jetson/Downloads/ros_ws/install/transbot_ctrl
[4.849s] DEBUG:colcon.colcon_core.event_handler.log_command:Invoking command in '/home/jetson/Downloads/ros_ws/build/transbot_nav': /usr/bin/cmake /home/jetson/Downloads/ros_ws/transbot_nav -DCMAKE_INSTALL_PREFIX=/home/jetson/Downloads/ros_ws/install/transbot_nav
[4.944s] DEBUG:colcon.colcon_core.event_handler.log_command:Invoked command in '/home/jetson/Downloads/ros_ws/build/transbot_nav' returned '1': /usr/bin/cmake /home/jetson/Downloads/ros_ws/transbot_nav -DCMAKE_INSTALL_PREFIX=/home/jetson/Downloads/ros_ws/install/transbot_nav
[10.086s] DEBUG:colcon.colcon_parallel_executor.executor.parallel:closing loop
[10.086s] DEBUG:colcon.colcon_parallel_executor.executor.parallel:loop closed
[10.087s] DEBUG:colcon.colcon_parallel_executor.executor.parallel:run_until_complete finished with '1'
[10.087s] DEBUG:colcon.colcon_core.event_reactor:joining thread
[10.163s] INFO:colcon.colcon_core.plugin_system:Skipping extension 'colcon_notification.desktop_notification.terminal_notifier': Not used on non-Darwin systems
[10.165s] INFO:colcon.colcon_core.plugin_system:Skipping extension 'colcon_notification.desktop_notification.win32': Not used on non-Windows systems
[10.165s] INFO:colcon.colcon_notification.desktop_notification:Sending desktop notification using 'notify2'
[10.295s] DEBUG:colcon.colcon_core.event_reactor:joined thread
[10.309s] INFO:colcon.colcon_core.shell:Creating prefix script '/home/jetson/Downloads/ros_ws/install/local_setup.ps1'
[10.317s] INFO:colcon.colcon_core.shell:Creating prefix util module '/home/jetson/Downloads/ros_ws/install/_local_setup_util_ps1.py'
[10.332s] INFO:colcon.colcon_core.shell:Creating prefix chain script '/home/jetson/Downloads/ros_ws/install/setup.ps1'
[10.351s] INFO:colcon.colcon_core.shell:Creating prefix script '/home/jetson/Downloads/ros_ws/install/local_setup.sh'
[10.355s] INFO:colcon.colcon_core.shell:Creating prefix util module '/home/jetson/Downloads/ros_ws/install/_local_setup_util_sh.py'
[10.357s] INFO:colcon.colcon_core.shell:Creating prefix chain script '/home/jetson/Downloads/ros_ws/install/setup.sh'
[10.372s] INFO:colcon.colcon_core.shell:Creating prefix script '/home/jetson/Downloads/ros_ws/install/local_setup.bash'
[10.376s] INFO:colcon.colcon_core.shell:Creating prefix chain script '/home/jetson/Downloads/ros_ws/install/setup.bash'
[10.391s] INFO:colcon.colcon_core.shell:Creating prefix script '/home/jetson/Downloads/ros_ws/install/local_setup.zsh'
[10.395s] INFO:colcon.colcon_core.shell:Creating prefix chain script '/home/jetson/Downloads/ros_ws/install/setup.zsh'
