[0.115s] Invoking command in '/home/jetson/Downloads/ros1/build/usb_cam': CMAKE_PREFIX_PATH=${CMAKE_PREFIX_PATH}:/home/jetson/Computer-Engineering-Final-Thesis/ldlidar_ros2_ws/install/ldlidar_stl_ros2:/home/jetson/ros2_ws/install/py_srvcli:/home/jetson/ros2_ws/install/py_pubsub:/home/jetson/ros2_ws/install/examples_rclpy_pointcloud_publisher:/home/jetson/ros2_ws/install/examples_rclpy_minimal_subscriber:/home/jetson/ros2_ws/install/examples_rclpy_minimal_service:/home/jetson/ros2_ws/install/examples_rclpy_minimal_publisher:/home/jetson/ros2_ws/install/examples_rclpy_minimal_client:/home/jetson/ros2_ws/install/examples_rclpy_minimal_action_server:/home/jetson/ros2_ws/install/examples_rclpy_minimal_action_client:/home/jetson/ros2_ws/install/examples_rclpy_guard_conditions:/home/jetson/ros2_ws/install/examples_rclpy_executors:/opt/ros/galactic /usr/bin/cmake /home/jetson/Downloads/ros1/src/usb_cam -DCMAKE_INSTALL_PREFIX=/home/jetson/Downloads/ros1/install/usb_cam
[0.743s] -- The C compiler identification is GNU 8.4.0
[1.309s] -- The CXX compiler identification is GNU 8.4.0
[1.364s] -- Check for working C compiler: /usr/bin/cc
[1.723s] -- Check for working C compiler: /usr/bin/cc -- works
[1.729s] -- Detecting C compiler ABI info
[2.057s] -- Detecting C compiler ABI info - done
[2.142s] -- Detecting C compile features
[2.144s] -- Detecting C compile features - done
[2.159s] -- Check for working CXX compiler: /usr/bin/c++
[2.477s] -- Check for working CXX compiler: /usr/bin/c++ -- works
[2.483s] -- Detecting CXX compiler ABI info
[2.834s] -- Detecting CXX compiler ABI info - done
[2.896s] -- Detecting CXX compile features
[2.899s] -- Detecting CXX compile features - done
[2.930s] -- Found ament_cmake_auto: 1.1.6 (/opt/ros/galactic/share/ament_cmake_auto/cmake)
[3.213s] -- Found PythonInterp: /usr/bin/python3 (found suitable version "3.8.10", minimum required is "3") 
[3.214s] -- Using PYTHON_EXECUTABLE: /usr/bin/python3
[4.441s] -- Looking for pthread.h
[4.803s] -- Looking for pthread.h - found
[4.804s] -- Performing Test CMAKE_HAVE_LIBC_PTHREAD
[5.131s] -- Performing Test CMAKE_HAVE_LIBC_PTHREAD - Failed
[5.132s] -- Looking for pthread_create in pthreads
[5.411s] -- Looking for pthread_create in pthreads - not found
[5.412s] -- Looking for pthread_create in pthread
[5.762s] -- Looking for pthread_create in pthread - found
[5.772s] -- Found Threads: TRUE  
[5.874s] -- Found CUDA: /usr/local/cuda (found suitable exact version "10.2") 
[6.304s] -- Using all available rosidl_typesupport_c: rosidl_typesupport_fastrtps_c;rosidl_typesupport_introspection_c
[6.393s] -- Found rosidl_adapter: 2.2.3 (/opt/ros/galactic/share/rosidl_adapter/cmake)
[7.066s] -- Found OpenSSL: /usr/lib/aarch64-linux-gnu/libcrypto.so (found version "1.1.1f")  
[7.218s] -- Found FastRTPS: /opt/ros/galactic/include  
[7.772s] -- Using all available rosidl_typesupport_cpp: rosidl_typesupport_fastrtps_cpp;rosidl_typesupport_introspection_cpp
[9.411s] -- Found rmw_implementation_cmake: 3.3.1 (/opt/ros/galactic/share/rmw_implementation_cmake/cmake)
[9.452s] -- Found rmw_cyclonedds_cpp: 0.22.6 (/opt/ros/galactic/share/rmw_cyclonedds_cpp/cmake)
[9.598s] -- Using RMW implementation 'rmw_cyclonedds_cpp' as default
[11.268s] -- Setting yaml-cpp_DIR to: '/opt/ros/galactic/share/yaml_cpp_vendor/cmake/../../../opt/yaml_cpp_vendor/lib/cmake/yaml-cpp'
[12.225s] -- Found OpenCV: /usr (found version "4.6.0") 
[12.239s] -- Found PkgConfig: /usr/bin/pkg-config (found version "0.29.1") 
[12.243s] -- Checking for module 'libavcodec'
[12.346s] --   Found libavcodec, version 58.54.100
[12.568s] -- Checking for module 'libavutil'
[12.674s] --   Found libavutil, version 56.31.100
[12.909s] -- Checking for module 'libswscale'
[13.014s] --   Found libswscale, version 5.5.100
[13.700s] -- Found ament_lint_auto: 0.10.7 (/opt/ros/galactic/share/ament_lint_auto/cmake)
[14.010s] -- Found gtest sources under '/opt/ros/galactic/src/gtest_vendor': C++ tests using 'Google Test' will be built
[14.023s] -- Check if compiler accepts -pthread
[14.354s] -- Check if compiler accepts -pthread - yes
[14.404s] -- Added test 'copyright' to check source files copyright and LICENSE
[14.420s] -- Added test 'cppcheck' to perform static code analysis on C / C++ code
[14.422s] -- Configured cppcheck include dirs: /home/jetson/Downloads/ros1/src/usb_cam/include
[14.423s] -- Configured cppcheck exclude dirs and/or files: 
[14.438s] -- Added test 'cpplint' to check C / C++ code against the Google style
[14.439s] -- Configured cpplint exclude dirs and/or files: 
[14.446s] -- Added test 'flake8' to check Python code syntax and style conventions
[14.453s] -- Added test 'lint_cmake' to check CMake code style
[14.459s] -- Added test 'pep257' to check Python code against some of the style conventions in PEP 257
[14.474s] -- Added test 'uncrustify' to check C / C++ code style
[14.474s] -- Configured uncrustify additional arguments: 
[14.480s] -- Added test 'xmllint' to check XML markup files
[14.519s] -- Configuring done
[14.922s] -- Generating done
[14.936s] -- Build files have been written to: /home/jetson/Downloads/ros1/build/usb_cam
[15.012s] Invoked command in '/home/jetson/Downloads/ros1/build/usb_cam' returned '0': CMAKE_PREFIX_PATH=${CMAKE_PREFIX_PATH}:/home/jetson/Computer-Engineering-Final-Thesis/ldlidar_ros2_ws/install/ldlidar_stl_ros2:/home/jetson/ros2_ws/install/py_srvcli:/home/jetson/ros2_ws/install/py_pubsub:/home/jetson/ros2_ws/install/examples_rclpy_pointcloud_publisher:/home/jetson/ros2_ws/install/examples_rclpy_minimal_subscriber:/home/jetson/ros2_ws/install/examples_rclpy_minimal_service:/home/jetson/ros2_ws/install/examples_rclpy_minimal_publisher:/home/jetson/ros2_ws/install/examples_rclpy_minimal_client:/home/jetson/ros2_ws/install/examples_rclpy_minimal_action_server:/home/jetson/ros2_ws/install/examples_rclpy_minimal_action_client:/home/jetson/ros2_ws/install/examples_rclpy_guard_conditions:/home/jetson/ros2_ws/install/examples_rclpy_executors:/opt/ros/galactic /usr/bin/cmake /home/jetson/Downloads/ros1/src/usb_cam -DCMAKE_INSTALL_PREFIX=/home/jetson/Downloads/ros1/install/usb_cam
[15.015s] Invoking command in '/home/jetson/Downloads/ros1/build/usb_cam': CMAKE_PREFIX_PATH=${CMAKE_PREFIX_PATH}:/home/jetson/Computer-Engineering-Final-Thesis/ldlidar_ros2_ws/install/ldlidar_stl_ros2:/home/jetson/ros2_ws/install/py_srvcli:/home/jetson/ros2_ws/install/py_pubsub:/home/jetson/ros2_ws/install/examples_rclpy_pointcloud_publisher:/home/jetson/ros2_ws/install/examples_rclpy_minimal_subscriber:/home/jetson/ros2_ws/install/examples_rclpy_minimal_service:/home/jetson/ros2_ws/install/examples_rclpy_minimal_publisher:/home/jetson/ros2_ws/install/examples_rclpy_minimal_client:/home/jetson/ros2_ws/install/examples_rclpy_minimal_action_server:/home/jetson/ros2_ws/install/examples_rclpy_minimal_action_client:/home/jetson/ros2_ws/install/examples_rclpy_guard_conditions:/home/jetson/ros2_ws/install/examples_rclpy_executors:/opt/ros/galactic /usr/bin/cmake --build /home/jetson/Downloads/ros1/build/usb_cam -- -j4 -l4
[15.244s] [35m[1mScanning dependencies of target usb_cam_node_exe[0m
[15.655s] [  7%] [32mBuilding CXX object CMakeFiles/usb_cam_node_exe.dir/rclcpp_components/node_main_usb_cam_node_exe.cpp.o[0m
[29.416s] [ 14%] [32m[1mLinking CXX executable usb_cam_node_exe[0m
[30.196s] [ 14%] Built target usb_cam_node_exe
[30.245s] [35m[1mScanning dependencies of target gtest_main[0m
[30.344s] [ 21%] [32mBuilding CXX object gtest/CMakeFiles/gtest_main.dir/src/gtest_main.cc.o[0m
[33.152s] [ 28%] [32m[1mLinking CXX static library libgtest_main.a[0m
[33.295s] [ 28%] Built target gtest_main
[33.342s] [35m[1mScanning dependencies of target gtest[0m
[33.426s] [ 35%] [32mBuilding CXX object gtest/CMakeFiles/gtest.dir/src/gtest-all.cc.o[0m
[47.128s] [ 42%] [32m[1mLinking CXX static library libgtest.a[0m
[47.376s] [ 42%] Built target gtest
[47.419s] [35m[1mScanning dependencies of target usb_cam[0m
[47.554s] [ 50%] [32mBuilding CXX object CMakeFiles/usb_cam.dir/src/usb_cam.cpp.o[0m
[48.088s] In file included from [01m[K/home/jetson/Downloads/ros1/src/usb_cam/include/usb_cam/utils.hpp:43[m[K,
[48.089s]                  from [01m[K/home/jetson/Downloads/ros1/src/usb_cam/include/usb_cam/usb_cam.hpp:45[m[K,
[48.089s]                  from [01m[K/home/jetson/Downloads/ros1/src/usb_cam/src/usb_cam.cpp:65[m[K:
[48.090s] [01m[K/home/jetson/Downloads/ros1/src/usb_cam/include/usb_cam/formats/pixel_format_base.hpp:30:[m[K [01;31m[Kerror: [m[Kunterminated #ifndef
[48.091s]  #ifndef USB_CAM__FORMATS__PIXEL_FORMAT_BASE_HPP_
[48.091s]  
[48.092s] In file included from [01m[K/home/jetson/Downloads/ros1/src/usb_cam/include/usb_cam/usb_cam.hpp:45[m[K,
[48.093s]                  from [01m[K/home/jetson/Downloads/ros1/src/usb_cam/src/usb_cam.cpp:65[m[K:
[48.093s] [01m[K/home/jetson/Downloads/ros1/src/usb_cam/include/usb_cam/utils.hpp:29:[m[K [01;31m[Kerror: [m[Kunterminated #ifndef
[48.094s]  #ifndef USB_CAM__UTILS_HPP_
[48.095s]  
[48.095s] In file included from [01m[K/home/jetson/Downloads/ros1/src/usb_cam/include/usb_cam/usb_cam.hpp:46[m[K,
[48.096s]                  from [01m[K/home/jetson/Downloads/ros1/src/usb_cam/src/usb_cam.cpp:65[m[K:
[48.096s] [01m[K/home/jetson/Downloads/ros1/src/usb_cam/include/usb_cam/formats/pixel_format_base.hpp:30:[m[K [01;31m[Kerror: [m[Kunterminated #ifndef
[48.097s]  #ifndef USB_CAM__FORMATS__PIXEL_FORMAT_BASE_HPP_
[48.098s]  
[48.104s] In file included from [01m[K/home/jetson/Downloads/ros1/src/usb_cam/include/usb_cam/formats/mjpeg.hpp:52[m[K,
[48.105s]                  from [01m[K/home/jetson/Downloads/ros1/src/usb_cam/include/usb_cam/usb_cam.hpp:48[m[K,
[48.106s]                  from [01m[K/home/jetson/Downloads/ros1/src/usb_cam/src/usb_cam.cpp:65[m[K:
[48.107s] [01m[K/home/jetson/Downloads/ros1/src/usb_cam/include/usb_cam/usb_cam.hpp:30:[m[K [01;31m[Kerror: [m[Kunterminated #ifndef
[48.110s]  #ifndef USB_CAM__USB_CAM_HPP_
[48.111s]  
[48.111s] In file included from [01m[K/home/jetson/Downloads/ros1/src/usb_cam/include/usb_cam/formats/mjpeg.hpp:53[m[K,
[48.112s]                  from [01m[K/home/jetson/Downloads/ros1/src/usb_cam/include/usb_cam/usb_cam.hpp:48[m[K,
[48.113s]                  from [01m[K/home/jetson/Downloads/ros1/src/usb_cam/src/usb_cam.cpp:65[m[K:
[48.113s] [01m[K/home/jetson/Downloads/ros1/src/usb_cam/include/usb_cam/formats/pixel_format_base.hpp:30:[m[K [01;31m[Kerror: [m[Kunterminated #ifndef
[48.114s]  #ifndef USB_CAM__FORMATS__PIXEL_FORMAT_BASE_HPP_
[48.114s]  
[48.115s] In file included from [01m[K/home/jetson/Downloads/ros1/src/usb_cam/include/usb_cam/formats/utils.hpp:33[m[K,
[48.118s]                  from [01m[K/home/jetson/Downloads/ros1/src/usb_cam/include/usb_cam/formats/mjpeg.hpp:54[m[K,
[48.118s]                  from [01m[K/home/jetson/Downloads/ros1/src/usb_cam/include/usb_cam/usb_cam.hpp:48[m[K,
[48.119s]                  from [01m[K/home/jetson/Downloads/ros1/src/usb_cam/src/usb_cam.cpp:65[m[K:
[48.120s] [01m[K/home/jetson/Downloads/ros1/src/usb_cam/include/usb_cam/utils.hpp:29:[m[K [01;31m[Kerror: [m[Kunterminated #ifndef
[48.121s]  #ifndef USB_CAM__UTILS_HPP_
[48.123s]  
[48.123s] In file included from [01m[K/home/jetson/Downloads/ros1/src/usb_cam/include/usb_cam/formats/mjpeg.hpp:54[m[K,
[48.126s]                  from [01m[K/home/jetson/Downloads/ros1/src/usb_cam/include/usb_cam/usb_cam.hpp:48[m[K,
[48.127s]                  from [01m[K/home/jetson/Downloads/ros1/src/usb_cam/src/usb_cam.cpp:65[m[K:
[48.127s] [01m[K/home/jetson/Downloads/ros1/src/usb_cam/include/usb_cam/formats/utils.hpp:30:[m[K [01;31m[Kerror: [m[Kunterminated #ifndef
[48.128s]  #ifndef USB_CAM__FORMATS__UTILS_HPP_
[48.129s]  
[48.131s] In file included from [01m[K/home/jetson/Downloads/ros1/src/usb_cam/include/usb_cam/usb_cam.hpp:48[m[K,
[48.132s]                  from [01m[K/home/jetson/Downloads/ros1/src/usb_cam/src/usb_cam.cpp:65[m[K:
[48.132s] [01m[K/home/jetson/Downloads/ros1/src/usb_cam/include/usb_cam/formats/mjpeg.hpp:30:[m[K [01;31m[Kerror: [m[Kunterminated #ifndef
[48.134s]  #ifndef USB_CAM__FORMATS__MJPEG_HPP_
[48.134s]  
[48.135s] In file included from [01m[K/home/jetson/Downloads/ros1/src/usb_cam/include/usb_cam/formats/mono.hpp:35[m[K,
[48.135s]                  from [01m[K/home/jetson/Downloads/ros1/src/usb_cam/include/usb_cam/usb_cam.hpp:49[m[K,
[48.136s]                  from [01m[K/home/jetson/Downloads/ros1/src/usb_cam/src/usb_cam.cpp:65[m[K:
[48.136s] [01m[K/home/jetson/Downloads/ros1/src/usb_cam/include/usb_cam/formats/pixel_format_base.hpp:30:[m[K [01;31m[Kerror: [m[Kunterminated #ifndef
[48.137s]  #ifndef USB_CAM__FORMATS__PIXEL_FORMAT_BASE_HPP_
[48.140s]  
[48.141s] In file included from [01m[K/home/jetson/Downloads/ros1/src/usb_cam/include/usb_cam/formats/mono.hpp:36[m[K,
[48.141s]                  from [01m[K/home/jetson/Downloads/ros1/src/usb_cam/include/usb_cam/usb_cam.hpp:49[m[K,
[48.142s]                  from [01m[K/home/jetson/Downloads/ros1/src/usb_cam/src/usb_cam.cpp:65[m[K:
[48.142s] [01m[K/home/jetson/Downloads/ros1/src/usb_cam/include/usb_cam/formats/utils.hpp:30:[m[K [01;31m[Kerror: [m[Kunterminated #ifndef
[48.143s]  #ifndef USB_CAM__FORMATS__UTILS_HPP_
[48.143s]  
[48.144s] In file included from [01m[K/home/jetson/Downloads/ros1/src/usb_cam/include/usb_cam/usb_cam.hpp:49[m[K,
[48.146s]                  from [01m[K/home/jetson/Downloads/ros1/src/usb_cam/src/usb_cam.cpp:65[m[K:
[48.147s] [01m[K/home/jetson/Downloads/ros1/src/usb_cam/include/usb_cam/formats/mono.hpp:111:1:[m[K [01;31m[Kerror: [m[Knull character(s) ignored [[01;31m[K-Werror[m[K]
[48.148s]  [01;31m[K [m[K                                                                                                                                                                                                                                                                                                                                                                                                                                                                                                                                                                                                                                                                                                                                                                                                                                                                                                                                                                                                                                                                                                                                                                                                                                                                                                                                                                                                                                                                                                                                                                                                                                                                                                                                                                                                                                                                                                                                                                                                                                                                                                                                                                                                                                                                                                                                                                                                                                                                                                                                                                                                                                                                                                                                                                                                                                                                                                                                                                                                                                                                                                                                                                                                                                                                                                                                                                                                                                                                                                                                                                                                                                                                                                                                                                                                                                                                                                                                                                                                                                                                                                                                                                                                                                                                                                                                                                                                                                                                                                                                                                                                                                              // Copyright 2023 Evan Flynn
[48.148s]  [01;31m[K^[m[K
[48.149s] In file included from [01m[K/home/jetson/Downloads/ros1/src/usb_cam/include/usb_cam/formats/rgb.hpp:35[m[K,
[48.150s]                  from [01m[K/home/jetson/Downloads/ros1/src/usb_cam/include/usb_cam/usb_cam.hpp:50[m[K,
[48.150s]                  from [01m[K/home/jetson/Downloads/ros1/src/usb_cam/src/usb_cam.cpp:65[m[K:
[48.152s] [01m[K/home/jetson/Downloads/ros1/src/usb_cam/include/usb_cam/formats/pixel_format_base.hpp:30:[m[K [01;31m[Kerror: [m[Kunterminated #ifndef
[48.153s]  #ifndef USB_CAM__FORMATS__PIXEL_FORMAT_BASE_HPP_
[48.153s]  
[48.154s] In file included from [01m[K/home/jetson/Downloads/ros1/src/usb_cam/include/usb_cam/formats/rgb.hpp:36[m[K,
[48.154s]                  from [01m[K/home/jetson/Downloads/ros1/src/usb_cam/include/usb_cam/usb_cam.hpp:50[m[K,
[48.155s]                  from [01m[K/home/jetson/Downloads/ros1/src/usb_cam/src/usb_cam.cpp:65[m[K:
[48.155s] [01m[K/home/jetson/Downloads/ros1/src/usb_cam/include/usb_cam/formats/utils.hpp:30:[m[K [01;31m[Kerror: [m[Kunterminated #ifndef
[48.156s]  #ifndef USB_CAM__FORMATS__UTILS_HPP_
[48.156s]  
[48.157s] In file included from [01m[K/home/jetson/Downloads/ros1/src/usb_cam/include/usb_cam/usb_cam.hpp:50[m[K,
[48.158s]                  from [01m[K/home/jetson/Downloads/ros1/src/usb_cam/src/usb_cam.cpp:65[m[K:
[48.161s] [01m[K/home/jetson/Downloads/ros1/src/usb_cam/include/usb_cam/formats/rgb.hpp:62:1:[m[K [01;31m[Kerror: [m[Knull character(s) ignored [[01;31m[K-Werror[m[K]
[48.162s]  [01;31m[K [m[K                                                                                                                                                                                                                                                                                                                                                                                                                                                                                                                                                                                                                                                                                                                                                                                                                                                                                                                                                                                                                                                                                                                                                                                                                                                                                                                                                                                                                                                                                                                                                                                                                                                                                                                                                                                                                                                                                                                                                                                                                                                                                                                                                                                                                                                                                                                                                                                                                                                                                                                                                                                                                                                                                                                                                                                                                                                                                                                                                                                                                                                                                                                                                                                                                                                                                                                                                                                                                                                                                                                                                                                                                                                                                                                                                                                                                                                                                                                                                                                                                                                                                                                                                                                                                                                                                                                                                                                                                                                                                                                                                                                                                                                                                                                                                                                                                                                                                                                                                                                                                                                                                                   // Copyright 2023 Evan Flynn
[48.163s]  [01;31m[K^[m[K
[48.163s] In file included from [01m[K/home/jetson/Downloads/ros1/src/usb_cam/include/usb_cam/formats/uyvy.hpp:35[m[K,
[48.164s]                  from [01m[K/home/jetson/Downloads/ros1/src/usb_cam/include/usb_cam/usb_cam.hpp:51[m[K,
[48.167s]                  from [01m[K/home/jetson/Downloads/ros1/src/usb_cam/src/usb_cam.cpp:65[m[K:
[48.168s] [01m[K/home/jetson/Downloads/ros1/src/usb_cam/include/usb_cam/formats/pixel_format_base.hpp:30:[m[K [01;31m[Kerror: [m[Kunterminated #ifndef
[48.169s]  #ifndef USB_CAM__FORMATS__PIXEL_FORMAT_BASE_HPP_
[48.169s]  
[48.170s] In file included from [01m[K/home/jetson/Downloads/ros1/src/usb_cam/include/usb_cam/formats/uyvy.hpp:36[m[K,
[48.172s]                  from [01m[K/home/jetson/Downloads/ros1/src/usb_cam/include/usb_cam/usb_cam.hpp:51[m[K,
[48.173s]                  from [01m[K/home/jetson/Downloads/ros1/src/usb_cam/src/usb_cam.cpp:65[m[K:
[48.173s] [01m[K/home/jetson/Downloads/ros1/src/usb_cam/include/usb_cam/formats/utils.hpp:30:[m[K [01;31m[Kerror: [m[Kunterminated #ifndef
[48.174s]  #ifndef USB_CAM__FORMATS__UTILS_HPP_
[48.175s]  
[48.175s] In file included from [01m[K/home/jetson/Downloads/ros1/src/usb_cam/include/usb_cam/usb_cam.hpp:51[m[K,
[48.176s]                  from [01m[K/home/jetson/Downloads/ros1/src/usb_cam/src/usb_cam.cpp:65[m[K:
[48.177s] [01m[K/home/jetson/Downloads/ros1/src/usb_cam/include/usb_cam/formats/uyvy.hpp:112:1:[m[K [01;31m[Kerror: [m[Knull character(s) ignored [[01;31m[K-Werror[m[K]
[48.177s]  [01;31m[K [m[K                                                                                                                                                                                                                                                                                                                                                                                        // Copyright 2023 Evan Flynn
[48.178s]  [01;31m[K^[m[K
[48.179s] In file included from [01m[K/home/jetson/Downloads/ros1/src/usb_cam/include/usb_cam/formats/yuyv.hpp:35[m[K,
[48.180s]                  from [01m[K/home/jetson/Downloads/ros1/src/usb_cam/include/usb_cam/usb_cam.hpp:52[m[K,
[48.181s]                  from [01m[K/home/jetson/Downloads/ros1/src/usb_cam/src/usb_cam.cpp:65[m[K:
[48.181s] [01m[K/home/jetson/Downloads/ros1/src/usb_cam/include/usb_cam/formats/pixel_format_base.hpp:30:[m[K [01;31m[Kerror: [m[Kunterminated #ifndef
[48.182s]  #ifndef USB_CAM__FORMATS__PIXEL_FORMAT_BASE_HPP_
[48.183s]  
[48.183s] In file included from [01m[K/home/jetson/Downloads/ros1/src/usb_cam/include/usb_cam/formats/yuyv.hpp:36[m[K,
[48.184s]                  from [01m[K/home/jetson/Downloads/ros1/src/usb_cam/include/usb_cam/usb_cam.hpp:52[m[K,
[48.184s]                  from [01m[K/home/jetson/Downloads/ros1/src/usb_cam/src/usb_cam.cpp:65[m[K:
[48.185s] [01m[K/home/jetson/Downloads/ros1/src/usb_cam/include/usb_cam/formats/utils.hpp:30:[m[K [01;31m[Kerror: [m[Kunterminated #ifndef
[48.186s]  #ifndef USB_CAM__FORMATS__UTILS_HPP_
[48.186s]  
[48.189s] In file included from [01m[K/home/jetson/Downloads/ros1/src/usb_cam/include/usb_cam/usb_cam.hpp:52[m[K,
[48.190s]                  from [01m[K/home/jetson/Downloads/ros1/src/usb_cam/src/usb_cam.cpp:65[m[K:
[48.190s] [01m[K/home/jetson/Downloads/ros1/src/usb_cam/include/usb_cam/formats/yuyv.hpp:30:[m[K [01;31m[Kerror: [m[Kunterminated #ifndef
[48.191s]  #ifndef USB_CAM__FORMATS__YUYV_HPP_
[48.191s]  
[48.192s] In file included from [01m[K/home/jetson/Downloads/ros1/src/usb_cam/include/usb_cam/formats/m420.hpp:37[m[K,
[48.192s]                  from [01m[K/home/jetson/Downloads/ros1/src/usb_cam/include/usb_cam/usb_cam.hpp:53[m[K,
[48.193s]                  from [01m[K/home/jetson/Downloads/ros1/src/usb_cam/src/usb_cam.cpp:65[m[K:
[48.194s] [01m[K/home/jetson/Downloads/ros1/src/usb_cam/include/usb_cam/formats/pixel_format_base.hpp:30:[m[K [01;31m[Kerror: [m[Kunterminated #ifndef
[48.196s]  #ifndef USB_CAM__FORMATS__PIXEL_FORMAT_BASE_HPP_
[48.196s]  
[48.197s] In file included from [01m[K/home/jetson/Downloads/ros1/src/usb_cam/include/usb_cam/formats/m420.hpp:38[m[K,
[48.197s]                  from [01m[K/home/jetson/Downloads/ros1/src/usb_cam/include/usb_cam/usb_cam.hpp:53[m[K,
[48.198s]                  from [01m[K/home/jetson/Downloads/ros1/src/usb_cam/src/usb_cam.cpp:65[m[K:
[48.198s] [01m[K/home/jetson/Downloads/ros1/src/usb_cam/include/usb_cam/formats/utils.hpp:30:[m[K [01;31m[Kerror: [m[Kunterminated #ifndef
[48.199s]  #ifndef USB_CAM__FORMATS__UTILS_HPP_
[48.200s]  
[48.201s] In file included from [01m[K/home/jetson/Downloads/ros1/src/usb_cam/include/usb_cam/usb_cam.hpp:53[m[K,
[48.202s]                  from [01m[K/home/jetson/Downloads/ros1/src/usb_cam/src/usb_cam.cpp:65[m[K:
[48.202s] [01m[K/home/jetson/Downloads/ros1/src/usb_cam/include/usb_cam/formats/m420.hpp:30:[m[K [01;31m[Kerror: [m[Kunterminated #ifndef
[48.203s]  #ifndef USB_CAM__FORMATS__M420_HPP_
[48.204s]  
[48.204s] In file included from [01m[K/home/jetson/Downloads/ros1/src/usb_cam/src/usb_cam.cpp:65[m[K:
[48.204s] [01m[K/home/jetson/Downloads/ros1/src/usb_cam/include/usb_cam/usb_cam.hpp:30:[m[K [01;31m[Kerror: [m[Kunterminated #ifndef
[48.205s]  #ifndef USB_CAM__USB_CAM_HPP_
[48.205s]  
[48.206s] In file included from [01m[K/home/jetson/Downloads/ros1/src/usb_cam/include/usb_cam/conversions.hpp:39[m[K,
[48.206s]                  from [01m[K/home/jetson/Downloads/ros1/src/usb_cam/src/usb_cam.cpp:66[m[K:
[48.207s] [01m[K/home/jetson/Downloads/ros1/src/usb_cam/include/usb_cam/utils.hpp:29:[m[K [01;31m[Kerror: [m[Kunterminated #ifndef
[48.207s]  #ifndef USB_CAM__UTILS_HPP_
[48.208s]  
[48.208s] In file included from [01m[K/home/jetson/Downloads/ros1/src/usb_cam/src/usb_cam.cpp:66[m[K:
[48.209s] [01m[K/home/jetson/Downloads/ros1/src/usb_cam/include/usb_cam/conversions.hpp:66:1:[m[K [01;31m[Kerror: [m[Knull character(s) ignored [[01;31m[K-Werror[m[K]
[48.210s]  [01;31m[K [m[K                                                                                                                                                                                                                                                                                                                                                                                                                                                                                                                                                                                                                                                                                                                                                                                                                                                                                                                                                                                                                                                                                                                                                                                                                                                                                                                                                                                                                                                                                                                                                                                                                                                                                                                                                                                                                                                                                                                                                                                                                                                                                                                                                                                                                                                                                                                                                                                                                                                                                                                                                                                                                                                                                                                                                                                                                                                                                                                                                                                                                                                                                                                                                                                                                                                                                                                                                                                                                                                                                                                                                                                                                                                                                                                                                                                                                                                                                                                                                                                                                                                                                                                                                                                                                                                                                                                                                                                                                                                                                                                                                                                                                                                                                                                                                                                                                                                                                                                                                                                          // Copyright 2023 Evan Flynn
[48.210s]  [01;31m[K^[m[K
[48.211s] In file included from [01m[K/home/jetson/Downloads/ros1/src/usb_cam/src/usb_cam.cpp:67[m[K:
[48.211s] [01m[K/home/jetson/Downloads/ros1/src/usb_cam/include/usb_cam/utils.hpp:29:[m[K [01;31m[Kerror: [m[Kunterminated #ifndef
[48.211s]  #ifndef USB_CAM__UTILS_HPP_
[48.212s]  
[51.112s] In file included from [01m[K/home/jetson/Downloads/ros1/src/usb_cam/include/usb_cam/usb_cam.hpp:45[m[K,
[51.112s]                  from [01m[K/home/jetson/Downloads/ros1/src/usb_cam/src/usb_cam.cpp:65[m[K:
[51.113s] [01m[K/home/jetson/Downloads/ros1/src/usb_cam/include/usb_cam/utils.hpp:45:1:[m[K [01;31m[Kerror: [m[Kexpected unqualified-id before ‘[01m[Knamespace[m[K’
[51.113s]  [01;31m[Knamespace[m[K usb_cam
[51.114s]  [01;31m[K^~~~~~~~~[m[K
[51.114s] [01m[K/home/jetson/Downloads/ros1/src/usb_cam/src/usb_cam.cpp:781:1:[m[K [01;31m[Kerror: [m[Kexpected ‘[01m[K}[m[K’ at end of input
[51.114s]  [01;31m[K}[m[K  // namespace usb_cam
[51.115s]  [01;31m[K^[m[K
[51.115s] In file included from [01m[K/home/jetson/Downloads/ros1/src/usb_cam/include/usb_cam/utils.hpp:43[m[K,
[51.116s]                  from [01m[K/home/jetson/Downloads/ros1/src/usb_cam/include/usb_cam/usb_cam.hpp:45[m[K,
[51.116s]                  from [01m[K/home/jetson/Downloads/ros1/src/usb_cam/src/usb_cam.cpp:65[m[K:
[51.117s] [01m[K/home/jetson/Downloads/ros1/src/usb_cam/include/usb_cam/formats/pixel_format_base.hpp:49:1:[m[K [01;36m[Knote: [m[Kto match this ‘[01m[K{[m[K’
[51.119s]  [01;36m[K{[m[K
[51.119s]  [01;36m[K^[m[K
[51.120s] [01m[K/home/jetson/Downloads/ros1/src/usb_cam/include/usb_cam/formats/pixel_format_base.hpp:[m[K In constructor ‘[01m[Kusb_cam::formats::pixel_format_base::pixel_format_base(std::__cxx11::string, uint32_t, std::__cxx11::string, uint8_t, uint8_t, bool)[m[K’:
[51.120s] [01m[K/home/jetson/Downloads/ros1/src/usb_cam/include/usb_cam/formats/pixel_format_base.hpp:54:5:[m[K [01;31m[Kerror: [m[Kclass ‘[01m[Kusb_cam::formats::pixel_format_base[m[K’ does not have any field named ‘[01m[Km_name[m[K’
[51.121s]    : [01;31m[Km_name[m[K(name),
[51.122s]      [01;31m[K^~~~~~[m[K
[51.124s] [01m[K/home/jetson/Downloads/ros1/src/usb_cam/include/usb_cam/formats/pixel_format_base.hpp:55:5:[m[K [01;31m[Kerror: [m[Kclass ‘[01m[Kusb_cam::formats::pixel_format_base[m[K’ does not have any field named ‘[01m[Km_v4l2[m[K’
[51.124s]      [01;31m[Km_v4l2[m[K(v4l2),
[51.125s]      [01;31m[K^~~~~~[m[K
[51.125s] [01m[K/home/jetson/Downloads/ros1/src/usb_cam/include/usb_cam/formats/pixel_format_base.hpp:56:5:[m[K [01;31m[Kerror: [m[Kclass ‘[01m[Kusb_cam::formats::pixel_format_base[m[K’ does not have any field named ‘[01m[Km_ros[m[K’
[51.126s]      [01;31m[Km_ros[m[K(ros),
[51.126s]      [01;31m[K^~~~~[m[K
[51.127s] [01m[K/home/jetson/Downloads/ros1/src/usb_cam/include/usb_cam/formats/pixel_format_base.hpp:57:5:[m[K [01;31m[Kerror: [m[Kclass ‘[01m[Kusb_cam::formats::pixel_format_base[m[K’ does not have any field named ‘[01m[Km_channels[m[K’
[51.127s]      [01;31m[Km_channels[m[K(channels),
[51.128s]      [01;31m[K^~~~~~~~~~[m[K
[51.128s] [01m[K/home/jetson/Downloads/ros1/src/usb_cam/include/usb_cam/formats/pixel_format_base.hpp:58:5:[m[K [01;31m[Kerror: [m[Kclass ‘[01m[Kusb_cam::formats::pixel_format_base[m[K’ does not have any field named ‘[01m[Km_bit_depth[m[K’
[51.129s]      [01;31m[Km_bit_depth[m[K(bit_depth),
[51.137s]      [01;31m[K^~~~~~~~~~~[m[K
[51.138s] [01m[K/home/jetson/Downloads/ros1/src/usb_cam/include/usb_cam/formats/pixel_format_base.hpp:59:5:[m[K [01;31m[Kerror: [m[Kclass ‘[01m[Kusb_cam::formats::pixel_format_base[m[K’ does not have any field named ‘[01m[Km_requires_conversion[m[K’
[51.139s]      [01;31m[Km_requires_conversion[m[K(requires_conversion)
[51.140s]      [01;31m[K^~~~~~~~~~~~~~~~~~~~~[m[K
[51.140s] [01m[K/home/jetson/Downloads/ros1/src/usb_cam/include/usb_cam/formats/pixel_format_base.hpp:[m[K In member function ‘[01m[Kstd::__cxx11::string usb_cam::formats::pixel_format_base::name()[m[K’:
[51.141s] [01m[K/home/jetson/Downloads/ros1/src/usb_cam/include/usb_cam/formats/pixel_format_base.hpp:64:37:[m[K [01;31m[Kerror: [m[K‘[01m[Km_name[m[K’ was not declared in this scope
[51.141s]    inline std::string name() {return [01;31m[Km_name[m[K;}
[51.142s]                                      [01;31m[K^~~~~~[m[K
[51.142s] [01m[K/home/jetson/Downloads/ros1/src/usb_cam/include/usb_cam/formats/pixel_format_base.hpp:64:37:[m[K [01;36m[Knote: [m[Ksuggested alternative: ‘[01m[Kname[m[K’
[51.147s]    inline std::string name() {return [01;36m[Km_name[m[K;}
[51.148s]                                      [01;36m[K^~~~~~[m[K
[51.149s]                                      [32m[Kname[m[K
[51.150s] [01m[K/home/jetson/Downloads/ros1/src/usb_cam/include/usb_cam/formats/pixel_format_base.hpp:[m[K In member function ‘[01m[Kuint32_t usb_cam::formats::pixel_format_base::v4l2()[m[K’:
[51.151s] [01m[K/home/jetson/Downloads/ros1/src/usb_cam/include/usb_cam/formats/pixel_format_base.hpp:68:34:[m[K [01;31m[Kerror: [m[K‘[01m[Km_v4l2[m[K’ was not declared in this scope
[51.151s]    inline uint32_t v4l2() {return [01;31m[Km_v4l2[m[K;}
[51.152s]                                   [01;31m[K^~~~~~[m[K
[51.153s] [01m[K/home/jetson/Downloads/ros1/src/usb_cam/include/usb_cam/formats/pixel_format_base.hpp:68:34:[m[K [01;36m[Knote: [m[Ksuggested alternative: ‘[01m[Kv4l2[m[K’
[51.154s]    inline uint32_t v4l2() {return [01;36m[Km_v4l2[m[K;}
[51.154s]                                   [01;36m[K^~~~~~[m[K
[51.155s]                                   [32m[Kv4l2[m[K
[51.156s] [01m[K/home/jetson/Downloads/ros1/src/usb_cam/include/usb_cam/formats/pixel_format_base.hpp:[m[K In member function ‘[01m[Kstd::__cxx11::string usb_cam::formats::pixel_format_base::ros()[m[K’:
[51.157s] [01m[K/home/jetson/Downloads/ros1/src/usb_cam/include/usb_cam/formats/pixel_format_base.hpp:72:36:[m[K [01;31m[Kerror: [m[K‘[01m[Km_ros[m[K’ was not declared in this scope
[51.158s]    inline std::string ros() {return [01;31m[Km_ros[m[K;}
[51.159s]                                     [01;31m[K^~~~~[m[K
[51.160s] [01m[K/home/jetson/Downloads/ros1/src/usb_cam/include/usb_cam/formats/pixel_format_base.hpp:72:36:[m[K [01;36m[Knote: [m[Ksuggested alternative: ‘[01m[Kros[m[K’
[51.160s]    inline std::string ros() {return [01;36m[Km_ros[m[K;}
[51.161s]                                     [01;36m[K^~~~~[m[K
[51.162s]                                     [32m[Kros[m[K
[51.163s] [01m[K/home/jetson/Downloads/ros1/src/usb_cam/include/usb_cam/formats/pixel_format_base.hpp:[m[K In member function ‘[01m[Kuint8_t usb_cam::formats::pixel_format_base::channels()[m[K’:
[51.163s] [01m[K/home/jetson/Downloads/ros1/src/usb_cam/include/usb_cam/formats/pixel_format_base.hpp:76:37:[m[K [01;31m[Kerror: [m[K‘[01m[Km_channels[m[K’ was not declared in this scope
[51.164s]    inline uint8_t channels() {return [01;31m[Km_channels[m[K;}
[51.165s]                                      [01;31m[K^~~~~~~~~~[m[K
[51.165s] [01m[K/home/jetson/Downloads/ros1/src/usb_cam/include/usb_cam/formats/pixel_format_base.hpp:76:37:[m[K [01;36m[Knote: [m[Ksuggested alternative: ‘[01m[Kchannels[m[K’
[51.167s]    inline uint8_t channels() {return [01;36m[Km_channels[m[K;}
[51.168s]                                      [01;36m[K^~~~~~~~~~[m[K
[51.168s]                                      [32m[Kchannels[m[K
[51.169s] [01m[K/home/jetson/Downloads/ros1/src/usb_cam/include/usb_cam/formats/pixel_format_base.hpp:[m[K In member function ‘[01m[Kuint8_t usb_cam::formats::pixel_format_base::bit_depth()[m[K’:
[51.170s] [01m[K/home/jetson/Downloads/ros1/src/usb_cam/include/usb_cam/formats/pixel_format_base.hpp:80:38:[m[K [01;31m[Kerror: [m[K‘[01m[Km_bit_depth[m[K’ was not declared in this scope
[51.170s]    inline uint8_t bit_depth() {return [01;31m[Km_bit_depth[m[K;}
[51.171s]                                       [01;31m[K^~~~~~~~~~~[m[K
[51.172s] [01m[K/home/jetson/Downloads/ros1/src/usb_cam/include/usb_cam/formats/pixel_format_base.hpp:80:38:[m[K [01;36m[Knote: [m[Ksuggested alternative: ‘[01m[Kbit_depth[m[K’
[51.174s]    inline uint8_t bit_depth() {return [01;36m[Km_bit_depth[m[K;}
[51.174s]                                       [01;36m[K^~~~~~~~~~~[m[K
[51.175s]                                       [32m[Kbit_depth[m[K
[51.175s] [01m[K/home/jetson/Downloads/ros1/src/usb_cam/include/usb_cam/formats/pixel_format_base.hpp:[m[K In member function ‘[01m[Kbool usb_cam::formats::pixel_format_base::requires_conversion()[m[K’:
[51.176s] [01m[K/home/jetson/Downloads/ros1/src/usb_cam/include/usb_cam/formats/pixel_format_base.hpp:86:45:[m[K [01;31m[Kerror: [m[K‘[01m[Km_requires_conversion[m[K’ was not declared in this scope
[51.177s]    inline bool requires_conversion() {return [01;31m[Km_requires_conversion[m[K;}
[51.180s]                                              [01;31m[K^~~~~~~~~~~~~~~~~~~~~[m[K
[51.188s] [01m[K/home/jetson/Downloads/ros1/src/usb_cam/include/usb_cam/formats/pixel_format_base.hpp:86:45:[m[K [01;36m[Knote: [m[Ksuggested alternative: ‘[01m[Krequires_conversion[m[K’
[51.188s]    inline bool requires_conversion() {return [01;36m[Km_requires_conversion[m[K;}
[51.189s]                                              [01;36m[K^~~~~~~~~~~~~~~~~~~~~[m[K
[51.189s]                                              [32m[Krequires_conversion[m[K
[51.190s] [01m[K/home/jetson/Downloads/ros1/src/usb_cam/include/usb_cam/formats/pixel_format_base.hpp:[m[K At global scope:
[51.190s] [01m[K/home/jetson/Downloads/ros1/src/usb_cam/include/usb_cam/formats/pixel_format_base.hpp:86:67:[m[K [01;31m[Kerror: [m[Kexpected unqualified-id at end of input
[51.190s]    inline bool requires_conversion() {return m_requires_conversion;[01;31m[K}[m[K
[51.191s]                                                                    [01;31m[K^[m[K
[51.191s] [01m[K/home/jetson/Downloads/ros1/src/usb_cam/include/usb_cam/formats/pixel_format_base.hpp:86:67:[m[K [01;31m[Kerror: [m[Kexpected ‘[01m[K}[m[K’ at end of input
[51.191s] [01m[K/home/jetson/Downloads/ros1/src/usb_cam/include/usb_cam/formats/pixel_format_base.hpp:43:1:[m[K [01;36m[Knote: [m[Kto match this ‘[01m[K{[m[K’
[51.192s]  [01;36m[K{[m[K
[51.192s]  [01;36m[K^[m[K
[51.192s] [01m[K/home/jetson/Downloads/ros1/src/usb_cam/include/usb_cam/formats/pixel_format_base.hpp:86:67:[m[K [01;31m[Kerror: [m[Kexpected ‘[01m[K}[m[K’ at end of input
[51.194s]    inline bool requires_conversion() {return m_requires_conversion;[01;31m[K}[m[K
[51.195s]                                                                    [01;31m[K^[m[K
[51.196s] [01m[K/home/jetson/Downloads/ros1/src/usb_cam/include/usb_cam/formats/pixel_format_base.hpp:41:1:[m[K [01;36m[Knote: [m[Kto match this ‘[01m[K{[m[K’
[51.196s]  [01;36m[K{[m[K
[51.196s]  [01;36m[K^[m[K
[51.521s] cc1plus: all warnings being treated as errors
[51.549s] make[2]: *** [CMakeFiles/usb_cam.dir/build.make:63: CMakeFiles/usb_cam.dir/src/usb_cam.cpp.o] Error 1
[51.550s] make[1]: *** [CMakeFiles/Makefile2:161: CMakeFiles/usb_cam.dir/all] Error 2
[51.551s] make: *** [Makefile:141: all] Error 2
[51.573s] Invoked command in '/home/jetson/Downloads/ros1/build/usb_cam' returned '2': CMAKE_PREFIX_PATH=${CMAKE_PREFIX_PATH}:/home/jetson/Computer-Engineering-Final-Thesis/ldlidar_ros2_ws/install/ldlidar_stl_ros2:/home/jetson/ros2_ws/install/py_srvcli:/home/jetson/ros2_ws/install/py_pubsub:/home/jetson/ros2_ws/install/examples_rclpy_pointcloud_publisher:/home/jetson/ros2_ws/install/examples_rclpy_minimal_subscriber:/home/jetson/ros2_ws/install/examples_rclpy_minimal_service:/home/jetson/ros2_ws/install/examples_rclpy_minimal_publisher:/home/jetson/ros2_ws/install/examples_rclpy_minimal_client:/home/jetson/ros2_ws/install/examples_rclpy_minimal_action_server:/home/jetson/ros2_ws/install/examples_rclpy_minimal_action_client:/home/jetson/ros2_ws/install/examples_rclpy_guard_conditions:/home/jetson/ros2_ws/install/examples_rclpy_executors:/opt/ros/galactic /usr/bin/cmake --build /home/jetson/Downloads/ros1/build/usb_cam -- -j4 -l4
