[1.790s] DEBUG:colcon:Command line arguments: ['/usr/bin/colcon', 'build']
[1.790s] DEBUG:colcon:Parsed command line arguments: Namespace(allow_overriding=[], ament_cmake_args=None, base_paths=['.'], build_base='build', catkin_cmake_args=None, catkin_skip_building_tests=False, cmake_args=None, cmake_clean_cache=False, cmake_clean_first=False, cmake_force_configure=False, cmake_target=None, cmake_target_skip_unavailable=False, continue_on_error=False, event_handlers=None, executor='parallel', ignore_user_meta=False, install_base='install', log_base=None, log_level=None, main=<bound method BuildVerb.main of <colcon_core.verb.build.BuildVerb object at 0x7f866e9670>>, merge_install=False, metas=['./colcon.meta'], packages_above=None, packages_above_and_dependencies=None, packages_above_depth=None, packages_end=None, packages_ignore=None, packages_ignore_regex=None, packages_select=None, packages_select_build_failed=False, packages_select_by_dep=None, packages_select_regex=None, packages_select_test_failures=False, packages_skip=None, packages_skip_build_finished=False, packages_skip_by_dep=None, packages_skip_regex=None, packages_skip_test_passed=False, packages_skip_up_to=None, packages_start=None, packages_up_to=None, packages_up_to_regex=None, parallel_workers=4, paths=None, symlink_install=False, test_result_base=None, verb_extension=<colcon_core.verb.build.BuildVerb object at 0x7f866e9670>, verb_name='build', verb_parser=<colcon_defaults.argument_parser.defaults.DefaultArgumentsDecorator object at 0x7f866e9bb0>)
[1.968s] Level 1:colcon.colcon_core.package_discovery:discover_packages(colcon_meta) check parameters
[1.969s] Level 1:colcon.colcon_core.package_discovery:discover_packages(recursive) check parameters
[1.969s] Level 1:colcon.colcon_core.package_discovery:discover_packages(ignore) check parameters
[1.969s] Level 1:colcon.colcon_core.package_discovery:discover_packages(path) check parameters
[1.969s] Level 1:colcon.colcon_core.package_discovery:discover_packages(colcon_meta) discover
[1.970s] Level 1:colcon.colcon_core.package_discovery:discover_packages(recursive) discover
[1.970s] INFO:colcon.colcon_core.package_discovery:Crawling recursively for packages in '/home/hnt/ldlidar_ros2_ws'
[1.970s] Level 1:colcon.colcon_core.package_identification:_identify(.) by extensions ['ignore', 'ignore_ament_install']
[1.970s] Level 1:colcon.colcon_core.package_identification:_identify(.) by extension 'ignore'
[1.971s] Level 1:colcon.colcon_core.package_identification:_identify(.) by extension 'ignore_ament_install'
[1.971s] Level 1:colcon.colcon_core.package_identification:_identify(.) by extensions ['colcon_pkg']
[1.971s] Level 1:colcon.colcon_core.package_identification:_identify(.) by extension 'colcon_pkg'
[1.971s] Level 1:colcon.colcon_core.package_identification:_identify(.) by extensions ['colcon_meta']
[1.971s] Level 1:colcon.colcon_core.package_identification:_identify(.) by extension 'colcon_meta'
[1.972s] Level 1:colcon.colcon_core.package_identification:_identify(.) by extensions ['ros']
[1.972s] Level 1:colcon.colcon_core.package_identification:_identify(.) by extension 'ros'
[2.017s] Level 1:colcon.colcon_core.package_identification:_identify(.) by extensions ['cmake', 'python']
[2.018s] Level 1:colcon.colcon_core.package_identification:_identify(.) by extension 'cmake'
[2.018s] Level 1:colcon.colcon_core.package_identification:_identify(.) by extension 'python'
[2.018s] Level 1:colcon.colcon_core.package_identification:_identify(.) by extensions ['python_setup_py']
[2.018s] Level 1:colcon.colcon_core.package_identification:_identify(.) by extension 'python_setup_py'
[2.019s] Level 1:colcon.colcon_core.package_identification:_identify(build) by extensions ['ignore', 'ignore_ament_install']
[2.019s] Level 1:colcon.colcon_core.package_identification:_identify(build) by extension 'ignore'
[2.019s] Level 1:colcon.colcon_core.package_identification:_identify(build) ignored
[2.020s] Level 1:colcon.colcon_core.package_identification:_identify(install) by extensions ['ignore', 'ignore_ament_install']
[2.020s] Level 1:colcon.colcon_core.package_identification:_identify(install) by extension 'ignore'
[2.020s] Level 1:colcon.colcon_core.package_identification:_identify(install) ignored
[2.021s] Level 1:colcon.colcon_core.package_identification:_identify(log) by extensions ['ignore', 'ignore_ament_install']
[2.021s] Level 1:colcon.colcon_core.package_identification:_identify(log) by extension 'ignore'
[2.021s] Level 1:colcon.colcon_core.package_identification:_identify(log) ignored
[2.022s] Level 1:colcon.colcon_core.package_identification:_identify(src) by extensions ['ignore', 'ignore_ament_install']
[2.022s] Level 1:colcon.colcon_core.package_identification:_identify(src) by extension 'ignore'
[2.022s] Level 1:colcon.colcon_core.package_identification:_identify(src) by extension 'ignore_ament_install'
[2.022s] Level 1:colcon.colcon_core.package_identification:_identify(src) by extensions ['colcon_pkg']
[2.022s] Level 1:colcon.colcon_core.package_identification:_identify(src) by extension 'colcon_pkg'
[2.023s] Level 1:colcon.colcon_core.package_identification:_identify(src) by extensions ['colcon_meta']
[2.023s] Level 1:colcon.colcon_core.package_identification:_identify(src) by extension 'colcon_meta'
[2.023s] Level 1:colcon.colcon_core.package_identification:_identify(src) by extensions ['ros']
[2.023s] Level 1:colcon.colcon_core.package_identification:_identify(src) by extension 'ros'
[2.024s] Level 1:colcon.colcon_core.package_identification:_identify(src) by extensions ['cmake', 'python']
[2.024s] Level 1:colcon.colcon_core.package_identification:_identify(src) by extension 'cmake'
[2.024s] Level 1:colcon.colcon_core.package_identification:_identify(src) by extension 'python'
[2.024s] Level 1:colcon.colcon_core.package_identification:_identify(src) by extensions ['python_setup_py']
[2.024s] Level 1:colcon.colcon_core.package_identification:_identify(src) by extension 'python_setup_py'
[2.025s] Level 1:colcon.colcon_core.package_identification:_identify(src/ldlidar_stl_ros2) by extensions ['ignore', 'ignore_ament_install']
[2.025s] Level 1:colcon.colcon_core.package_identification:_identify(src/ldlidar_stl_ros2) by extension 'ignore'
[2.025s] Level 1:colcon.colcon_core.package_identification:_identify(src/ldlidar_stl_ros2) by extension 'ignore_ament_install'
[2.025s] Level 1:colcon.colcon_core.package_identification:_identify(src/ldlidar_stl_ros2) by extensions ['colcon_pkg']
[2.026s] Level 1:colcon.colcon_core.package_identification:_identify(src/ldlidar_stl_ros2) by extension 'colcon_pkg'
[2.026s] Level 1:colcon.colcon_core.package_identification:_identify(src/ldlidar_stl_ros2) by extensions ['colcon_meta']
[2.026s] Level 1:colcon.colcon_core.package_identification:_identify(src/ldlidar_stl_ros2) by extension 'colcon_meta'
[2.026s] Level 1:colcon.colcon_core.package_identification:_identify(src/ldlidar_stl_ros2) by extensions ['ros']
[2.026s] Level 1:colcon.colcon_core.package_identification:_identify(src/ldlidar_stl_ros2) by extension 'ros'
[2.039s] DEBUG:colcon.colcon_core.package_identification:Package 'src/ldlidar_stl_ros2' with type 'ros.ament_cmake' and name 'ldlidar_stl_ros2'
[2.039s] Level 1:colcon.colcon_core.package_discovery:discover_packages(recursive) using defaults
[2.040s] Level 1:colcon.colcon_core.package_discovery:discover_packages(ignore) discover
[2.040s] Level 1:colcon.colcon_core.package_discovery:discover_packages(ignore) using defaults
[2.040s] Level 1:colcon.colcon_core.package_discovery:discover_packages(path) discover
[2.040s] Level 1:colcon.colcon_core.package_discovery:discover_packages(path) using defaults
[2.151s] Level 1:colcon.colcon_core.package_discovery:discover_packages(prefix_path) check parameters
[2.151s] Level 1:colcon.colcon_core.package_discovery:discover_packages(prefix_path) discover
[2.171s] DEBUG:colcon.colcon_installed_package_information.package_discovery:Found 1 installed packages in /home/hnt/ldlidar_ros2_ws/install
[2.183s] DEBUG:colcon.colcon_installed_package_information.package_discovery:Found 256 installed packages in /opt/ros/foxy
[2.191s] Level 1:colcon.colcon_core.package_discovery:discover_packages(prefix_path) using defaults
[2.505s] Level 5:colcon.colcon_core.verb:set package 'ldlidar_stl_ros2' build argument 'cmake_args' from command line to 'None'
[2.505s] Level 5:colcon.colcon_core.verb:set package 'ldlidar_stl_ros2' build argument 'cmake_target' from command line to 'None'
[2.505s] Level 5:colcon.colcon_core.verb:set package 'ldlidar_stl_ros2' build argument 'cmake_target_skip_unavailable' from command line to 'False'
[2.505s] Level 5:colcon.colcon_core.verb:set package 'ldlidar_stl_ros2' build argument 'cmake_clean_cache' from command line to 'False'
[2.506s] Level 5:colcon.colcon_core.verb:set package 'ldlidar_stl_ros2' build argument 'cmake_clean_first' from command line to 'False'
[2.506s] Level 5:colcon.colcon_core.verb:set package 'ldlidar_stl_ros2' build argument 'cmake_force_configure' from command line to 'False'
[2.506s] Level 5:colcon.colcon_core.verb:set package 'ldlidar_stl_ros2' build argument 'ament_cmake_args' from command line to 'None'
[2.506s] Level 5:colcon.colcon_core.verb:set package 'ldlidar_stl_ros2' build argument 'catkin_cmake_args' from command line to 'None'
[2.506s] Level 5:colcon.colcon_core.verb:set package 'ldlidar_stl_ros2' build argument 'catkin_skip_building_tests' from command line to 'False'
[2.506s] DEBUG:colcon.colcon_core.verb:Building package 'ldlidar_stl_ros2' with the following arguments: {'ament_cmake_args': None, 'build_base': '/home/hnt/ldlidar_ros2_ws/build/ldlidar_stl_ros2', 'catkin_cmake_args': None, 'catkin_skip_building_tests': False, 'cmake_args': None, 'cmake_clean_cache': False, 'cmake_clean_first': False, 'cmake_force_configure': False, 'cmake_target': None, 'cmake_target_skip_unavailable': False, 'install_base': '/home/hnt/ldlidar_ros2_ws/install/ldlidar_stl_ros2', 'merge_install': False, 'path': '/home/hnt/ldlidar_ros2_ws/src/ldlidar_stl_ros2', 'symlink_install': False, 'test_result_base': None}
[2.512s] INFO:colcon.colcon_core.executor:Executing jobs using 'parallel' executor
[2.541s] DEBUG:colcon.colcon_parallel_executor.executor.parallel:run_until_complete
[2.542s] INFO:colcon.colcon_ros.task.ament_cmake.build:Building ROS package in '/home/hnt/ldlidar_ros2_ws/src/ldlidar_stl_ros2' with build type 'ament_cmake'
[2.543s] INFO:colcon.colcon_cmake.task.cmake.build:Building CMake package in '/home/hnt/ldlidar_ros2_ws/src/ldlidar_stl_ros2'
[2.581s] INFO:colcon.colcon_core.plugin_system:Skipping extension 'colcon_core.shell.bat': Not used on non-Windows systems
[2.581s] INFO:colcon.colcon_core.shell:Skip shell extension 'powershell' for command environment: Not usable outside of PowerShell
[2.582s] DEBUG:colcon.colcon_core.shell:Skip shell extension 'dsv' for command environment
[2.633s] DEBUG:colcon.colcon_core.event_handler.log_command:Invoking command in '/home/hnt/ldlidar_ros2_ws/build/ldlidar_stl_ros2': CMAKE_PREFIX_PATH=${CMAKE_PREFIX_PATH}:/opt/ros/foxy /usr/bin/cmake --build /home/hnt/ldlidar_ros2_ws/build/ldlidar_stl_ros2 -- -j4 -l4
[15.437s] DEBUG:colcon.colcon_core.event_handler.log_command:Invoked command in '/home/hnt/ldlidar_ros2_ws/build/ldlidar_stl_ros2' returned '0': CMAKE_PREFIX_PATH=${CMAKE_PREFIX_PATH}:/opt/ros/foxy /usr/bin/cmake --build /home/hnt/ldlidar_ros2_ws/build/ldlidar_stl_ros2 -- -j4 -l4
[15.607s] DEBUG:colcon.colcon_core.event_handler.log_command:Invoking command in '/home/hnt/ldlidar_ros2_ws/build/ldlidar_stl_ros2': CMAKE_PREFIX_PATH=${CMAKE_PREFIX_PATH}:/opt/ros/foxy /usr/bin/cmake --install /home/hnt/ldlidar_ros2_ws/build/ldlidar_stl_ros2
[15.660s] Level 1:colcon.colcon_core.environment:create_environment_scripts_only(ldlidar_stl_ros2)
[15.664s] DEBUG:colcon.colcon_core.event_handler.log_command:Invoked command in '/home/hnt/ldlidar_ros2_ws/build/ldlidar_stl_ros2' returned '0': CMAKE_PREFIX_PATH=${CMAKE_PREFIX_PATH}:/opt/ros/foxy /usr/bin/cmake --install /home/hnt/ldlidar_ros2_ws/build/ldlidar_stl_ros2
[15.715s] Level 1:colcon.colcon_core.environment:checking '/home/hnt/ldlidar_ros2_ws/install/ldlidar_stl_ros2' for CMake module files
[15.718s] Level 1:colcon.colcon_core.environment:checking '/home/hnt/ldlidar_ros2_ws/install/ldlidar_stl_ros2' for CMake config files
[15.720s] Level 1:colcon.colcon_core.shell:create_environment_hook('ldlidar_stl_ros2', 'cmake_prefix_path')
[15.734s] INFO:colcon.colcon_core.shell:Creating environment hook '/home/hnt/ldlidar_ros2_ws/install/ldlidar_stl_ros2/share/ldlidar_stl_ros2/hook/cmake_prefix_path.ps1'
[15.740s] INFO:colcon.colcon_core.shell:Creating environment descriptor '/home/hnt/ldlidar_ros2_ws/install/ldlidar_stl_ros2/share/ldlidar_stl_ros2/hook/cmake_prefix_path.dsv'
[15.743s] INFO:colcon.colcon_core.shell:Creating environment hook '/home/hnt/ldlidar_ros2_ws/install/ldlidar_stl_ros2/share/ldlidar_stl_ros2/hook/cmake_prefix_path.sh'
[15.750s] Level 1:colcon.colcon_core.environment:checking '/home/hnt/ldlidar_ros2_ws/install/ldlidar_stl_ros2/lib'
[15.751s] Level 1:colcon.colcon_core.environment:checking '/home/hnt/ldlidar_ros2_ws/install/ldlidar_stl_ros2/bin'
[15.751s] Level 1:colcon.colcon_core.environment:checking '/home/hnt/ldlidar_ros2_ws/install/ldlidar_stl_ros2/lib/pkgconfig/ldlidar_stl_ros2.pc'
[15.752s] Level 1:colcon.colcon_core.environment:checking '/home/hnt/ldlidar_ros2_ws/install/ldlidar_stl_ros2/lib/python3.8/site-packages'
[15.753s] Level 1:colcon.colcon_core.environment:checking '/home/hnt/ldlidar_ros2_ws/install/ldlidar_stl_ros2/bin'
[15.766s] INFO:colcon.colcon_core.shell:Creating package script '/home/hnt/ldlidar_ros2_ws/install/ldlidar_stl_ros2/share/ldlidar_stl_ros2/package.ps1'
[15.770s] INFO:colcon.colcon_core.shell:Creating package descriptor '/home/hnt/ldlidar_ros2_ws/install/ldlidar_stl_ros2/share/ldlidar_stl_ros2/package.dsv'
[15.773s] INFO:colcon.colcon_core.shell:Creating package script '/home/hnt/ldlidar_ros2_ws/install/ldlidar_stl_ros2/share/ldlidar_stl_ros2/package.sh'
[15.776s] INFO:colcon.colcon_core.shell:Creating package script '/home/hnt/ldlidar_ros2_ws/install/ldlidar_stl_ros2/share/ldlidar_stl_ros2/package.bash'
[15.780s] INFO:colcon.colcon_core.shell:Creating package script '/home/hnt/ldlidar_ros2_ws/install/ldlidar_stl_ros2/share/ldlidar_stl_ros2/package.zsh'
[15.785s] Level 1:colcon.colcon_core.environment:create_file_with_runtime_dependencies(/home/hnt/ldlidar_ros2_ws/install/ldlidar_stl_ros2/share/colcon-core/packages/ldlidar_stl_ros2)
[15.915s] Level 1:colcon.colcon_core.environment:create_environment_scripts_only(ldlidar_stl_ros2)
[15.934s] Level 1:colcon.colcon_core.environment:checking '/home/hnt/ldlidar_ros2_ws/install/ldlidar_stl_ros2' for CMake module files
[15.937s] Level 1:colcon.colcon_core.environment:checking '/home/hnt/ldlidar_ros2_ws/install/ldlidar_stl_ros2' for CMake config files
[15.938s] Level 1:colcon.colcon_core.shell:create_environment_hook('ldlidar_stl_ros2', 'cmake_prefix_path')
[15.952s] INFO:colcon.colcon_core.shell:Creating environment hook '/home/hnt/ldlidar_ros2_ws/install/ldlidar_stl_ros2/share/ldlidar_stl_ros2/hook/cmake_prefix_path.ps1'
[15.954s] INFO:colcon.colcon_core.shell:Creating environment descriptor '/home/hnt/ldlidar_ros2_ws/install/ldlidar_stl_ros2/share/ldlidar_stl_ros2/hook/cmake_prefix_path.dsv'
[15.955s] INFO:colcon.colcon_core.shell:Creating environment hook '/home/hnt/ldlidar_ros2_ws/install/ldlidar_stl_ros2/share/ldlidar_stl_ros2/hook/cmake_prefix_path.sh'
[15.957s] Level 1:colcon.colcon_core.environment:checking '/home/hnt/ldlidar_ros2_ws/install/ldlidar_stl_ros2/lib'
[15.957s] Level 1:colcon.colcon_core.environment:checking '/home/hnt/ldlidar_ros2_ws/install/ldlidar_stl_ros2/bin'
[15.958s] Level 1:colcon.colcon_core.environment:checking '/home/hnt/ldlidar_ros2_ws/install/ldlidar_stl_ros2/lib/pkgconfig/ldlidar_stl_ros2.pc'
[15.959s] Level 1:colcon.colcon_core.environment:checking '/home/hnt/ldlidar_ros2_ws/install/ldlidar_stl_ros2/lib/python3.8/site-packages'
[15.959s] Level 1:colcon.colcon_core.environment:checking '/home/hnt/ldlidar_ros2_ws/install/ldlidar_stl_ros2/bin'
[15.972s] INFO:colcon.colcon_core.shell:Creating package script '/home/hnt/ldlidar_ros2_ws/install/ldlidar_stl_ros2/share/ldlidar_stl_ros2/package.ps1'
[15.974s] INFO:colcon.colcon_core.shell:Creating package descriptor '/home/hnt/ldlidar_ros2_ws/install/ldlidar_stl_ros2/share/ldlidar_stl_ros2/package.dsv'
[15.976s] INFO:colcon.colcon_core.shell:Creating package script '/home/hnt/ldlidar_ros2_ws/install/ldlidar_stl_ros2/share/ldlidar_stl_ros2/package.sh'
[15.978s] INFO:colcon.colcon_core.shell:Creating package script '/home/hnt/ldlidar_ros2_ws/install/ldlidar_stl_ros2/share/ldlidar_stl_ros2/package.bash'
[15.979s] INFO:colcon.colcon_core.shell:Creating package script '/home/hnt/ldlidar_ros2_ws/install/ldlidar_stl_ros2/share/ldlidar_stl_ros2/package.zsh'
[15.981s] Level 1:colcon.colcon_core.environment:create_file_with_runtime_dependencies(/home/hnt/ldlidar_ros2_ws/install/ldlidar_stl_ros2/share/colcon-core/packages/ldlidar_stl_ros2)
[15.982s] DEBUG:colcon.colcon_parallel_executor.executor.parallel:closing loop
[15.983s] DEBUG:colcon.colcon_parallel_executor.executor.parallel:loop closed
[15.983s] DEBUG:colcon.colcon_parallel_executor.executor.parallel:run_until_complete finished with '0'
[15.984s] DEBUG:colcon.colcon_core.event_reactor:joining thread
[16.022s] INFO:colcon.colcon_core.plugin_system:Skipping extension 'colcon_notification.desktop_notification.terminal_notifier': Not used on non-Darwin systems
[16.022s] INFO:colcon.colcon_core.plugin_system:Skipping extension 'colcon_notification.desktop_notification.win32': Not used on non-Windows systems
[16.023s] INFO:colcon.colcon_notification.desktop_notification:Sending desktop notification using 'notify2'
[16.082s] DEBUG:colcon.colcon_core.event_reactor:joined thread
[16.097s] INFO:colcon.colcon_core.shell:Creating prefix script '/home/hnt/ldlidar_ros2_ws/install/local_setup.ps1'
[16.103s] INFO:colcon.colcon_core.shell:Creating prefix util module '/home/hnt/ldlidar_ros2_ws/install/_local_setup_util_ps1.py'
[16.111s] INFO:colcon.colcon_core.shell:Creating prefix chain script '/home/hnt/ldlidar_ros2_ws/install/setup.ps1'
[16.120s] INFO:colcon.colcon_core.shell:Creating prefix script '/home/hnt/ldlidar_ros2_ws/install/local_setup.sh'
[16.123s] INFO:colcon.colcon_core.shell:Creating prefix util module '/home/hnt/ldlidar_ros2_ws/install/_local_setup_util_sh.py'
[16.125s] INFO:colcon.colcon_core.shell:Creating prefix chain script '/home/hnt/ldlidar_ros2_ws/install/setup.sh'
[16.133s] INFO:colcon.colcon_core.shell:Creating prefix script '/home/hnt/ldlidar_ros2_ws/install/local_setup.bash'
[16.137s] INFO:colcon.colcon_core.shell:Creating prefix chain script '/home/hnt/ldlidar_ros2_ws/install/setup.bash'
[16.146s] INFO:colcon.colcon_core.shell:Creating prefix script '/home/hnt/ldlidar_ros2_ws/install/local_setup.zsh'
[16.149s] INFO:colcon.colcon_core.shell:Creating prefix chain script '/home/hnt/ldlidar_ros2_ws/install/setup.zsh'
