[3.248s] DEBUG:colcon:Command line arguments: ['/usr/bin/colcon', 'build']
[3.248s] DEBUG:colcon:Parsed command line arguments: Namespace(allow_overriding=[], ament_cmake_args=None, base_paths=['.'], build_base='build', catkin_cmake_args=None, catkin_skip_building_tests=False, cmake_args=None, cmake_clean_cache=False, cmake_clean_first=False, cmake_force_configure=False, cmake_target=None, cmake_target_skip_unavailable=False, continue_on_error=False, event_handlers=None, executor='parallel', ignore_user_meta=False, install_base='install', log_base=None, log_level=None, main=<bound method BuildVerb.main of <colcon_core.verb.build.BuildVerb object at 0x7fb5769460>>, merge_install=False, metas=['./colcon.meta'], packages_above=None, packages_above_and_dependencies=None, packages_above_depth=None, packages_end=None, packages_ignore=None, packages_ignore_regex=None, packages_select=None, packages_select_build_failed=False, packages_select_by_dep=None, packages_select_regex=None, packages_select_test_failures=False, packages_skip=None, packages_skip_build_finished=False, packages_skip_by_dep=None, packages_skip_regex=None, packages_skip_test_passed=False, packages_skip_up_to=None, packages_start=None, packages_up_to=None, packages_up_to_regex=None, parallel_workers=4, paths=None, symlink_install=False, test_result_base=None, verb_extension=<colcon_core.verb.build.BuildVerb object at 0x7fb5769460>, verb_name='build', verb_parser=<colcon_defaults.argument_parser.defaults.DefaultArgumentsDecorator object at 0x7fb57699a0>)
[3.520s] Level 1:colcon.colcon_core.package_discovery:discover_packages(colcon_meta) check parameters
[3.520s] Level 1:colcon.colcon_core.package_discovery:discover_packages(recursive) check parameters
[3.520s] Level 1:colcon.colcon_core.package_discovery:discover_packages(ignore) check parameters
[3.520s] Level 1:colcon.colcon_core.package_discovery:discover_packages(path) check parameters
[3.520s] Level 1:colcon.colcon_core.package_discovery:discover_packages(colcon_meta) discover
[3.521s] Level 1:colcon.colcon_core.package_discovery:discover_packages(recursive) discover
[3.521s] INFO:colcon.colcon_core.package_discovery:Crawling recursively for packages in '/home/hnt/ldlidar_ros2_ws'
[3.521s] Level 1:colcon.colcon_core.package_identification:_identify(.) by extensions ['ignore', 'ignore_ament_install']
[3.522s] Level 1:colcon.colcon_core.package_identification:_identify(.) by extension 'ignore'
[3.522s] Level 1:colcon.colcon_core.package_identification:_identify(.) by extension 'ignore_ament_install'
[3.522s] Level 1:colcon.colcon_core.package_identification:_identify(.) by extensions ['colcon_pkg']
[3.522s] Level 1:colcon.colcon_core.package_identification:_identify(.) by extension 'colcon_pkg'
[3.523s] Level 1:colcon.colcon_core.package_identification:_identify(.) by extensions ['colcon_meta']
[3.523s] Level 1:colcon.colcon_core.package_identification:_identify(.) by extension 'colcon_meta'
[3.523s] Level 1:colcon.colcon_core.package_identification:_identify(.) by extensions ['ros']
[3.523s] Level 1:colcon.colcon_core.package_identification:_identify(.) by extension 'ros'
[3.582s] Level 1:colcon.colcon_core.package_identification:_identify(.) by extensions ['cmake', 'python']
[3.582s] Level 1:colcon.colcon_core.package_identification:_identify(.) by extension 'cmake'
[3.583s] Level 1:colcon.colcon_core.package_identification:_identify(.) by extension 'python'
[3.583s] Level 1:colcon.colcon_core.package_identification:_identify(.) by extensions ['python_setup_py']
[3.583s] Level 1:colcon.colcon_core.package_identification:_identify(.) by extension 'python_setup_py'
[3.584s] Level 1:colcon.colcon_core.package_identification:_identify(build) by extensions ['ignore', 'ignore_ament_install']
[3.584s] Level 1:colcon.colcon_core.package_identification:_identify(build) by extension 'ignore'
[3.584s] Level 1:colcon.colcon_core.package_identification:_identify(build) ignored
[3.585s] Level 1:colcon.colcon_core.package_identification:_identify(install) by extensions ['ignore', 'ignore_ament_install']
[3.585s] Level 1:colcon.colcon_core.package_identification:_identify(install) by extension 'ignore'
[3.586s] Level 1:colcon.colcon_core.package_identification:_identify(install) ignored
[3.586s] Level 1:colcon.colcon_core.package_identification:_identify(log) by extensions ['ignore', 'ignore_ament_install']
[3.587s] Level 1:colcon.colcon_core.package_identification:_identify(log) by extension 'ignore'
[3.587s] Level 1:colcon.colcon_core.package_identification:_identify(log) ignored
[3.588s] Level 1:colcon.colcon_core.package_identification:_identify(src) by extensions ['ignore', 'ignore_ament_install']
[3.588s] Level 1:colcon.colcon_core.package_identification:_identify(src) by extension 'ignore'
[3.588s] Level 1:colcon.colcon_core.package_identification:_identify(src) by extension 'ignore_ament_install'
[3.589s] Level 1:colcon.colcon_core.package_identification:_identify(src) by extensions ['colcon_pkg']
[3.589s] Level 1:colcon.colcon_core.package_identification:_identify(src) by extension 'colcon_pkg'
[3.589s] Level 1:colcon.colcon_core.package_identification:_identify(src) by extensions ['colcon_meta']
[3.589s] Level 1:colcon.colcon_core.package_identification:_identify(src) by extension 'colcon_meta'
[3.589s] Level 1:colcon.colcon_core.package_identification:_identify(src) by extensions ['ros']
[3.590s] Level 1:colcon.colcon_core.package_identification:_identify(src) by extension 'ros'
[3.590s] Level 1:colcon.colcon_core.package_identification:_identify(src) by extensions ['cmake', 'python']
[3.590s] Level 1:colcon.colcon_core.package_identification:_identify(src) by extension 'cmake'
[3.590s] Level 1:colcon.colcon_core.package_identification:_identify(src) by extension 'python'
[3.591s] Level 1:colcon.colcon_core.package_identification:_identify(src) by extensions ['python_setup_py']
[3.591s] Level 1:colcon.colcon_core.package_identification:_identify(src) by extension 'python_setup_py'
[3.591s] Level 1:colcon.colcon_core.package_identification:_identify(src/ldlidar_stl_ros2) by extensions ['ignore', 'ignore_ament_install']
[3.592s] Level 1:colcon.colcon_core.package_identification:_identify(src/ldlidar_stl_ros2) by extension 'ignore'
[3.592s] Level 1:colcon.colcon_core.package_identification:_identify(src/ldlidar_stl_ros2) by extension 'ignore_ament_install'
[3.592s] Level 1:colcon.colcon_core.package_identification:_identify(src/ldlidar_stl_ros2) by extensions ['colcon_pkg']
[3.592s] Level 1:colcon.colcon_core.package_identification:_identify(src/ldlidar_stl_ros2) by extension 'colcon_pkg'
[3.592s] Level 1:colcon.colcon_core.package_identification:_identify(src/ldlidar_stl_ros2) by extensions ['colcon_meta']
[3.592s] Level 1:colcon.colcon_core.package_identification:_identify(src/ldlidar_stl_ros2) by extension 'colcon_meta'
[3.593s] Level 1:colcon.colcon_core.package_identification:_identify(src/ldlidar_stl_ros2) by extensions ['ros']
[3.593s] Level 1:colcon.colcon_core.package_identification:_identify(src/ldlidar_stl_ros2) by extension 'ros'
[3.610s] DEBUG:colcon.colcon_core.package_identification:Package 'src/ldlidar_stl_ros2' with type 'ros.ament_cmake' and name 'ldlidar_stl_ros2'
[3.610s] Level 1:colcon.colcon_core.package_discovery:discover_packages(recursive) using defaults
[3.610s] Level 1:colcon.colcon_core.package_discovery:discover_packages(ignore) discover
[3.611s] Level 1:colcon.colcon_core.package_discovery:discover_packages(ignore) using defaults
[3.611s] Level 1:colcon.colcon_core.package_discovery:discover_packages(path) discover
[3.611s] Level 1:colcon.colcon_core.package_discovery:discover_packages(path) using defaults
[3.766s] Level 1:colcon.colcon_core.package_discovery:discover_packages(prefix_path) check parameters
[3.766s] Level 1:colcon.colcon_core.package_discovery:discover_packages(prefix_path) discover
[3.793s] DEBUG:colcon.colcon_installed_package_information.package_discovery:Found 1 installed packages in /home/hnt/ldlidar_ros2_ws/install
[3.808s] DEBUG:colcon.colcon_installed_package_information.package_discovery:Found 256 installed packages in /opt/ros/foxy
[3.816s] Level 1:colcon.colcon_core.package_discovery:discover_packages(prefix_path) using defaults
[4.359s] Level 5:colcon.colcon_core.verb:set package 'ldlidar_stl_ros2' build argument 'cmake_args' from command line to 'None'
[4.359s] Level 5:colcon.colcon_core.verb:set package 'ldlidar_stl_ros2' build argument 'cmake_target' from command line to 'None'
[4.359s] Level 5:colcon.colcon_core.verb:set package 'ldlidar_stl_ros2' build argument 'cmake_target_skip_unavailable' from command line to 'False'
[4.360s] Level 5:colcon.colcon_core.verb:set package 'ldlidar_stl_ros2' build argument 'cmake_clean_cache' from command line to 'False'
[4.360s] Level 5:colcon.colcon_core.verb:set package 'ldlidar_stl_ros2' build argument 'cmake_clean_first' from command line to 'False'
[4.360s] Level 5:colcon.colcon_core.verb:set package 'ldlidar_stl_ros2' build argument 'cmake_force_configure' from command line to 'False'
[4.360s] Level 5:colcon.colcon_core.verb:set package 'ldlidar_stl_ros2' build argument 'ament_cmake_args' from command line to 'None'
[4.360s] Level 5:colcon.colcon_core.verb:set package 'ldlidar_stl_ros2' build argument 'catkin_cmake_args' from command line to 'None'
[4.360s] Level 5:colcon.colcon_core.verb:set package 'ldlidar_stl_ros2' build argument 'catkin_skip_building_tests' from command line to 'False'
[4.360s] DEBUG:colcon.colcon_core.verb:Building package 'ldlidar_stl_ros2' with the following arguments: {'ament_cmake_args': None, 'build_base': '/home/hnt/ldlidar_ros2_ws/build/ldlidar_stl_ros2', 'catkin_cmake_args': None, 'catkin_skip_building_tests': False, 'cmake_args': None, 'cmake_clean_cache': False, 'cmake_clean_first': False, 'cmake_force_configure': False, 'cmake_target': None, 'cmake_target_skip_unavailable': False, 'install_base': '/home/hnt/ldlidar_ros2_ws/install/ldlidar_stl_ros2', 'merge_install': False, 'path': '/home/hnt/ldlidar_ros2_ws/src/ldlidar_stl_ros2', 'symlink_install': False, 'test_result_base': None}
[4.366s] INFO:colcon.colcon_core.executor:Executing jobs using 'parallel' executor
[4.395s] DEBUG:colcon.colcon_parallel_executor.executor.parallel:run_until_complete
[4.396s] INFO:colcon.colcon_ros.task.ament_cmake.build:Building ROS package in '/home/hnt/ldlidar_ros2_ws/src/ldlidar_stl_ros2' with build type 'ament_cmake'
[4.397s] INFO:colcon.colcon_cmake.task.cmake.build:Building CMake package in '/home/hnt/ldlidar_ros2_ws/src/ldlidar_stl_ros2'
[4.448s] INFO:colcon.colcon_core.plugin_system:Skipping extension 'colcon_core.shell.bat': Not used on non-Windows systems
[4.449s] INFO:colcon.colcon_core.shell:Skip shell extension 'powershell' for command environment: Not usable outside of PowerShell
[4.450s] DEBUG:colcon.colcon_core.shell:Skip shell extension 'dsv' for command environment
[4.511s] DEBUG:colcon.colcon_core.event_handler.log_command:Invoking command in '/home/hnt/ldlidar_ros2_ws/build/ldlidar_stl_ros2': CMAKE_PREFIX_PATH=${CMAKE_PREFIX_PATH}:/opt/ros/foxy /usr/bin/cmake --build /home/hnt/ldlidar_ros2_ws/build/ldlidar_stl_ros2 -- -j4 -l4
[19.386s] DEBUG:colcon.colcon_core.event_handler.log_command:Invoked command in '/home/hnt/ldlidar_ros2_ws/build/ldlidar_stl_ros2' returned '0': CMAKE_PREFIX_PATH=${CMAKE_PREFIX_PATH}:/opt/ros/foxy /usr/bin/cmake --build /home/hnt/ldlidar_ros2_ws/build/ldlidar_stl_ros2 -- -j4 -l4
[19.566s] DEBUG:colcon.colcon_core.event_handler.log_command:Invoking command in '/home/hnt/ldlidar_ros2_ws/build/ldlidar_stl_ros2': CMAKE_PREFIX_PATH=${CMAKE_PREFIX_PATH}:/opt/ros/foxy /usr/bin/cmake --install /home/hnt/ldlidar_ros2_ws/build/ldlidar_stl_ros2
[19.636s] Level 1:colcon.colcon_core.environment:create_environment_scripts_only(ldlidar_stl_ros2)
[19.639s] DEBUG:colcon.colcon_core.event_handler.log_command:Invoked command in '/home/hnt/ldlidar_ros2_ws/build/ldlidar_stl_ros2' returned '0': CMAKE_PREFIX_PATH=${CMAKE_PREFIX_PATH}:/opt/ros/foxy /usr/bin/cmake --install /home/hnt/ldlidar_ros2_ws/build/ldlidar_stl_ros2
[19.688s] Level 1:colcon.colcon_core.environment:checking '/home/hnt/ldlidar_ros2_ws/install/ldlidar_stl_ros2' for CMake module files
[19.691s] Level 1:colcon.colcon_core.environment:checking '/home/hnt/ldlidar_ros2_ws/install/ldlidar_stl_ros2' for CMake config files
[19.694s] Level 1:colcon.colcon_core.shell:create_environment_hook('ldlidar_stl_ros2', 'cmake_prefix_path')
[19.708s] INFO:colcon.colcon_core.shell:Creating environment hook '/home/hnt/ldlidar_ros2_ws/install/ldlidar_stl_ros2/share/ldlidar_stl_ros2/hook/cmake_prefix_path.ps1'
[19.713s] INFO:colcon.colcon_core.shell:Creating environment descriptor '/home/hnt/ldlidar_ros2_ws/install/ldlidar_stl_ros2/share/ldlidar_stl_ros2/hook/cmake_prefix_path.dsv'
[19.718s] INFO:colcon.colcon_core.shell:Creating environment hook '/home/hnt/ldlidar_ros2_ws/install/ldlidar_stl_ros2/share/ldlidar_stl_ros2/hook/cmake_prefix_path.sh'
[19.724s] Level 1:colcon.colcon_core.environment:checking '/home/hnt/ldlidar_ros2_ws/install/ldlidar_stl_ros2/lib'
[19.725s] Level 1:colcon.colcon_core.environment:checking '/home/hnt/ldlidar_ros2_ws/install/ldlidar_stl_ros2/bin'
[19.725s] Level 1:colcon.colcon_core.environment:checking '/home/hnt/ldlidar_ros2_ws/install/ldlidar_stl_ros2/lib/pkgconfig/ldlidar_stl_ros2.pc'
[19.726s] Level 1:colcon.colcon_core.environment:checking '/home/hnt/ldlidar_ros2_ws/install/ldlidar_stl_ros2/lib/python3.8/site-packages'
[19.727s] Level 1:colcon.colcon_core.environment:checking '/home/hnt/ldlidar_ros2_ws/install/ldlidar_stl_ros2/bin'
[19.740s] INFO:colcon.colcon_core.shell:Creating package script '/home/hnt/ldlidar_ros2_ws/install/ldlidar_stl_ros2/share/ldlidar_stl_ros2/package.ps1'
[19.744s] INFO:colcon.colcon_core.shell:Creating package descriptor '/home/hnt/ldlidar_ros2_ws/install/ldlidar_stl_ros2/share/ldlidar_stl_ros2/package.dsv'
[19.749s] INFO:colcon.colcon_core.shell:Creating package script '/home/hnt/ldlidar_ros2_ws/install/ldlidar_stl_ros2/share/ldlidar_stl_ros2/package.sh'
[19.755s] INFO:colcon.colcon_core.shell:Creating package script '/home/hnt/ldlidar_ros2_ws/install/ldlidar_stl_ros2/share/ldlidar_stl_ros2/package.bash'
[19.764s] INFO:colcon.colcon_core.shell:Creating package script '/home/hnt/ldlidar_ros2_ws/install/ldlidar_stl_ros2/share/ldlidar_stl_ros2/package.zsh'
[19.770s] Level 1:colcon.colcon_core.environment:create_file_with_runtime_dependencies(/home/hnt/ldlidar_ros2_ws/install/ldlidar_stl_ros2/share/colcon-core/packages/ldlidar_stl_ros2)
[19.899s] Level 1:colcon.colcon_core.environment:create_environment_scripts_only(ldlidar_stl_ros2)
[19.918s] Level 1:colcon.colcon_core.environment:checking '/home/hnt/ldlidar_ros2_ws/install/ldlidar_stl_ros2' for CMake module files
[19.921s] Level 1:colcon.colcon_core.environment:checking '/home/hnt/ldlidar_ros2_ws/install/ldlidar_stl_ros2' for CMake config files
[19.922s] Level 1:colcon.colcon_core.shell:create_environment_hook('ldlidar_stl_ros2', 'cmake_prefix_path')
[19.935s] INFO:colcon.colcon_core.shell:Creating environment hook '/home/hnt/ldlidar_ros2_ws/install/ldlidar_stl_ros2/share/ldlidar_stl_ros2/hook/cmake_prefix_path.ps1'
[19.937s] INFO:colcon.colcon_core.shell:Creating environment descriptor '/home/hnt/ldlidar_ros2_ws/install/ldlidar_stl_ros2/share/ldlidar_stl_ros2/hook/cmake_prefix_path.dsv'
[19.938s] INFO:colcon.colcon_core.shell:Creating environment hook '/home/hnt/ldlidar_ros2_ws/install/ldlidar_stl_ros2/share/ldlidar_stl_ros2/hook/cmake_prefix_path.sh'
[19.940s] Level 1:colcon.colcon_core.environment:checking '/home/hnt/ldlidar_ros2_ws/install/ldlidar_stl_ros2/lib'
[19.940s] Level 1:colcon.colcon_core.environment:checking '/home/hnt/ldlidar_ros2_ws/install/ldlidar_stl_ros2/bin'
[19.941s] Level 1:colcon.colcon_core.environment:checking '/home/hnt/ldlidar_ros2_ws/install/ldlidar_stl_ros2/lib/pkgconfig/ldlidar_stl_ros2.pc'
[19.942s] Level 1:colcon.colcon_core.environment:checking '/home/hnt/ldlidar_ros2_ws/install/ldlidar_stl_ros2/lib/python3.8/site-packages'
[19.942s] Level 1:colcon.colcon_core.environment:checking '/home/hnt/ldlidar_ros2_ws/install/ldlidar_stl_ros2/bin'
[19.956s] INFO:colcon.colcon_core.shell:Creating package script '/home/hnt/ldlidar_ros2_ws/install/ldlidar_stl_ros2/share/ldlidar_stl_ros2/package.ps1'
[19.958s] INFO:colcon.colcon_core.shell:Creating package descriptor '/home/hnt/ldlidar_ros2_ws/install/ldlidar_stl_ros2/share/ldlidar_stl_ros2/package.dsv'
[19.960s] INFO:colcon.colcon_core.shell:Creating package script '/home/hnt/ldlidar_ros2_ws/install/ldlidar_stl_ros2/share/ldlidar_stl_ros2/package.sh'
[19.962s] INFO:colcon.colcon_core.shell:Creating package script '/home/hnt/ldlidar_ros2_ws/install/ldlidar_stl_ros2/share/ldlidar_stl_ros2/package.bash'
[19.964s] INFO:colcon.colcon_core.shell:Creating package script '/home/hnt/ldlidar_ros2_ws/install/ldlidar_stl_ros2/share/ldlidar_stl_ros2/package.zsh'
[19.965s] Level 1:colcon.colcon_core.environment:create_file_with_runtime_dependencies(/home/hnt/ldlidar_ros2_ws/install/ldlidar_stl_ros2/share/colcon-core/packages/ldlidar_stl_ros2)
[19.967s] DEBUG:colcon.colcon_parallel_executor.executor.parallel:closing loop
[19.968s] DEBUG:colcon.colcon_parallel_executor.executor.parallel:loop closed
[19.968s] DEBUG:colcon.colcon_parallel_executor.executor.parallel:run_until_complete finished with '0'
[19.969s] DEBUG:colcon.colcon_core.event_reactor:joining thread
[20.035s] INFO:colcon.colcon_core.plugin_system:Skipping extension 'colcon_notification.desktop_notification.terminal_notifier': Not used on non-Darwin systems
[20.036s] INFO:colcon.colcon_core.plugin_system:Skipping extension 'colcon_notification.desktop_notification.win32': Not used on non-Windows systems
[20.036s] INFO:colcon.colcon_notification.desktop_notification:Sending desktop notification using 'notify2'
[20.189s] DEBUG:colcon.colcon_core.event_reactor:joined thread
[20.204s] INFO:colcon.colcon_core.shell:Creating prefix script '/home/hnt/ldlidar_ros2_ws/install/local_setup.ps1'
[20.209s] INFO:colcon.colcon_core.shell:Creating prefix util module '/home/hnt/ldlidar_ros2_ws/install/_local_setup_util_ps1.py'
[20.218s] INFO:colcon.colcon_core.shell:Creating prefix chain script '/home/hnt/ldlidar_ros2_ws/install/setup.ps1'
[20.239s] INFO:colcon.colcon_core.shell:Creating prefix script '/home/hnt/ldlidar_ros2_ws/install/local_setup.sh'
[20.242s] INFO:colcon.colcon_core.shell:Creating prefix util module '/home/hnt/ldlidar_ros2_ws/install/_local_setup_util_sh.py'
[20.244s] INFO:colcon.colcon_core.shell:Creating prefix chain script '/home/hnt/ldlidar_ros2_ws/install/setup.sh'
[20.252s] INFO:colcon.colcon_core.shell:Creating prefix script '/home/hnt/ldlidar_ros2_ws/install/local_setup.bash'
[20.256s] INFO:colcon.colcon_core.shell:Creating prefix chain script '/home/hnt/ldlidar_ros2_ws/install/setup.bash'
[20.264s] INFO:colcon.colcon_core.shell:Creating prefix script '/home/hnt/ldlidar_ros2_ws/install/local_setup.zsh'
[20.267s] INFO:colcon.colcon_core.shell:Creating prefix chain script '/home/hnt/ldlidar_ros2_ws/install/setup.zsh'
