[2.067s] DEBUG:colcon:Command line arguments: ['/usr/bin/colcon', 'build']
[2.068s] DEBUG:colcon:Parsed command line arguments: Namespace(allow_overriding=[], ament_cmake_args=None, base_paths=['.'], build_base='build', catkin_cmake_args=None, catkin_skip_building_tests=False, cmake_args=None, cmake_clean_cache=False, cmake_clean_first=False, cmake_force_configure=False, cmake_target=None, cmake_target_skip_unavailable=False, continue_on_error=False, event_handlers=None, executor='parallel', ignore_user_meta=False, install_base='install', log_base=None, log_level=None, main=<bound method BuildVerb.main of <colcon_core.verb.build.BuildVerb object at 0x7f918cc670>>, merge_install=False, metas=['./colcon.meta'], packages_above=None, packages_above_and_dependencies=None, packages_above_depth=None, packages_end=None, packages_ignore=None, packages_ignore_regex=None, packages_select=None, packages_select_build_failed=False, packages_select_by_dep=None, packages_select_regex=None, packages_select_test_failures=False, packages_skip=None, packages_skip_build_finished=False, packages_skip_by_dep=None, packages_skip_regex=None, packages_skip_test_passed=False, packages_skip_up_to=None, packages_start=None, packages_up_to=None, packages_up_to_regex=None, parallel_workers=4, paths=None, symlink_install=False, test_result_base=None, verb_extension=<colcon_core.verb.build.BuildVerb object at 0x7f918cc670>, verb_name='build', verb_parser=<colcon_defaults.argument_parser.defaults.DefaultArgumentsDecorator object at 0x7f918ccbb0>)
[2.350s] Level 1:colcon.colcon_core.package_discovery:discover_packages(colcon_meta) check parameters
[2.350s] Level 1:colcon.colcon_core.package_discovery:discover_packages(recursive) check parameters
[2.351s] Level 1:colcon.colcon_core.package_discovery:discover_packages(ignore) check parameters
[2.351s] Level 1:colcon.colcon_core.package_discovery:discover_packages(path) check parameters
[2.351s] Level 1:colcon.colcon_core.package_discovery:discover_packages(colcon_meta) discover
[2.351s] Level 1:colcon.colcon_core.package_discovery:discover_packages(recursive) discover
[2.351s] INFO:colcon.colcon_core.package_discovery:Crawling recursively for packages in '/home/hnt/ldlidar_ros2_ws'
[2.352s] Level 1:colcon.colcon_core.package_identification:_identify(.) by extensions ['ignore', 'ignore_ament_install']
[2.352s] Level 1:colcon.colcon_core.package_identification:_identify(.) by extension 'ignore'
[2.352s] Level 1:colcon.colcon_core.package_identification:_identify(.) by extension 'ignore_ament_install'
[2.352s] Level 1:colcon.colcon_core.package_identification:_identify(.) by extensions ['colcon_pkg']
[2.353s] Level 1:colcon.colcon_core.package_identification:_identify(.) by extension 'colcon_pkg'
[2.353s] Level 1:colcon.colcon_core.package_identification:_identify(.) by extensions ['colcon_meta']
[2.353s] Level 1:colcon.colcon_core.package_identification:_identify(.) by extension 'colcon_meta'
[2.353s] Level 1:colcon.colcon_core.package_identification:_identify(.) by extensions ['ros']
[2.353s] Level 1:colcon.colcon_core.package_identification:_identify(.) by extension 'ros'
[2.421s] Level 1:colcon.colcon_core.package_identification:_identify(.) by extensions ['cmake', 'python']
[2.422s] Level 1:colcon.colcon_core.package_identification:_identify(.) by extension 'cmake'
[2.422s] Level 1:colcon.colcon_core.package_identification:_identify(.) by extension 'python'
[2.422s] Level 1:colcon.colcon_core.package_identification:_identify(.) by extensions ['python_setup_py']
[2.422s] Level 1:colcon.colcon_core.package_identification:_identify(.) by extension 'python_setup_py'
[2.423s] Level 1:colcon.colcon_core.package_identification:_identify(build) by extensions ['ignore', 'ignore_ament_install']
[2.423s] Level 1:colcon.colcon_core.package_identification:_identify(build) by extension 'ignore'
[2.423s] Level 1:colcon.colcon_core.package_identification:_identify(build) ignored
[2.424s] Level 1:colcon.colcon_core.package_identification:_identify(install) by extensions ['ignore', 'ignore_ament_install']
[2.424s] Level 1:colcon.colcon_core.package_identification:_identify(install) by extension 'ignore'
[2.424s] Level 1:colcon.colcon_core.package_identification:_identify(install) ignored
[2.425s] Level 1:colcon.colcon_core.package_identification:_identify(log) by extensions ['ignore', 'ignore_ament_install']
[2.425s] Level 1:colcon.colcon_core.package_identification:_identify(log) by extension 'ignore'
[2.425s] Level 1:colcon.colcon_core.package_identification:_identify(log) ignored
[2.426s] Level 1:colcon.colcon_core.package_identification:_identify(src) by extensions ['ignore', 'ignore_ament_install']
[2.426s] Level 1:colcon.colcon_core.package_identification:_identify(src) by extension 'ignore'
[2.426s] Level 1:colcon.colcon_core.package_identification:_identify(src) by extension 'ignore_ament_install'
[2.426s] Level 1:colcon.colcon_core.package_identification:_identify(src) by extensions ['colcon_pkg']
[2.427s] Level 1:colcon.colcon_core.package_identification:_identify(src) by extension 'colcon_pkg'
[2.427s] Level 1:colcon.colcon_core.package_identification:_identify(src) by extensions ['colcon_meta']
[2.427s] Level 1:colcon.colcon_core.package_identification:_identify(src) by extension 'colcon_meta'
[2.427s] Level 1:colcon.colcon_core.package_identification:_identify(src) by extensions ['ros']
[2.427s] Level 1:colcon.colcon_core.package_identification:_identify(src) by extension 'ros'
[2.428s] Level 1:colcon.colcon_core.package_identification:_identify(src) by extensions ['cmake', 'python']
[2.428s] Level 1:colcon.colcon_core.package_identification:_identify(src) by extension 'cmake'
[2.428s] Level 1:colcon.colcon_core.package_identification:_identify(src) by extension 'python'
[2.428s] Level 1:colcon.colcon_core.package_identification:_identify(src) by extensions ['python_setup_py']
[2.428s] Level 1:colcon.colcon_core.package_identification:_identify(src) by extension 'python_setup_py'
[2.429s] Level 1:colcon.colcon_core.package_identification:_identify(src/ldlidar_stl_ros2) by extensions ['ignore', 'ignore_ament_install']
[2.429s] Level 1:colcon.colcon_core.package_identification:_identify(src/ldlidar_stl_ros2) by extension 'ignore'
[2.429s] Level 1:colcon.colcon_core.package_identification:_identify(src/ldlidar_stl_ros2) by extension 'ignore_ament_install'
[2.429s] Level 1:colcon.colcon_core.package_identification:_identify(src/ldlidar_stl_ros2) by extensions ['colcon_pkg']
[2.430s] Level 1:colcon.colcon_core.package_identification:_identify(src/ldlidar_stl_ros2) by extension 'colcon_pkg'
[2.430s] Level 1:colcon.colcon_core.package_identification:_identify(src/ldlidar_stl_ros2) by extensions ['colcon_meta']
[2.430s] Level 1:colcon.colcon_core.package_identification:_identify(src/ldlidar_stl_ros2) by extension 'colcon_meta'
[2.430s] Level 1:colcon.colcon_core.package_identification:_identify(src/ldlidar_stl_ros2) by extensions ['ros']
[2.430s] Level 1:colcon.colcon_core.package_identification:_identify(src/ldlidar_stl_ros2) by extension 'ros'
[2.447s] DEBUG:colcon.colcon_core.package_identification:Package 'src/ldlidar_stl_ros2' with type 'ros.ament_cmake' and name 'ldlidar_stl_ros2'
[2.447s] Level 1:colcon.colcon_core.package_discovery:discover_packages(recursive) using defaults
[2.448s] Level 1:colcon.colcon_core.package_discovery:discover_packages(ignore) discover
[2.448s] Level 1:colcon.colcon_core.package_discovery:discover_packages(ignore) using defaults
[2.448s] Level 1:colcon.colcon_core.package_discovery:discover_packages(path) discover
[2.448s] Level 1:colcon.colcon_core.package_discovery:discover_packages(path) using defaults
[2.590s] Level 1:colcon.colcon_core.package_discovery:discover_packages(prefix_path) check parameters
[2.590s] Level 1:colcon.colcon_core.package_discovery:discover_packages(prefix_path) discover
[2.616s] DEBUG:colcon.colcon_installed_package_information.package_discovery:Found 1 installed packages in /home/hnt/ldlidar_ros2_ws/install
[2.628s] DEBUG:colcon.colcon_installed_package_information.package_discovery:Found 256 installed packages in /opt/ros/foxy
[2.636s] Level 1:colcon.colcon_core.package_discovery:discover_packages(prefix_path) using defaults
[3.015s] Level 5:colcon.colcon_core.verb:set package 'ldlidar_stl_ros2' build argument 'cmake_args' from command line to 'None'
[3.015s] Level 5:colcon.colcon_core.verb:set package 'ldlidar_stl_ros2' build argument 'cmake_target' from command line to 'None'
[3.015s] Level 5:colcon.colcon_core.verb:set package 'ldlidar_stl_ros2' build argument 'cmake_target_skip_unavailable' from command line to 'False'
[3.015s] Level 5:colcon.colcon_core.verb:set package 'ldlidar_stl_ros2' build argument 'cmake_clean_cache' from command line to 'False'
[3.015s] Level 5:colcon.colcon_core.verb:set package 'ldlidar_stl_ros2' build argument 'cmake_clean_first' from command line to 'False'
[3.016s] Level 5:colcon.colcon_core.verb:set package 'ldlidar_stl_ros2' build argument 'cmake_force_configure' from command line to 'False'
[3.016s] Level 5:colcon.colcon_core.verb:set package 'ldlidar_stl_ros2' build argument 'ament_cmake_args' from command line to 'None'
[3.016s] Level 5:colcon.colcon_core.verb:set package 'ldlidar_stl_ros2' build argument 'catkin_cmake_args' from command line to 'None'
[3.016s] Level 5:colcon.colcon_core.verb:set package 'ldlidar_stl_ros2' build argument 'catkin_skip_building_tests' from command line to 'False'
[3.016s] DEBUG:colcon.colcon_core.verb:Building package 'ldlidar_stl_ros2' with the following arguments: {'ament_cmake_args': None, 'build_base': '/home/hnt/ldlidar_ros2_ws/build/ldlidar_stl_ros2', 'catkin_cmake_args': None, 'catkin_skip_building_tests': False, 'cmake_args': None, 'cmake_clean_cache': False, 'cmake_clean_first': False, 'cmake_force_configure': False, 'cmake_target': None, 'cmake_target_skip_unavailable': False, 'install_base': '/home/hnt/ldlidar_ros2_ws/install/ldlidar_stl_ros2', 'merge_install': False, 'path': '/home/hnt/ldlidar_ros2_ws/src/ldlidar_stl_ros2', 'symlink_install': False, 'test_result_base': None}
[3.022s] INFO:colcon.colcon_core.executor:Executing jobs using 'parallel' executor
[3.055s] DEBUG:colcon.colcon_parallel_executor.executor.parallel:run_until_complete
[3.056s] INFO:colcon.colcon_ros.task.ament_cmake.build:Building ROS package in '/home/hnt/ldlidar_ros2_ws/src/ldlidar_stl_ros2' with build type 'ament_cmake'
[3.057s] INFO:colcon.colcon_cmake.task.cmake.build:Building CMake package in '/home/hnt/ldlidar_ros2_ws/src/ldlidar_stl_ros2'
[3.103s] INFO:colcon.colcon_core.plugin_system:Skipping extension 'colcon_core.shell.bat': Not used on non-Windows systems
[3.104s] INFO:colcon.colcon_core.shell:Skip shell extension 'powershell' for command environment: Not usable outside of PowerShell
[3.105s] DEBUG:colcon.colcon_core.shell:Skip shell extension 'dsv' for command environment
[3.167s] DEBUG:colcon.colcon_core.event_handler.log_command:Invoking command in '/home/hnt/ldlidar_ros2_ws/build/ldlidar_stl_ros2': CMAKE_PREFIX_PATH=${CMAKE_PREFIX_PATH}:/opt/ros/foxy /usr/bin/cmake --build /home/hnt/ldlidar_ros2_ws/build/ldlidar_stl_ros2 -- -j4 -l4
[17.489s] DEBUG:colcon.colcon_core.event_handler.log_command:Invoked command in '/home/hnt/ldlidar_ros2_ws/build/ldlidar_stl_ros2' returned '0': CMAKE_PREFIX_PATH=${CMAKE_PREFIX_PATH}:/opt/ros/foxy /usr/bin/cmake --build /home/hnt/ldlidar_ros2_ws/build/ldlidar_stl_ros2 -- -j4 -l4
[17.652s] DEBUG:colcon.colcon_core.event_handler.log_command:Invoking command in '/home/hnt/ldlidar_ros2_ws/build/ldlidar_stl_ros2': CMAKE_PREFIX_PATH=${CMAKE_PREFIX_PATH}:/opt/ros/foxy /usr/bin/cmake --install /home/hnt/ldlidar_ros2_ws/build/ldlidar_stl_ros2
[17.728s] Level 1:colcon.colcon_core.environment:create_environment_scripts_only(ldlidar_stl_ros2)
[17.732s] DEBUG:colcon.colcon_core.event_handler.log_command:Invoked command in '/home/hnt/ldlidar_ros2_ws/build/ldlidar_stl_ros2' returned '0': CMAKE_PREFIX_PATH=${CMAKE_PREFIX_PATH}:/opt/ros/foxy /usr/bin/cmake --install /home/hnt/ldlidar_ros2_ws/build/ldlidar_stl_ros2
[17.808s] Level 1:colcon.colcon_core.environment:checking '/home/hnt/ldlidar_ros2_ws/install/ldlidar_stl_ros2' for CMake module files
[17.811s] Level 1:colcon.colcon_core.environment:checking '/home/hnt/ldlidar_ros2_ws/install/ldlidar_stl_ros2' for CMake config files
[17.815s] Level 1:colcon.colcon_core.shell:create_environment_hook('ldlidar_stl_ros2', 'cmake_prefix_path')
[17.828s] INFO:colcon.colcon_core.shell:Creating environment hook '/home/hnt/ldlidar_ros2_ws/install/ldlidar_stl_ros2/share/ldlidar_stl_ros2/hook/cmake_prefix_path.ps1'
[17.834s] INFO:colcon.colcon_core.shell:Creating environment descriptor '/home/hnt/ldlidar_ros2_ws/install/ldlidar_stl_ros2/share/ldlidar_stl_ros2/hook/cmake_prefix_path.dsv'
[17.838s] INFO:colcon.colcon_core.shell:Creating environment hook '/home/hnt/ldlidar_ros2_ws/install/ldlidar_stl_ros2/share/ldlidar_stl_ros2/hook/cmake_prefix_path.sh'
[17.842s] Level 1:colcon.colcon_core.environment:checking '/home/hnt/ldlidar_ros2_ws/install/ldlidar_stl_ros2/lib'
[17.842s] Level 1:colcon.colcon_core.environment:checking '/home/hnt/ldlidar_ros2_ws/install/ldlidar_stl_ros2/bin'
[17.843s] Level 1:colcon.colcon_core.environment:checking '/home/hnt/ldlidar_ros2_ws/install/ldlidar_stl_ros2/lib/pkgconfig/ldlidar_stl_ros2.pc'
[17.843s] Level 1:colcon.colcon_core.environment:checking '/home/hnt/ldlidar_ros2_ws/install/ldlidar_stl_ros2/lib/python3.8/site-packages'
[17.844s] Level 1:colcon.colcon_core.environment:checking '/home/hnt/ldlidar_ros2_ws/install/ldlidar_stl_ros2/bin'
[17.857s] INFO:colcon.colcon_core.shell:Creating package script '/home/hnt/ldlidar_ros2_ws/install/ldlidar_stl_ros2/share/ldlidar_stl_ros2/package.ps1'
[17.863s] INFO:colcon.colcon_core.shell:Creating package descriptor '/home/hnt/ldlidar_ros2_ws/install/ldlidar_stl_ros2/share/ldlidar_stl_ros2/package.dsv'
[17.866s] INFO:colcon.colcon_core.shell:Creating package script '/home/hnt/ldlidar_ros2_ws/install/ldlidar_stl_ros2/share/ldlidar_stl_ros2/package.sh'
[17.870s] INFO:colcon.colcon_core.shell:Creating package script '/home/hnt/ldlidar_ros2_ws/install/ldlidar_stl_ros2/share/ldlidar_stl_ros2/package.bash'
[17.875s] INFO:colcon.colcon_core.shell:Creating package script '/home/hnt/ldlidar_ros2_ws/install/ldlidar_stl_ros2/share/ldlidar_stl_ros2/package.zsh'
[17.884s] Level 1:colcon.colcon_core.environment:create_file_with_runtime_dependencies(/home/hnt/ldlidar_ros2_ws/install/ldlidar_stl_ros2/share/colcon-core/packages/ldlidar_stl_ros2)
[18.017s] Level 1:colcon.colcon_core.environment:create_environment_scripts_only(ldlidar_stl_ros2)
[18.036s] Level 1:colcon.colcon_core.environment:checking '/home/hnt/ldlidar_ros2_ws/install/ldlidar_stl_ros2' for CMake module files
[18.038s] Level 1:colcon.colcon_core.environment:checking '/home/hnt/ldlidar_ros2_ws/install/ldlidar_stl_ros2' for CMake config files
[18.040s] Level 1:colcon.colcon_core.shell:create_environment_hook('ldlidar_stl_ros2', 'cmake_prefix_path')
[18.052s] INFO:colcon.colcon_core.shell:Creating environment hook '/home/hnt/ldlidar_ros2_ws/install/ldlidar_stl_ros2/share/ldlidar_stl_ros2/hook/cmake_prefix_path.ps1'
[18.055s] INFO:colcon.colcon_core.shell:Creating environment descriptor '/home/hnt/ldlidar_ros2_ws/install/ldlidar_stl_ros2/share/ldlidar_stl_ros2/hook/cmake_prefix_path.dsv'
[18.056s] INFO:colcon.colcon_core.shell:Creating environment hook '/home/hnt/ldlidar_ros2_ws/install/ldlidar_stl_ros2/share/ldlidar_stl_ros2/hook/cmake_prefix_path.sh'
[18.058s] Level 1:colcon.colcon_core.environment:checking '/home/hnt/ldlidar_ros2_ws/install/ldlidar_stl_ros2/lib'
[18.059s] Level 1:colcon.colcon_core.environment:checking '/home/hnt/ldlidar_ros2_ws/install/ldlidar_stl_ros2/bin'
[18.059s] Level 1:colcon.colcon_core.environment:checking '/home/hnt/ldlidar_ros2_ws/install/ldlidar_stl_ros2/lib/pkgconfig/ldlidar_stl_ros2.pc'
[18.060s] Level 1:colcon.colcon_core.environment:checking '/home/hnt/ldlidar_ros2_ws/install/ldlidar_stl_ros2/lib/python3.8/site-packages'
[18.061s] Level 1:colcon.colcon_core.environment:checking '/home/hnt/ldlidar_ros2_ws/install/ldlidar_stl_ros2/bin'
[18.073s] INFO:colcon.colcon_core.shell:Creating package script '/home/hnt/ldlidar_ros2_ws/install/ldlidar_stl_ros2/share/ldlidar_stl_ros2/package.ps1'
[18.076s] INFO:colcon.colcon_core.shell:Creating package descriptor '/home/hnt/ldlidar_ros2_ws/install/ldlidar_stl_ros2/share/ldlidar_stl_ros2/package.dsv'
[18.078s] INFO:colcon.colcon_core.shell:Creating package script '/home/hnt/ldlidar_ros2_ws/install/ldlidar_stl_ros2/share/ldlidar_stl_ros2/package.sh'
[18.080s] INFO:colcon.colcon_core.shell:Creating package script '/home/hnt/ldlidar_ros2_ws/install/ldlidar_stl_ros2/share/ldlidar_stl_ros2/package.bash'
[18.082s] INFO:colcon.colcon_core.shell:Creating package script '/home/hnt/ldlidar_ros2_ws/install/ldlidar_stl_ros2/share/ldlidar_stl_ros2/package.zsh'
[18.083s] Level 1:colcon.colcon_core.environment:create_file_with_runtime_dependencies(/home/hnt/ldlidar_ros2_ws/install/ldlidar_stl_ros2/share/colcon-core/packages/ldlidar_stl_ros2)
[18.084s] DEBUG:colcon.colcon_parallel_executor.executor.parallel:closing loop
[18.085s] DEBUG:colcon.colcon_parallel_executor.executor.parallel:loop closed
[18.086s] DEBUG:colcon.colcon_parallel_executor.executor.parallel:run_until_complete finished with '0'
[18.087s] DEBUG:colcon.colcon_core.event_reactor:joining thread
[18.184s] INFO:colcon.colcon_core.plugin_system:Skipping extension 'colcon_notification.desktop_notification.terminal_notifier': Not used on non-Darwin systems
[18.184s] INFO:colcon.colcon_core.plugin_system:Skipping extension 'colcon_notification.desktop_notification.win32': Not used on non-Windows systems
[18.185s] INFO:colcon.colcon_notification.desktop_notification:Sending desktop notification using 'notify2'
[18.346s] DEBUG:colcon.colcon_core.event_reactor:joined thread
[18.361s] INFO:colcon.colcon_core.shell:Creating prefix script '/home/hnt/ldlidar_ros2_ws/install/local_setup.ps1'
[18.367s] INFO:colcon.colcon_core.shell:Creating prefix util module '/home/hnt/ldlidar_ros2_ws/install/_local_setup_util_ps1.py'
[18.374s] INFO:colcon.colcon_core.shell:Creating prefix chain script '/home/hnt/ldlidar_ros2_ws/install/setup.ps1'
[18.384s] INFO:colcon.colcon_core.shell:Creating prefix script '/home/hnt/ldlidar_ros2_ws/install/local_setup.sh'
[18.387s] INFO:colcon.colcon_core.shell:Creating prefix util module '/home/hnt/ldlidar_ros2_ws/install/_local_setup_util_sh.py'
[18.389s] INFO:colcon.colcon_core.shell:Creating prefix chain script '/home/hnt/ldlidar_ros2_ws/install/setup.sh'
[18.397s] INFO:colcon.colcon_core.shell:Creating prefix script '/home/hnt/ldlidar_ros2_ws/install/local_setup.bash'
[18.400s] INFO:colcon.colcon_core.shell:Creating prefix chain script '/home/hnt/ldlidar_ros2_ws/install/setup.bash'
[18.408s] INFO:colcon.colcon_core.shell:Creating prefix script '/home/hnt/ldlidar_ros2_ws/install/local_setup.zsh'
[18.411s] INFO:colcon.colcon_core.shell:Creating prefix chain script '/home/hnt/ldlidar_ros2_ws/install/setup.zsh'
