[3.052s] DEBUG:colcon:Command line arguments: ['/usr/bin/colcon', 'build']
[3.053s] DEBUG:colcon:Parsed command line arguments: Namespace(allow_overriding=[], ament_cmake_args=None, base_paths=['.'], build_base='build', catkin_cmake_args=None, catkin_skip_building_tests=False, cmake_args=None, cmake_clean_cache=False, cmake_clean_first=False, cmake_force_configure=False, cmake_target=None, cmake_target_skip_unavailable=False, continue_on_error=False, event_handlers=None, executor='parallel', ignore_user_meta=False, install_base='install', log_base=None, log_level=None, main=<bound method BuildVerb.main of <colcon_core.verb.build.BuildVerb object at 0x7f8e946940>>, merge_install=False, metas=['./colcon.meta'], packages_above=None, packages_above_and_dependencies=None, packages_above_depth=None, packages_end=None, packages_ignore=None, packages_ignore_regex=None, packages_select=None, packages_select_build_failed=False, packages_select_by_dep=None, packages_select_regex=None, packages_select_test_failures=False, packages_skip=None, packages_skip_build_finished=False, packages_skip_by_dep=None, packages_skip_regex=None, packages_skip_test_passed=False, packages_skip_up_to=None, packages_start=None, packages_up_to=None, packages_up_to_regex=None, parallel_workers=4, paths=None, symlink_install=False, test_result_base=None, verb_extension=<colcon_core.verb.build.BuildVerb object at 0x7f8e946940>, verb_name='build', verb_parser=<colcon_defaults.argument_parser.defaults.DefaultArgumentsDecorator object at 0x7f8e946eb0>)
[3.309s] Level 1:colcon.colcon_core.package_discovery:discover_packages(colcon_meta) check parameters
[3.310s] Level 1:colcon.colcon_core.package_discovery:discover_packages(recursive) check parameters
[3.310s] Level 1:colcon.colcon_core.package_discovery:discover_packages(ignore) check parameters
[3.310s] Level 1:colcon.colcon_core.package_discovery:discover_packages(path) check parameters
[3.311s] Level 1:colcon.colcon_core.package_discovery:discover_packages(colcon_meta) discover
[3.311s] Level 1:colcon.colcon_core.package_discovery:discover_packages(recursive) discover
[3.311s] INFO:colcon.colcon_core.package_discovery:Crawling recursively for packages in '/home/jetson/Downloads/ros1'
[3.312s] Level 1:colcon.colcon_core.package_identification:_identify(.) by extensions ['ignore', 'ignore_ament_install']
[3.312s] Level 1:colcon.colcon_core.package_identification:_identify(.) by extension 'ignore'
[3.312s] Level 1:colcon.colcon_core.package_identification:_identify(.) by extension 'ignore_ament_install'
[3.313s] Level 1:colcon.colcon_core.package_identification:_identify(.) by extensions ['colcon_pkg']
[3.313s] Level 1:colcon.colcon_core.package_identification:_identify(.) by extension 'colcon_pkg'
[3.313s] Level 1:colcon.colcon_core.package_identification:_identify(.) by extensions ['colcon_meta']
[3.313s] Level 1:colcon.colcon_core.package_identification:_identify(.) by extension 'colcon_meta'
[3.314s] Level 1:colcon.colcon_core.package_identification:_identify(.) by extensions ['ros']
[3.314s] Level 1:colcon.colcon_core.package_identification:_identify(.) by extension 'ros'
[3.389s] Level 1:colcon.colcon_core.package_identification:_identify(.) by extensions ['cmake', 'python']
[3.390s] Level 1:colcon.colcon_core.package_identification:_identify(.) by extension 'cmake'
[3.390s] Level 1:colcon.colcon_core.package_identification:_identify(.) by extension 'python'
[3.391s] Level 1:colcon.colcon_core.package_identification:_identify(.) by extensions ['python_setup_py']
[3.391s] Level 1:colcon.colcon_core.package_identification:_identify(.) by extension 'python_setup_py'
[3.391s] Level 1:colcon.colcon_core.package_identification:_identify(build) by extensions ['ignore', 'ignore_ament_install']
[3.392s] Level 1:colcon.colcon_core.package_identification:_identify(build) by extension 'ignore'
[3.392s] Level 1:colcon.colcon_core.package_identification:_identify(build) ignored
[3.393s] Level 1:colcon.colcon_core.package_identification:_identify(install) by extensions ['ignore', 'ignore_ament_install']
[3.393s] Level 1:colcon.colcon_core.package_identification:_identify(install) by extension 'ignore'
[3.394s] Level 1:colcon.colcon_core.package_identification:_identify(install) ignored
[3.394s] Level 1:colcon.colcon_core.package_identification:_identify(log) by extensions ['ignore', 'ignore_ament_install']
[3.394s] Level 1:colcon.colcon_core.package_identification:_identify(log) by extension 'ignore'
[3.395s] Level 1:colcon.colcon_core.package_identification:_identify(log) ignored
[3.395s] Level 1:colcon.colcon_core.package_identification:_identify(src) by extensions ['ignore', 'ignore_ament_install']
[3.395s] Level 1:colcon.colcon_core.package_identification:_identify(src) by extension 'ignore'
[3.395s] Level 1:colcon.colcon_core.package_identification:_identify(src) by extension 'ignore_ament_install'
[3.396s] Level 1:colcon.colcon_core.package_identification:_identify(src) by extensions ['colcon_pkg']
[3.396s] Level 1:colcon.colcon_core.package_identification:_identify(src) by extension 'colcon_pkg'
[3.396s] Level 1:colcon.colcon_core.package_identification:_identify(src) by extensions ['colcon_meta']
[3.396s] Level 1:colcon.colcon_core.package_identification:_identify(src) by extension 'colcon_meta'
[3.397s] Level 1:colcon.colcon_core.package_identification:_identify(src) by extensions ['ros']
[3.397s] Level 1:colcon.colcon_core.package_identification:_identify(src) by extension 'ros'
[3.397s] Level 1:colcon.colcon_core.package_identification:_identify(src) by extensions ['cmake', 'python']
[3.398s] Level 1:colcon.colcon_core.package_identification:_identify(src) by extension 'cmake'
[3.398s] Level 1:colcon.colcon_core.package_identification:_identify(src) by extension 'python'
[3.398s] Level 1:colcon.colcon_core.package_identification:_identify(src) by extensions ['python_setup_py']
[3.399s] Level 1:colcon.colcon_core.package_identification:_identify(src) by extension 'python_setup_py'
[3.399s] Level 1:colcon.colcon_core.package_identification:_identify(src/usb_cam) by extensions ['ignore', 'ignore_ament_install']
[3.400s] Level 1:colcon.colcon_core.package_identification:_identify(src/usb_cam) by extension 'ignore'
[3.400s] Level 1:colcon.colcon_core.package_identification:_identify(src/usb_cam) by extension 'ignore_ament_install'
[3.401s] Level 1:colcon.colcon_core.package_identification:_identify(src/usb_cam) by extensions ['colcon_pkg']
[3.401s] Level 1:colcon.colcon_core.package_identification:_identify(src/usb_cam) by extension 'colcon_pkg'
[3.401s] Level 1:colcon.colcon_core.package_identification:_identify(src/usb_cam) by extensions ['colcon_meta']
[3.401s] Level 1:colcon.colcon_core.package_identification:_identify(src/usb_cam) by extension 'colcon_meta'
[3.402s] Level 1:colcon.colcon_core.package_identification:_identify(src/usb_cam) by extensions ['ros']
[3.402s] Level 1:colcon.colcon_core.package_identification:_identify(src/usb_cam) by extension 'ros'
[3.423s] DEBUG:colcon.colcon_core.package_identification:Package 'src/usb_cam' with type 'ros.ament_cmake' and name 'usb_cam'
[3.423s] Level 1:colcon.colcon_core.package_discovery:discover_packages(recursive) using defaults
[3.423s] Level 1:colcon.colcon_core.package_discovery:discover_packages(ignore) discover
[3.424s] Level 1:colcon.colcon_core.package_discovery:discover_packages(ignore) using defaults
[3.424s] Level 1:colcon.colcon_core.package_discovery:discover_packages(path) discover
[3.424s] Level 1:colcon.colcon_core.package_discovery:discover_packages(path) using defaults
[3.592s] Level 1:colcon.colcon_core.package_discovery:discover_packages(prefix_path) check parameters
[3.592s] Level 1:colcon.colcon_core.package_discovery:discover_packages(prefix_path) discover
[3.616s] DEBUG:colcon.colcon_installed_package_information.package_discovery:Found 1 installed packages in /home/jetson/ldlidar_ros2_ws/install
[3.623s] DEBUG:colcon.colcon_installed_package_information.package_discovery:Found 1 installed packages in /home/jetson/Computer-Engineering-Final-Thesis/ldlidar_ros2_ws/install
[3.637s] DEBUG:colcon.colcon_installed_package_information.package_discovery:Found 23 installed packages in /home/jetson/ros2_ws/install
[3.649s] DEBUG:colcon.colcon_installed_package_information.package_discovery:Found 275 installed packages in /opt/ros/galactic
[3.663s] Level 1:colcon.colcon_core.package_discovery:discover_packages(prefix_path) using defaults
[4.377s] Level 5:colcon.colcon_core.verb:set package 'usb_cam' build argument 'cmake_args' from command line to 'None'
[4.377s] Level 5:colcon.colcon_core.verb:set package 'usb_cam' build argument 'cmake_target' from command line to 'None'
[4.378s] Level 5:colcon.colcon_core.verb:set package 'usb_cam' build argument 'cmake_target_skip_unavailable' from command line to 'False'
[4.378s] Level 5:colcon.colcon_core.verb:set package 'usb_cam' build argument 'cmake_clean_cache' from command line to 'False'
[4.378s] Level 5:colcon.colcon_core.verb:set package 'usb_cam' build argument 'cmake_clean_first' from command line to 'False'
[4.378s] Level 5:colcon.colcon_core.verb:set package 'usb_cam' build argument 'cmake_force_configure' from command line to 'False'
[4.378s] Level 5:colcon.colcon_core.verb:set package 'usb_cam' build argument 'ament_cmake_args' from command line to 'None'
[4.378s] Level 5:colcon.colcon_core.verb:set package 'usb_cam' build argument 'catkin_cmake_args' from command line to 'None'
[4.378s] Level 5:colcon.colcon_core.verb:set package 'usb_cam' build argument 'catkin_skip_building_tests' from command line to 'False'
[4.379s] DEBUG:colcon.colcon_core.verb:Building package 'usb_cam' with the following arguments: {'ament_cmake_args': None, 'build_base': '/home/jetson/Downloads/ros1/build/usb_cam', 'catkin_cmake_args': None, 'catkin_skip_building_tests': False, 'cmake_args': None, 'cmake_clean_cache': False, 'cmake_clean_first': False, 'cmake_force_configure': False, 'cmake_target': None, 'cmake_target_skip_unavailable': False, 'install_base': '/home/jetson/Downloads/ros1/install/usb_cam', 'merge_install': False, 'path': '/home/jetson/Downloads/ros1/src/usb_cam', 'symlink_install': False, 'test_result_base': None}
[4.384s] INFO:colcon.colcon_core.executor:Executing jobs using 'parallel' executor
[4.408s] DEBUG:colcon.colcon_parallel_executor.executor.parallel:run_until_complete
[4.409s] INFO:colcon.colcon_ros.task.ament_cmake.build:Building ROS package in '/home/jetson/Downloads/ros1/src/usb_cam' with build type 'ament_cmake'
[4.410s] INFO:colcon.colcon_cmake.task.cmake.build:Building CMake package in '/home/jetson/Downloads/ros1/src/usb_cam'
[4.449s] INFO:colcon.colcon_core.plugin_system:Skipping extension 'colcon_core.shell.bat': Not used on non-Windows systems
[4.450s] INFO:colcon.colcon_core.shell:Skip shell extension 'powershell' for command environment: Not usable outside of PowerShell
[4.451s] DEBUG:colcon.colcon_core.shell:Skip shell extension 'dsv' for command environment
[4.547s] DEBUG:colcon.colcon_core.event_handler.log_command:Invoking command in '/home/jetson/Downloads/ros1/build/usb_cam': CMAKE_PREFIX_PATH=${CMAKE_PREFIX_PATH}:/home/jetson/Computer-Engineering-Final-Thesis/ldlidar_ros2_ws/install/ldlidar_stl_ros2:/home/jetson/ros2_ws/install/py_srvcli:/home/jetson/ros2_ws/install/py_pubsub:/home/jetson/ros2_ws/install/examples_rclpy_pointcloud_publisher:/home/jetson/ros2_ws/install/examples_rclpy_minimal_subscriber:/home/jetson/ros2_ws/install/examples_rclpy_minimal_service:/home/jetson/ros2_ws/install/examples_rclpy_minimal_publisher:/home/jetson/ros2_ws/install/examples_rclpy_minimal_client:/home/jetson/ros2_ws/install/examples_rclpy_minimal_action_server:/home/jetson/ros2_ws/install/examples_rclpy_minimal_action_client:/home/jetson/ros2_ws/install/examples_rclpy_guard_conditions:/home/jetson/ros2_ws/install/examples_rclpy_executors:/opt/ros/galactic /usr/bin/cmake --build /home/jetson/Downloads/ros1/build/usb_cam -- -j4 -l4
[8.797s] DEBUG:colcon.colcon_core.event_handler.log_command:Invoked command in '/home/jetson/Downloads/ros1/build/usb_cam' returned '2': CMAKE_PREFIX_PATH=${CMAKE_PREFIX_PATH}:/home/jetson/Computer-Engineering-Final-Thesis/ldlidar_ros2_ws/install/ldlidar_stl_ros2:/home/jetson/ros2_ws/install/py_srvcli:/home/jetson/ros2_ws/install/py_pubsub:/home/jetson/ros2_ws/install/examples_rclpy_pointcloud_publisher:/home/jetson/ros2_ws/install/examples_rclpy_minimal_subscriber:/home/jetson/ros2_ws/install/examples_rclpy_minimal_service:/home/jetson/ros2_ws/install/examples_rclpy_minimal_publisher:/home/jetson/ros2_ws/install/examples_rclpy_minimal_client:/home/jetson/ros2_ws/install/examples_rclpy_minimal_action_server:/home/jetson/ros2_ws/install/examples_rclpy_minimal_action_client:/home/jetson/ros2_ws/install/examples_rclpy_guard_conditions:/home/jetson/ros2_ws/install/examples_rclpy_executors:/opt/ros/galactic /usr/bin/cmake --build /home/jetson/Downloads/ros1/build/usb_cam -- -j4 -l4
[9.010s] Level 1:colcon.colcon_core.environment:create_environment_scripts_only(usb_cam)
[9.044s] Level 1:colcon.colcon_core.environment:checking '/home/jetson/Downloads/ros1/install/usb_cam' for CMake module files
[9.046s] Level 1:colcon.colcon_core.environment:checking '/home/jetson/Downloads/ros1/install/usb_cam' for CMake config files
[9.049s] Level 1:colcon.colcon_core.environment:checking '/home/jetson/Downloads/ros1/install/usb_cam/bin'
[9.050s] Level 1:colcon.colcon_core.environment:checking '/home/jetson/Downloads/ros1/install/usb_cam/lib/pkgconfig/usb_cam.pc'
[9.051s] Level 1:colcon.colcon_core.environment:checking '/home/jetson/Downloads/ros1/install/usb_cam/lib/python3.8/site-packages'
[9.052s] Level 1:colcon.colcon_core.environment:checking '/home/jetson/Downloads/ros1/install/usb_cam/bin'
[9.062s] INFO:colcon.colcon_core.shell:Creating package script '/home/jetson/Downloads/ros1/install/usb_cam/share/usb_cam/package.ps1'
[9.067s] INFO:colcon.colcon_core.shell:Creating package descriptor '/home/jetson/Downloads/ros1/install/usb_cam/share/usb_cam/package.dsv'
[9.071s] INFO:colcon.colcon_core.shell:Creating package script '/home/jetson/Downloads/ros1/install/usb_cam/share/usb_cam/package.sh'
[9.075s] INFO:colcon.colcon_core.shell:Creating package script '/home/jetson/Downloads/ros1/install/usb_cam/share/usb_cam/package.bash'
[9.080s] INFO:colcon.colcon_core.shell:Creating package script '/home/jetson/Downloads/ros1/install/usb_cam/share/usb_cam/package.zsh'
[9.086s] Level 1:colcon.colcon_core.environment:create_file_with_runtime_dependencies(/home/jetson/Downloads/ros1/install/usb_cam/share/colcon-core/packages/usb_cam)
[9.098s] DEBUG:colcon.colcon_parallel_executor.executor.parallel:closing loop
[9.099s] DEBUG:colcon.colcon_parallel_executor.executor.parallel:loop closed
[9.100s] DEBUG:colcon.colcon_parallel_executor.executor.parallel:run_until_complete finished with '2'
[9.100s] DEBUG:colcon.colcon_core.event_reactor:joining thread
[9.164s] INFO:colcon.colcon_core.plugin_system:Skipping extension 'colcon_notification.desktop_notification.terminal_notifier': Not used on non-Darwin systems
[9.164s] INFO:colcon.colcon_core.plugin_system:Skipping extension 'colcon_notification.desktop_notification.win32': Not used on non-Windows systems
[9.165s] INFO:colcon.colcon_notification.desktop_notification:Sending desktop notification using 'notify2'
[9.235s] DEBUG:colcon.colcon_core.event_reactor:joined thread
[9.248s] INFO:colcon.colcon_core.shell:Creating prefix script '/home/jetson/Downloads/ros1/install/local_setup.ps1'
[9.255s] INFO:colcon.colcon_core.shell:Creating prefix util module '/home/jetson/Downloads/ros1/install/_local_setup_util_ps1.py'
[9.263s] INFO:colcon.colcon_core.shell:Creating prefix chain script '/home/jetson/Downloads/ros1/install/setup.ps1'
[9.276s] INFO:colcon.colcon_core.shell:Creating prefix script '/home/jetson/Downloads/ros1/install/local_setup.sh'
[9.279s] INFO:colcon.colcon_core.shell:Creating prefix util module '/home/jetson/Downloads/ros1/install/_local_setup_util_sh.py'
[9.282s] INFO:colcon.colcon_core.shell:Creating prefix chain script '/home/jetson/Downloads/ros1/install/setup.sh'
[9.297s] INFO:colcon.colcon_core.shell:Creating prefix script '/home/jetson/Downloads/ros1/install/local_setup.bash'
[9.301s] INFO:colcon.colcon_core.shell:Creating prefix chain script '/home/jetson/Downloads/ros1/install/setup.bash'
[9.319s] INFO:colcon.colcon_core.shell:Creating prefix script '/home/jetson/Downloads/ros1/install/local_setup.zsh'
[9.321s] INFO:colcon.colcon_core.shell:Creating prefix chain script '/home/jetson/Downloads/ros1/install/setup.zsh'
