[0.097s] Invoking command in '/home/hnt/ldlidar_ros2_ws/build/ldlidar_stl_ros2': CMAKE_PREFIX_PATH=${CMAKE_PREFIX_PATH}:/opt/ros/foxy /usr/bin/cmake --build /home/hnt/ldlidar_ros2_ws/build/ldlidar_stl_ros2 -- -j4 -l4
[0.385s] [100%] Built target ldlidar_stl_ros2_node
[0.425s] Invoked command in '/home/hnt/ldlidar_ros2_ws/build/ldlidar_stl_ros2' returned '0': CMAKE_PREFIX_PATH=${CMAKE_PREFIX_PATH}:/opt/ros/foxy /usr/bin/cmake --build /home/hnt/ldlidar_ros2_ws/build/ldlidar_stl_ros2 -- -j4 -l4
[0.590s] Invoking command in '/home/hnt/ldlidar_ros2_ws/build/ldlidar_stl_ros2': CMAKE_PREFIX_PATH=${CMAKE_PREFIX_PATH}:/opt/ros/foxy /usr/bin/cmake --install /home/hnt/ldlidar_ros2_ws/build/ldlidar_stl_ros2
[0.623s] -- Install configuration: ""
[0.625s] -- Up-to-date: /home/hnt/ldlidar_ros2_ws/install/ldlidar_stl_ros2/lib/ldlidar_stl_ros2/ldlidar_stl_ros2_node
[0.626s] -- Up-to-date: /home/hnt/ldlidar_ros2_ws/install/ldlidar_stl_ros2/share/ldlidar_stl_ros2//launch
[0.627s] -- Up-to-date: /home/hnt/ldlidar_ros2_ws/install/ldlidar_stl_ros2/share/ldlidar_stl_ros2//launch/stl27l.launch.py
[0.627s] -- Up-to-date: /home/hnt/ldlidar_ros2_ws/install/ldlidar_stl_ros2/share/ldlidar_stl_ros2//launch/ld19.launch.py
[0.628s] -- Up-to-date: /home/hnt/ldlidar_ros2_ws/install/ldlidar_stl_ros2/share/ldlidar_stl_ros2//launch/viewer_ld19.launch.py
[0.629s] -- Up-to-date: /home/hnt/ldlidar_ros2_ws/install/ldlidar_stl_ros2/share/ldlidar_stl_ros2//launch/viewer_ld06.launch.py
[0.629s] -- Up-to-date: /home/hnt/ldlidar_ros2_ws/install/ldlidar_stl_ros2/share/ldlidar_stl_ros2//launch/ld06.launch.py
[0.629s] -- Up-to-date: /home/hnt/ldlidar_ros2_ws/install/ldlidar_stl_ros2/share/ldlidar_stl_ros2//launch/viewer_stl27l.launch.py
[0.630s] -- Up-to-date: /home/hnt/ldlidar_ros2_ws/install/ldlidar_stl_ros2/share/ldlidar_stl_ros2//rviz2
[0.630s] -- Up-to-date: /home/hnt/ldlidar_ros2_ws/install/ldlidar_stl_ros2/share/ldlidar_stl_ros2//rviz2/ldlidar.rviz
[0.631s] -- Up-to-date: /home/hnt/ldlidar_ros2_ws/install/ldlidar_stl_ros2/share/ament_index/resource_index/package_run_dependencies/ldlidar_stl_ros2
[0.631s] -- Up-to-date: /home/hnt/ldlidar_ros2_ws/install/ldlidar_stl_ros2/share/ament_index/resource_index/parent_prefix_path/ldlidar_stl_ros2
[0.632s] -- Up-to-date: /home/hnt/ldlidar_ros2_ws/install/ldlidar_stl_ros2/share/ldlidar_stl_ros2/environment/ament_prefix_path.sh
[0.632s] -- Up-to-date: /home/hnt/ldlidar_ros2_ws/install/ldlidar_stl_ros2/share/ldlidar_stl_ros2/environment/ament_prefix_path.dsv
[0.632s] -- Up-to-date: /home/hnt/ldlidar_ros2_ws/install/ldlidar_stl_ros2/share/ldlidar_stl_ros2/environment/path.sh
[0.633s] -- Up-to-date: /home/hnt/ldlidar_ros2_ws/install/ldlidar_stl_ros2/share/ldlidar_stl_ros2/environment/path.dsv
[0.633s] -- Up-to-date: /home/hnt/ldlidar_ros2_ws/install/ldlidar_stl_ros2/share/ldlidar_stl_ros2/local_setup.bash
[0.634s] -- Up-to-date: /home/hnt/ldlidar_ros2_ws/install/ldlidar_stl_ros2/share/ldlidar_stl_ros2/local_setup.sh
[0.634s] -- Up-to-date: /home/hnt/ldlidar_ros2_ws/install/ldlidar_stl_ros2/share/ldlidar_stl_ros2/local_setup.zsh
[0.634s] -- Up-to-date: /home/hnt/ldlidar_ros2_ws/install/ldlidar_stl_ros2/share/ldlidar_stl_ros2/local_setup.dsv
[0.635s] -- Installing: /home/hnt/ldlidar_ros2_ws/install/ldlidar_stl_ros2/share/ldlidar_stl_ros2/package.dsv
[0.635s] -- Up-to-date: /home/hnt/ldlidar_ros2_ws/install/ldlidar_stl_ros2/share/ament_index/resource_index/packages/ldlidar_stl_ros2
[0.635s] -- Up-to-date: /home/hnt/ldlidar_ros2_ws/install/ldlidar_stl_ros2/share/ldlidar_stl_ros2/cmake/ldlidar_stl_ros2Config.cmake
[0.636s] -- Up-to-date: /home/hnt/ldlidar_ros2_ws/install/ldlidar_stl_ros2/share/ldlidar_stl_ros2/cmake/ldlidar_stl_ros2Config-version.cmake
[0.636s] -- Up-to-date: /home/hnt/ldlidar_ros2_ws/install/ldlidar_stl_ros2/share/ldlidar_stl_ros2/package.xml
[0.641s] Invoked command in '/home/hnt/ldlidar_ros2_ws/build/ldlidar_stl_ros2' returned '0': CMAKE_PREFIX_PATH=${CMAKE_PREFIX_PATH}:/opt/ros/foxy /usr/bin/cmake --install /home/hnt/ldlidar_ros2_ws/build/ldlidar_stl_ros2
