[0.279s] Invoking command in '/home/jetson/Downloads/ros_ws/build/transbot_ctrl': /usr/bin/cmake /home/jetson/Downloads/ros_ws/transbot_ctrl -DCMAKE_INSTALL_PREFIX=/home/jetson/Downloads/ros_ws/install/transbot_ctrl
[1.125s] -- The C compiler identification is GNU 8.4.0
[1.865s] -- The CXX compiler identification is GNU 8.4.0
[1.954s] -- Check for working C compiler: /usr/bin/cc
[2.764s] -- Check for working C compiler: /usr/bin/cc -- works
[2.771s] -- Detecting C compiler ABI info
[3.378s] -- Detecting C compiler ABI info - done
[3.534s] -- Detecting C compile features
[3.543s] -- Detecting C compile features - done
[3.590s] -- Check for working CXX compiler: /usr/bin/c++
[4.188s] -- Check for working CXX compiler: /usr/bin/c++ -- works
[4.193s] -- Detecting CXX compiler ABI info
[4.959s] -- Detecting CXX compiler ABI info - done
[5.137s] -- Detecting CXX compile features
[5.141s] -- Detecting CXX compile features - done
[5.252s] CMake Error at CMakeLists.txt:16 (find_package):
[5.253s]   By not providing "Findcatkin.cmake" in CMAKE_MODULE_PATH this project has
[5.254s]   asked CMake to find a package configuration file provided by "catkin", but
[5.254s]   CMake did not find one.
[5.255s] 
[5.257s]   Could not find a package configuration file provided by "catkin" with any
[5.258s]   of the following names:
[5.258s] 
[5.262s]     catkinConfig.cmake
[5.266s]     catkin-config.cmake
[5.267s] 
[5.287s]   Add the installation prefix of "catkin" to CMAKE_PREFIX_PATH or set
[5.289s]   "catkin_DIR" to a directory containing one of the above files.  If "catkin"
[5.290s]   provides a separate development package or SDK, be sure it has been
[5.291s]   installed.
[5.296s] 
[5.297s] 
[5.297s] -- Configuring incomplete, errors occurred!
[5.298s] See also "/home/jetson/Downloads/ros_ws/build/transbot_ctrl/CMakeFiles/CMakeOutput.log".
