Performing C SOURCE FILE Test CMAKE_HAVE_LIBC_PTHREAD failed with the following output:
Change Dir: /home/jetson/Downloads/ros1/build/usb_cam/CMakeFiles/CMakeTmp

Run Build Command(s):/usr/bin/make cmTC_b969b/fast && /usr/bin/make -f CMakeFiles/cmTC_b969b.dir/build.make CMakeFiles/cmTC_b969b.dir/build
make[1]: Entering directory '/home/jetson/Downloads/ros1/build/usb_cam/CMakeFiles/CMakeTmp'
Building C object CMakeFiles/cmTC_b969b.dir/src.c.o
/usr/bin/cc   -fPIC -DCMAKE_HAVE_LIBC_PTHREAD   -o CMakeFiles/cmTC_b969b.dir/src.c.o   -c /home/jetson/Downloads/ros1/build/usb_cam/CMakeFiles/CMakeTmp/src.c
Linking C executable cmTC_b969b
/usr/bin/cmake -E cmake_link_script CMakeFiles/cmTC_b969b.dir/link.txt --verbose=1
/usr/bin/cc -fPIC -DCMAKE_HAVE_LIBC_PTHREAD    CMakeFiles/cmTC_b969b.dir/src.c.o  -o cmTC_b969b 
/usr/bin/ld: CMakeFiles/cmTC_b969b.dir/src.c.o: in function `main':
src.c:(.text+0x48): undefined reference to `pthread_create'
/usr/bin/ld: src.c:(.text+0x50): undefined reference to `pthread_detach'
/usr/bin/ld: src.c:(.text+0x5c): undefined reference to `pthread_join'
collect2: error: ld returned 1 exit status
make[1]: *** [CMakeFiles/cmTC_b969b.dir/build.make:87: cmTC_b969b] Error 1
make[1]: Leaving directory '/home/jetson/Downloads/ros1/build/usb_cam/CMakeFiles/CMakeTmp'
make: *** [Makefile:121: cmTC_b969b/fast] Error 2


Source file was:
#include <pthread.h>

void* test_func(void* data)
{
  return data;
}

int main(void)
{
  pthread_t thread;
  pthread_create(&thread, NULL, test_func, NULL);
  pthread_detach(thread);
  pthread_join(thread, NULL);
  pthread_atfork(NULL, NULL, NULL);
  pthread_exit(NULL);

  return 0;
}

Determining if the function pthread_create exists in the pthreads failed with the following output:
Change Dir: /home/jetson/Downloads/ros1/build/usb_cam/CMakeFiles/CMakeTmp

Run Build Command(s):/usr/bin/make cmTC_e54cc/fast && /usr/bin/make -f CMakeFiles/cmTC_e54cc.dir/build.make CMakeFiles/cmTC_e54cc.dir/build
make[1]: Entering directory '/home/jetson/Downloads/ros1/build/usb_cam/CMakeFiles/CMakeTmp'
Building C object CMakeFiles/cmTC_e54cc.dir/CheckFunctionExists.c.o
/usr/bin/cc   -fPIC -DCHECK_FUNCTION_EXISTS=pthread_create   -o CMakeFiles/cmTC_e54cc.dir/CheckFunctionExists.c.o   -c /usr/share/cmake-3.16/Modules/CheckFunctionExists.c
Linking C executable cmTC_e54cc
/usr/bin/cmake -E cmake_link_script CMakeFiles/cmTC_e54cc.dir/link.txt --verbose=1
/usr/bin/cc -fPIC -DCHECK_FUNCTION_EXISTS=pthread_create    CMakeFiles/cmTC_e54cc.dir/CheckFunctionExists.c.o  -o cmTC_e54cc  -lpthreads 
/usr/bin/ld: cannot find -lpthreads
collect2: error: ld returned 1 exit status
make[1]: *** [CMakeFiles/cmTC_e54cc.dir/build.make:87: cmTC_e54cc] Error 1
make[1]: Leaving directory '/home/jetson/Downloads/ros1/build/usb_cam/CMakeFiles/CMakeTmp'
make: *** [Makefile:121: cmTC_e54cc/fast] Error 2



