[0.107s] Invoking command in '/home/hnt/ldlidar_ros2_ws/build/ldlidar_stl_ros2': CMAKE_PREFIX_PATH=${CMAKE_PREFIX_PATH}:/opt/ros/foxy /usr/bin/cmake --build /home/hnt/ldlidar_ros2_ws/build/ldlidar_stl_ros2 -- -j4 -l4
[0.421s] [35m[1mScanning dependencies of target ldlidar_stl_ros2_node[0m
[0.571s] [ 12%] [32mBuilding CXX object CMakeFiles/ldlidar_stl_ros2_node.dir/src/demo.cpp.o[0m
[13.221s] [ 25%] [32m[1mLinking CXX executable ldlidar_stl_ros2_node[0m
[14.388s] [100%] Built target ldlidar_stl_ros2_node
[14.429s] Invoked command in '/home/hnt/ldlidar_ros2_ws/build/ldlidar_stl_ros2' returned '0': CMAKE_PREFIX_PATH=${CMAKE_PREFIX_PATH}:/opt/ros/foxy /usr/bin/cmake --build /home/hnt/ldlidar_ros2_ws/build/ldlidar_stl_ros2 -- -j4 -l4
[14.591s] Invoking command in '/home/hnt/ldlidar_ros2_ws/build/ldlidar_stl_ros2': CMAKE_PREFIX_PATH=${CMAKE_PREFIX_PATH}:/opt/ros/foxy /usr/bin/cmake --install /home/hnt/ldlidar_ros2_ws/build/ldlidar_stl_ros2
[14.632s] -- Install configuration: ""
[14.637s] -- Installing: /home/hnt/ldlidar_ros2_ws/install/ldlidar_stl_ros2/lib/ldlidar_stl_ros2/ldlidar_stl_ros2_node
[14.643s] -- Set runtime path of "/home/hnt/ldlidar_ros2_ws/install/ldlidar_stl_ros2/lib/ldlidar_stl_ros2/ldlidar_stl_ros2_node" to ""
[14.644s] -- Up-to-date: /home/hnt/ldlidar_ros2_ws/install/ldlidar_stl_ros2/share/ldlidar_stl_ros2//launch
[14.645s] -- Up-to-date: /home/hnt/ldlidar_ros2_ws/install/ldlidar_stl_ros2/share/ldlidar_stl_ros2//launch/stl27l.launch.py
[14.646s] -- Up-to-date: /home/hnt/ldlidar_ros2_ws/install/ldlidar_stl_ros2/share/ldlidar_stl_ros2//launch/ld19.launch.py
[14.646s] -- Up-to-date: /home/hnt/ldlidar_ros2_ws/install/ldlidar_stl_ros2/share/ldlidar_stl_ros2//launch/viewer_ld19.launch.py
[14.647s] -- Up-to-date: /home/hnt/ldlidar_ros2_ws/install/ldlidar_stl_ros2/share/ldlidar_stl_ros2//launch/viewer_ld06.launch.py
[14.647s] -- Up-to-date: /home/hnt/ldlidar_ros2_ws/install/ldlidar_stl_ros2/share/ldlidar_stl_ros2//launch/ld06.launch.py
[14.647s] -- Up-to-date: /home/hnt/ldlidar_ros2_ws/install/ldlidar_stl_ros2/share/ldlidar_stl_ros2//launch/viewer_stl27l.launch.py
[14.648s] -- Up-to-date: /home/hnt/ldlidar_ros2_ws/install/ldlidar_stl_ros2/share/ldlidar_stl_ros2//rviz2
[14.648s] -- Up-to-date: /home/hnt/ldlidar_ros2_ws/install/ldlidar_stl_ros2/share/ldlidar_stl_ros2//rviz2/ldlidar.rviz
[14.648s] -- Up-to-date: /home/hnt/ldlidar_ros2_ws/install/ldlidar_stl_ros2/share/ament_index/resource_index/package_run_dependencies/ldlidar_stl_ros2
[14.649s] -- Up-to-date: /home/hnt/ldlidar_ros2_ws/install/ldlidar_stl_ros2/share/ament_index/resource_index/parent_prefix_path/ldlidar_stl_ros2
[14.653s] -- Up-to-date: /home/hnt/ldlidar_ros2_ws/install/ldlidar_stl_ros2/share/ldlidar_stl_ros2/environment/ament_prefix_path.sh
[14.654s] -- Up-to-date: /home/hnt/ldlidar_ros2_ws/install/ldlidar_stl_ros2/share/ldlidar_stl_ros2/environment/ament_prefix_path.dsv
[14.654s] -- Up-to-date: /home/hnt/ldlidar_ros2_ws/install/ldlidar_stl_ros2/share/ldlidar_stl_ros2/environment/path.sh
[14.655s] -- Up-to-date: /home/hnt/ldlidar_ros2_ws/install/ldlidar_stl_ros2/share/ldlidar_stl_ros2/environment/path.dsv
[14.655s] -- Up-to-date: /home/hnt/ldlidar_ros2_ws/install/ldlidar_stl_ros2/share/ldlidar_stl_ros2/local_setup.bash
[14.656s] -- Up-to-date: /home/hnt/ldlidar_ros2_ws/install/ldlidar_stl_ros2/share/ldlidar_stl_ros2/local_setup.sh
[14.656s] -- Up-to-date: /home/hnt/ldlidar_ros2_ws/install/ldlidar_stl_ros2/share/ldlidar_stl_ros2/local_setup.zsh
[14.657s] -- Up-to-date: /home/hnt/ldlidar_ros2_ws/install/ldlidar_stl_ros2/share/ldlidar_stl_ros2/local_setup.dsv
[14.657s] -- Installing: /home/hnt/ldlidar_ros2_ws/install/ldlidar_stl_ros2/share/ldlidar_stl_ros2/package.dsv
[14.661s] -- Up-to-date: /home/hnt/ldlidar_ros2_ws/install/ldlidar_stl_ros2/share/ament_index/resource_index/packages/ldlidar_stl_ros2
[14.663s] -- Up-to-date: /home/hnt/ldlidar_ros2_ws/install/ldlidar_stl_ros2/share/ldlidar_stl_ros2/cmake/ldlidar_stl_ros2Config.cmake
[14.663s] -- Up-to-date: /home/hnt/ldlidar_ros2_ws/install/ldlidar_stl_ros2/share/ldlidar_stl_ros2/cmake/ldlidar_stl_ros2Config-version.cmake
[14.663s] -- Up-to-date: /home/hnt/ldlidar_ros2_ws/install/ldlidar_stl_ros2/share/ldlidar_stl_ros2/package.xml
[14.671s] Invoked command in '/home/hnt/ldlidar_ros2_ws/build/ldlidar_stl_ros2' returned '0': CMAKE_PREFIX_PATH=${CMAKE_PREFIX_PATH}:/opt/ros/foxy /usr/bin/cmake --install /home/hnt/ldlidar_ros2_ws/build/ldlidar_stl_ros2
